Added Pin To Net: NetName=+5 Pin=CADC1-1
Added Pin To Net: NetName=+5 Pin=CADC2-1
Added Pin To Net: NetName=+5 Pin=CADC3-1
Added Pin To Net: NetName=+5 Pin=CDAC4-1
Added Pin To Net: NetName=+5 Pin=CDAC5-1
Added Pin To Net: NetName=+5 Pin=CP5-1
Added Pin To Net: NetName=+5 Pin=CP6-2
Added Pin To Net: NetName=+5 Pin=RIS35-2
Added Pin To Net: NetName=+5 Pin=UADC1-14
Added Pin To Net: NetName=+5 Pin=UADC2-1
Added Pin To Net: NetName=+5 Pin=UDAC1-11
Added Pin To Net: NetName=+5 Pin=UP2-2
Added Pin To Net: NetName=+5 Pin=UP2-2
Added Net: Name=+5
Added Pin To Net: NetName=+12 Pin=*-4
Added Pin To Net: NetName=+12 Pin=CIS32-2
Added Pin To Net: NetName=+12 Pin=COS15-2
Added Pin To Net: NetName=+12 Pin=COS25-2
Added Pin To Net: NetName=+12 Pin=CP2-1
Added Pin To Net: NetName=+12 Pin=DP1-1
Added Pin To Net: NetName=+12 Pin=UOS1-8
Added Pin To Net: NetName=+12 Pin=UOS2-8
Added Pin To Net: NetName=+12 Pin=UP1-3
Added Pin To Net: NetName=+12 Pin=UP2-3
Added Net: Name=+12
Added Pin To Net: NetName=-12 Pin=*-11
Added Pin To Net: NetName=-12 Pin=CIS33-2
Added Pin To Net: NetName=-12 Pin=COS16-2
Added Pin To Net: NetName=-12 Pin=COS26-2
Added Pin To Net: NetName=-12 Pin=CP1-2
Added Pin To Net: NetName=-12 Pin=DP2-2
Added Pin To Net: NetName=-12 Pin=UOS1-4
Added Pin To Net: NetName=-12 Pin=UOS2-4
Added Net: Name=-12
Added Pin To Net: NetName=3V3 Pin=CM4-2
Added Pin To Net: NetName=3V3 Pin=CM5-2
Added Pin To Net: NetName=3V3 Pin=CP3-1
Added Pin To Net: NetName=3V3 Pin=CP4-2
Added Pin To Net: NetName=3V3 Pin=PM1-1
Added Pin To Net: NetName=3V3 Pin=PM2-1
Added Pin To Net: NetName=3V3 Pin=RD12-2
Added Pin To Net: NetName=3V3 Pin=RD22-2
Added Pin To Net: NetName=3V3 Pin=RD32-2
Added Pin To Net: NetName=3V3 Pin=RD42-2
Added Pin To Net: NetName=3V3 Pin=RD52-2
Added Pin To Net: NetName=3V3 Pin=RD62-2
Added Pin To Net: NetName=3V3 Pin=RM1-1
Added Pin To Net: NetName=3V3 Pin=RM3-1
Added Pin To Net: NetName=3V3 Pin=RM4-1
Added Pin To Net: NetName=3V3 Pin=RM5-1
Added Pin To Net: NetName=3V3 Pin=RM6-1
Added Pin To Net: NetName=3V3 Pin=SJM1-3
Added Pin To Net: NetName=3V3 Pin=SJM2-3
Added Pin To Net: NetName=3V3 Pin=UM1-1
Added Pin To Net: NetName=3V3 Pin=UM1-13
Added Pin To Net: NetName=3V3 Pin=UM1-19
Added Pin To Net: NetName=3V3 Pin=UM1-32
Added Pin To Net: NetName=3V3 Pin=UM1-48
Added Pin To Net: NetName=3V3 Pin=UM1-64
Added Pin To Net: NetName=3V3 Pin=UP1-2
Added Pin To Net: NetName=3V3 Pin=UP1-2
Added Net: Name=3V3
Added Pin To Net: NetName=ADC_CLK Pin=UADC1-11
Added Pin To Net: NetName=ADC_CLK Pin=UM1-21
Added Net: Name=ADC_CLK
Added Pin To Net: NetName=ADC_CS Pin=UADC1-8
Added Pin To Net: NetName=ADC_CS Pin=UM1-24
Added Net: Name=ADC_CS
Added Pin To Net: NetName=ADC_MISO Pin=UADC1-10
Added Pin To Net: NetName=ADC_MISO Pin=UM1-22
Added Net: Name=ADC_MISO
Added Pin To Net: NetName=ADC_MOSI Pin=UADC1-9
Added Pin To Net: NetName=ADC_MOSI Pin=UM1-23
Added Net: Name=ADC_MOSI
Added Pin To Net: NetName=AGND Pin=*-3
Added Pin To Net: NetName=AGND Pin=*-5
Added Pin To Net: NetName=AGND Pin=*-9
Added Pin To Net: NetName=AGND Pin=*-13
Added Pin To Net: NetName=AGND Pin=*?-3
Added Pin To Net: NetName=AGND Pin=*?-5
Added Pin To Net: NetName=AGND Pin=CADC1-2
Added Pin To Net: NetName=AGND Pin=CADC2-2
Added Pin To Net: NetName=AGND Pin=CADC3-2
Added Pin To Net: NetName=AGND Pin=CADC4-2
Added Pin To Net: NetName=AGND Pin=CD11-1
Added Pin To Net: NetName=AGND Pin=CD21-1
Added Pin To Net: NetName=AGND Pin=CD31-1
Added Pin To Net: NetName=AGND Pin=CD41-1
Added Pin To Net: NetName=AGND Pin=CD51-1
Added Pin To Net: NetName=AGND Pin=CD61-1
Added Pin To Net: NetName=AGND Pin=CDAC3-1
Added Pin To Net: NetName=AGND Pin=CDAC4-2
Added Pin To Net: NetName=AGND Pin=CDAC5-2
Added Pin To Net: NetName=AGND Pin=CIS32-1
Added Pin To Net: NetName=AGND Pin=CIS33-1
Added Pin To Net: NetName=AGND Pin=COS11-1
Added Pin To Net: NetName=AGND Pin=COS15-1
Added Pin To Net: NetName=AGND Pin=COS16-1
Added Pin To Net: NetName=AGND Pin=COS21-1
Added Pin To Net: NetName=AGND Pin=COS25-1
Added Pin To Net: NetName=AGND Pin=COS26-1
Added Pin To Net: NetName=AGND Pin=J02-1
Added Pin To Net: NetName=AGND Pin=JI1-1
Added Pin To Net: NetName=AGND Pin=JI2-1
Added Pin To Net: NetName=AGND Pin=JI3-1
Added Pin To Net: NetName=AGND Pin=JI4-1
Added Pin To Net: NetName=AGND Pin=JO1-1
Added Pin To Net: NetName=AGND Pin=NT1-2
Added Pin To Net: NetName=AGND Pin=RD11-1
Added Pin To Net: NetName=AGND Pin=RD21-1
Added Pin To Net: NetName=AGND Pin=RD31-1
Added Pin To Net: NetName=AGND Pin=RD41-1
Added Pin To Net: NetName=AGND Pin=RD51-1
Added Pin To Net: NetName=AGND Pin=RD61-1
Added Pin To Net: NetName=AGND Pin=RIS35-1
Added Pin To Net: NetName=AGND Pin=RIS43-1
Added Pin To Net: NetName=AGND Pin=RM3-3
Added Pin To Net: NetName=AGND Pin=RM4-3
Added Pin To Net: NetName=AGND Pin=RM5-3
Added Pin To Net: NetName=AGND Pin=RM6-3
Added Pin To Net: NetName=AGND Pin=UADC1-12
Added Pin To Net: NetName=AGND Pin=UADC2-3
Added Pin To Net: NetName=AGND Pin=UDAC1-12
Added Pin To Net: NetName=AGND Pin=UM1-12
Added Pin To Net: NetName=AGND Pin=UOS1-3
Added Pin To Net: NetName=AGND Pin=UOS1-5
Added Pin To Net: NetName=AGND Pin=UOS2-3
Added Pin To Net: NetName=AGND Pin=UOS2-5
Added Net: Name=AGND
Added Pin To Net: NetName=AUDIO_OUT_1_SWITCH Pin=CD11-2
Added Pin To Net: NetName=AUDIO_OUT_1_SWITCH Pin=RD13-2
Added Pin To Net: NetName=AUDIO_OUT_1_SWITCH Pin=UM1-57
Added Net: Name=AUDIO_OUT_1_SWITCH
Added Pin To Net: NetName=AUDIO_OUT_1 Pin=JO1-3
Added Pin To Net: NetName=AUDIO_OUT_1 Pin=RD11-2
Added Pin To Net: NetName=AUDIO_OUT_1 Pin=ROS16-2
Added Pin To Net: NetName=AUDIO_OUT_1 Pin=ROS17-2
Added Net: Name=AUDIO_OUT_1
Added Pin To Net: NetName=AUDIO_OUT_2_SWITCH Pin=CD21-2
Added Pin To Net: NetName=AUDIO_OUT_2_SWITCH Pin=RD23-2
Added Pin To Net: NetName=AUDIO_OUT_2_SWITCH Pin=UM1-58
Added Net: Name=AUDIO_OUT_2_SWITCH
Added Pin To Net: NetName=AUDIO_OUT_2 Pin=J02-3
Added Pin To Net: NetName=AUDIO_OUT_2 Pin=RD21-2
Added Pin To Net: NetName=AUDIO_OUT_2 Pin=ROS26-2
Added Pin To Net: NetName=AUDIO_OUT_2 Pin=ROS27-2
Added Net: Name=AUDIO_OUT_2
Added Pin To Net: NetName=BOOT0 Pin=SJM1-2
Added Pin To Net: NetName=BOOT0 Pin=UM1-60
Added Net: Name=BOOT0
Added Pin To Net: NetName=BOOT1 Pin=SJM2-2
Added Pin To Net: NetName=BOOT1 Pin=UM1-28
Added Net: Name=BOOT1
Added Pin To Net: NetName=DAC_CLK_IC Pin=RDAC1:4-4
Added Pin To Net: NetName=DAC_CLK_IC Pin=UDAC1-5
Added Net: Name=DAC_CLK_IC
Added Pin To Net: NetName=DAC_CLK Pin=RDAC1:4-5
Added Pin To Net: NetName=DAC_CLK Pin=UM1-37
Added Net: Name=DAC_CLK
Added Pin To Net: NetName=DAC_DEMP0 Pin=UDAC1-2
Added Pin To Net: NetName=DAC_DEMP0 Pin=UM1-39
Added Net: Name=DAC_DEMP0
Added Pin To Net: NetName=DAC_DEMP1 Pin=UDAC1-3
Added Pin To Net: NetName=DAC_DEMP1 Pin=UM1-38
Added Net: Name=DAC_DEMP1
Added Pin To Net: NetName=DAC_FORMAT Pin=UDAC1-1
Added Pin To Net: NetName=DAC_FORMAT Pin=UM1-40
Added Net: Name=DAC_FORMAT
Added Pin To Net: NetName=DAC_MUTE Pin=UDAC1-4
Added Net: Name=DAC_MUTE
Added Pin To Net: NetName=DGND Pin=CM1-1
Added Pin To Net: NetName=DGND Pin=CM2-1
Added Pin To Net: NetName=DGND Pin=CM3-1
Added Pin To Net: NetName=DGND Pin=CM4-1
Added Pin To Net: NetName=DGND Pin=CM5-1
Added Pin To Net: NetName=DGND Pin=DM1-2
Added Pin To Net: NetName=DGND Pin=DM2-2
Added Pin To Net: NetName=DGND Pin=DM3-2
Added Pin To Net: NetName=DGND Pin=DM4-2
Added Pin To Net: NetName=DGND Pin=DM5-2
Added Pin To Net: NetName=DGND Pin=DM6-2
Added Pin To Net: NetName=DGND Pin=NT2-2
Added Pin To Net: NetName=DGND Pin=PM1-3
Added Pin To Net: NetName=DGND Pin=PM1-5
Added Pin To Net: NetName=DGND Pin=PM1-9
Added Pin To Net: NetName=DGND Pin=PM2-4
Added Pin To Net: NetName=DGND Pin=SJM1-1
Added Pin To Net: NetName=DGND Pin=SJM2-1
Added Pin To Net: NetName=DGND Pin=SM1-1
Added Pin To Net: NetName=DGND Pin=UADC1-7
Added Pin To Net: NetName=DGND Pin=UM1-18
Added Pin To Net: NetName=DGND Pin=UM1-31
Added Pin To Net: NetName=DGND Pin=UM1-47
Added Pin To Net: NetName=DGND Pin=UM1-63
Added Pin To Net: NetName=DGND Pin=XM1-2
Added Pin To Net: NetName=DGND Pin=XM1-4
Added Net: Name=DGND
Added Pin To Net: NetName=FM_CV_OUT Pin=*?-7
Added Pin To Net: NetName=FM_CV_OUT Pin=CIS31-2
Added Pin To Net: NetName=FM_CV_OUT Pin=RIS34-2
Added Pin To Net: NetName=FM_CV_OUT Pin=UADC1-2
Added Net: Name=FM_CV_OUT
Added Pin To Net: NetName=FM_CV_SWITCH Pin=CD41-2
Added Pin To Net: NetName=FM_CV_SWITCH Pin=RD43-2
Added Pin To Net: NetName=FM_CV_SWITCH Pin=UM1-61
Added Net: Name=FM_CV_SWITCH
Added Pin To Net: NetName=FM_CV Pin=JI2-3
Added Pin To Net: NetName=FM_CV Pin=RD41-2
Added Pin To Net: NetName=FM_CV Pin=RIS31-1
Added Net: Name=FM_CV
Added Pin To Net: NetName=GATE_IN_OUT Pin=RIS42-1
Added Pin To Net: NetName=GATE_IN_OUT Pin=RIS43-2
Added Pin To Net: NetName=GATE_IN_OUT Pin=UADC1-4
Added Net: Name=GATE_IN_OUT
Added Pin To Net: NetName=GATE_IN_SWITCH Pin=CD61-2
Added Pin To Net: NetName=GATE_IN_SWITCH Pin=RD63-2
Added Pin To Net: NetName=GATE_IN_SWITCH Pin=UM1-62
Added Net: Name=GATE_IN_SWITCH
Added Pin To Net: NetName=GATE_IN Pin=JI4-3
Added Pin To Net: NetName=GATE_IN Pin=RD61-2
Added Pin To Net: NetName=GATE_IN Pin=RIS41-1
Added Net: Name=GATE_IN
Added Pin To Net: NetName=GND Pin=CP1-1
Added Pin To Net: NetName=GND Pin=CP2-2
Added Pin To Net: NetName=GND Pin=CP3-2
Added Pin To Net: NetName=GND Pin=CP4-1
Added Pin To Net: NetName=GND Pin=CP5-2
Added Pin To Net: NetName=GND Pin=CP6-1
Added Pin To Net: NetName=GND Pin=NT1-1
Added Pin To Net: NetName=GND Pin=NT2-1
Added Pin To Net: NetName=GND Pin=PP1-3
Added Pin To Net: NetName=GND Pin=PP1-4
Added Pin To Net: NetName=GND Pin=PP1-5
Added Pin To Net: NetName=GND Pin=PP1-6
Added Pin To Net: NetName=GND Pin=PP1-7
Added Pin To Net: NetName=GND Pin=PP1-8
Added Pin To Net: NetName=GND Pin=UP1-1
Added Pin To Net: NetName=GND Pin=UP2-1
Added Net: Name=GND
Added Pin To Net: NetName=I2S2_CK_IC Pin=RDAC1:4-2
Added Pin To Net: NetName=I2S2_CK_IC Pin=UDAC1-7
Added Net: Name=I2S2_CK_IC
Added Pin To Net: NetName=I2S2_CK Pin=RDAC1:4-7
Added Pin To Net: NetName=I2S2_CK Pin=UM1-34
Added Net: Name=I2S2_CK
Added Pin To Net: NetName=I2S2_SD_IC Pin=RDAC1:4-3
Added Pin To Net: NetName=I2S2_SD_IC Pin=UDAC1-6
Added Net: Name=I2S2_SD_IC
Added Pin To Net: NetName=I2S2_SD Pin=RDAC1:4-6
Added Pin To Net: NetName=I2S2_SD Pin=UM1-36
Added Net: Name=I2S2_SD
Added Pin To Net: NetName=I2S2_WS_IC Pin=RDAC1:4-1
Added Pin To Net: NetName=I2S2_WS_IC Pin=UDAC1-8
Added Net: Name=I2S2_WS_IC
Added Pin To Net: NetName=I2S2_WS Pin=RDAC1:4-8
Added Pin To Net: NetName=I2S2_WS Pin=UM1-33
Added Net: Name=I2S2_WS
Added Pin To Net: NetName=IN3_SWITCH Pin=CD51-2
Added Pin To Net: NetName=IN3_SWITCH Pin=RD53-2
Added Pin To Net: NetName=IN3_SWITCH Pin=UM1-54
Added Net: Name=IN3_SWITCH
Added Pin To Net: NetName=IN3 Pin=JI3-3
Added Pin To Net: NetName=IN3 Pin=RD51-2
Added Pin To Net: NetName=IN3 Pin=RIS21-1
Added Net: Name=IN3
Added Pin To Net: NetName=JTAG_RST Pin=RM14-2
Added Pin To Net: NetName=JTAG_RST Pin=UM1-56
Added Net: Name=JTAG_RST
Added Pin To Net: NetName=JTAG_TCK-SWCLK Pin=PM1-4
Added Pin To Net: NetName=JTAG_TCK-SWCLK Pin=UM1-49
Added Net: Name=JTAG_TCK-SWCLK
Added Pin To Net: NetName=JTAG_TDI Pin=UM1-50
Added Net: Name=JTAG_TDI
Added Pin To Net: NetName=JTAG_TDO-TRACESWO Pin=PM1-6
Added Pin To Net: NetName=JTAG_TDO-TRACESWO Pin=UM1-55
Added Net: Name=JTAG_TDO-TRACESWO
Added Pin To Net: NetName=JTAG_TMS-SWDIO Pin=PM1-2
Added Pin To Net: NetName=JTAG_TMS-SWDIO Pin=UM1-46
Added Net: Name=JTAG_TMS-SWDIO
Added Pin To Net: NetName=LED1 Pin=RM7-1
Added Pin To Net: NetName=LED1 Pin=UM1-8
Added Net: Name=LED1
Added Pin To Net: NetName=LED2 Pin=RM8-1
Added Pin To Net: NetName=LED2 Pin=UM1-9
Added Net: Name=LED2
Added Pin To Net: NetName=LED3 Pin=RM9-1
Added Pin To Net: NetName=LED3 Pin=UM1-10
Added Net: Name=LED3
Added Pin To Net: NetName=LED4 Pin=RM10-1
Added Pin To Net: NetName=LED4 Pin=UM1-11
Added Net: Name=LED4
Added Pin To Net: NetName=LED5 Pin=RM11-1
Added Pin To Net: NetName=LED5 Pin=UM1-14
Added Net: Name=LED5
Added Pin To Net: NetName=LED6 Pin=RM12-1
Added Pin To Net: NetName=LED6 Pin=UM1-15
Added Net: Name=LED6
Added Pin To Net: NetName=Net*?_1 Pin=*?-1
Added Pin To Net: NetName=Net*?_1 Pin=RIS32-2
Added Pin To Net: NetName=Net*?_1 Pin=RIS33-1
Added Net: Name=Net*?_1
Added Pin To Net: NetName=Net*?_2 Pin=*?-2
Added Pin To Net: NetName=Net*?_2 Pin=RIS31-2
Added Pin To Net: NetName=Net*?_2 Pin=RIS32-1
Added Pin To Net: NetName=Net*?_2 Pin=RIS36-2
Added Net: Name=Net*?_2
Added Pin To Net: NetName=Net*?_6 Pin=*?-6
Added Pin To Net: NetName=Net*?_6 Pin=CIS31-1
Added Pin To Net: NetName=Net*?_6 Pin=RIS33-2
Added Pin To Net: NetName=Net*?_6 Pin=RIS34-1
Added Net: Name=Net*?_6
Added Pin To Net: NetName=Net*_1 Pin=*-1
Added Pin To Net: NetName=Net*_1 Pin=RIS12-2
Added Pin To Net: NetName=Net*_1 Pin=RIS13-1
Added Net: Name=Net*_1
Added Pin To Net: NetName=Net*_2 Pin=*-2
Added Pin To Net: NetName=Net*_2 Pin=RIS11-2
Added Pin To Net: NetName=Net*_2 Pin=RIS12-1
Added Net: Name=Net*_2
Added Pin To Net: NetName=Net*_6 Pin=*-6
Added Pin To Net: NetName=Net*_6 Pin=CIS11-1
Added Pin To Net: NetName=Net*_6 Pin=RIS13-2
Added Pin To Net: NetName=Net*_6 Pin=RIS14-1
Added Net: Name=Net*_6
Added Pin To Net: NetName=Net*_8 Pin=*-8
Added Pin To Net: NetName=Net*_8 Pin=RIS22-2
Added Pin To Net: NetName=Net*_8 Pin=RIS23-1
Added Net: Name=Net*_8
Added Pin To Net: NetName=Net*_10 Pin=*-10
Added Pin To Net: NetName=Net*_10 Pin=RIS21-2
Added Pin To Net: NetName=Net*_10 Pin=RIS22-1
Added Net: Name=Net*_10
Added Pin To Net: NetName=Net*_12 Pin=*-12
Added Pin To Net: NetName=Net*_12 Pin=CIS21-1
Added Pin To Net: NetName=Net*_12 Pin=RIS23-2
Added Pin To Net: NetName=Net*_12 Pin=RIS24-1
Added Net: Name=Net*_12
Added Pin To Net: NetName=NetCDAC1_2 Pin=CDAC1-2
Added Pin To Net: NetName=NetCDAC1_2 Pin=ROS11-1
Added Net: Name=NetCDAC1_2
Added Pin To Net: NetName=NetCDAC2_2 Pin=CDAC2-2
Added Pin To Net: NetName=NetCDAC2_2 Pin=ROS21-1
Added Net: Name=NetCDAC2_2
Added Pin To Net: NetName=NetCOS11_2 Pin=COS11-2
Added Pin To Net: NetName=NetCOS11_2 Pin=ROS11-2
Added Pin To Net: NetName=NetCOS11_2 Pin=ROS12-1
Added Pin To Net: NetName=NetCOS11_2 Pin=ROS13-1
Added Net: Name=NetCOS11_2
Added Pin To Net: NetName=NetCOS12_1 Pin=COS12-1
Added Pin To Net: NetName=NetCOS12_1 Pin=ROS12-2
Added Pin To Net: NetName=NetCOS12_1 Pin=UOS1-2
Added Net: Name=NetCOS12_1
Added Pin To Net: NetName=NetCOS12_2 Pin=COS12-2
Added Pin To Net: NetName=NetCOS12_2 Pin=COS13-1
Added Pin To Net: NetName=NetCOS12_2 Pin=ROS13-2
Added Pin To Net: NetName=NetCOS12_2 Pin=UOS1-1
Added Net: Name=NetCOS12_2
Added Pin To Net: NetName=NetCOS13_2 Pin=COS13-2
Added Pin To Net: NetName=NetCOS13_2 Pin=ROS14-1
Added Net: Name=NetCOS13_2
Added Pin To Net: NetName=NetCOS14_1 Pin=COS14-1
Added Pin To Net: NetName=NetCOS14_1 Pin=ROS15-3
Added Pin To Net: NetName=NetCOS14_1 Pin=ROS16-1
Added Pin To Net: NetName=NetCOS14_1 Pin=UOS1-6
Added Net: Name=NetCOS14_1
Added Pin To Net: NetName=NetCOS14_2 Pin=COS14-2
Added Pin To Net: NetName=NetCOS14_2 Pin=ROS17-1
Added Pin To Net: NetName=NetCOS14_2 Pin=UOS1-7
Added Net: Name=NetCOS14_2
Added Pin To Net: NetName=NetCOS21_2 Pin=COS21-2
Added Pin To Net: NetName=NetCOS21_2 Pin=ROS21-2
Added Pin To Net: NetName=NetCOS21_2 Pin=ROS22-1
Added Pin To Net: NetName=NetCOS21_2 Pin=ROS23-1
Added Net: Name=NetCOS21_2
Added Pin To Net: NetName=NetCOS22_1 Pin=COS22-1
Added Pin To Net: NetName=NetCOS22_1 Pin=ROS22-2
Added Pin To Net: NetName=NetCOS22_1 Pin=UOS2-2
Added Net: Name=NetCOS22_1
Added Pin To Net: NetName=NetCOS22_2 Pin=COS22-2
Added Pin To Net: NetName=NetCOS22_2 Pin=COS23-1
Added Pin To Net: NetName=NetCOS22_2 Pin=ROS23-2
Added Pin To Net: NetName=NetCOS22_2 Pin=UOS2-1
Added Net: Name=NetCOS22_2
Added Pin To Net: NetName=NetCOS23_2 Pin=COS23-2
Added Pin To Net: NetName=NetCOS23_2 Pin=ROS24-1
Added Net: Name=NetCOS23_2
Added Pin To Net: NetName=NetCOS24_1 Pin=COS24-1
Added Pin To Net: NetName=NetCOS24_1 Pin=ROS25-3
Added Pin To Net: NetName=NetCOS24_1 Pin=ROS26-1
Added Pin To Net: NetName=NetCOS24_1 Pin=UOS2-6
Added Net: Name=NetCOS24_1
Added Pin To Net: NetName=NetCOS24_2 Pin=COS24-2
Added Pin To Net: NetName=NetCOS24_2 Pin=ROS27-1
Added Pin To Net: NetName=NetCOS24_2 Pin=UOS2-7
Added Net: Name=NetCOS24_2
Added Pin To Net: NetName=NetDM1_1 Pin=DM1-1
Added Pin To Net: NetName=NetDM1_1 Pin=RM7-2
Added Net: Name=NetDM1_1
Added Pin To Net: NetName=NetDM2_1 Pin=DM2-1
Added Pin To Net: NetName=NetDM2_1 Pin=RM8-2
Added Net: Name=NetDM2_1
Added Pin To Net: NetName=NetDM3_1 Pin=DM3-1
Added Pin To Net: NetName=NetDM3_1 Pin=RM9-2
Added Net: Name=NetDM3_1
Added Pin To Net: NetName=NetDM4_1 Pin=DM4-1
Added Pin To Net: NetName=NetDM4_1 Pin=RM10-2
Added Net: Name=NetDM4_1
Added Pin To Net: NetName=NetDM5_1 Pin=DM5-1
Added Pin To Net: NetName=NetDM5_1 Pin=RM11-2
Added Net: Name=NetDM5_1
Added Pin To Net: NetName=NetDM6_1 Pin=DM6-1
Added Pin To Net: NetName=NetDM6_1 Pin=RM12-2
Added Net: Name=NetDM6_1
Added Pin To Net: NetName=NetDP1_2 Pin=DP1-2
Added Pin To Net: NetName=NetDP1_2 Pin=PP1-1
Added Pin To Net: NetName=NetDP1_2 Pin=PP1-2
Added Net: Name=NetDP1_2
Added Pin To Net: NetName=NetDP2_1 Pin=DP2-1
Added Pin To Net: NetName=NetDP2_1 Pin=PP1-9
Added Pin To Net: NetName=NetDP2_1 Pin=PP1-10
Added Net: Name=NetDP2_1
Added Pin To Net: NetName=NetJ02_2 Pin=J02-2
Added Pin To Net: NetName=NetJ02_2 Pin=RD22-1
Added Pin To Net: NetName=NetJ02_2 Pin=RD23-1
Added Net: Name=NetJ02_2
Added Pin To Net: NetName=NetJI1_2 Pin=JI1-2
Added Pin To Net: NetName=NetJI1_2 Pin=RD32-1
Added Pin To Net: NetName=NetJI1_2 Pin=RD33-1
Added Net: Name=NetJI1_2
Added Pin To Net: NetName=NetJI2_2 Pin=JI2-2
Added Pin To Net: NetName=NetJI2_2 Pin=RD42-1
Added Pin To Net: NetName=NetJI2_2 Pin=RD43-1
Added Net: Name=NetJI2_2
Added Pin To Net: NetName=NetJI3_2 Pin=JI3-2
Added Pin To Net: NetName=NetJI3_2 Pin=RD52-1
Added Pin To Net: NetName=NetJI3_2 Pin=RD53-1
Added Net: Name=NetJI3_2
Added Pin To Net: NetName=NetJI4_2 Pin=JI4-2
Added Pin To Net: NetName=NetJI4_2 Pin=RD62-1
Added Pin To Net: NetName=NetJI4_2 Pin=RD63-1
Added Net: Name=NetJI4_2
Added Pin To Net: NetName=NetJO1_2 Pin=JO1-2
Added Pin To Net: NetName=NetJO1_2 Pin=RD12-1
Added Pin To Net: NetName=NetJO1_2 Pin=RD13-1
Added Net: Name=NetJO1_2
Added Pin To Net: NetName=NetPM1_10 Pin=PM1-10
Added Pin To Net: NetName=NetPM1_10 Pin=RM13-1
Added Pin To Net: NetName=NetPM1_10 Pin=RM14-1
Added Net: Name=NetPM1_10
Added Pin To Net: NetName=NetRIS35_3 Pin=RIS35-3
Added Pin To Net: NetName=NetRIS35_3 Pin=RIS36-1
Added Net: Name=NetRIS35_3
Added Pin To Net: NetName=NetRIS41_2 Pin=RIS41-2
Added Pin To Net: NetName=NetRIS41_2 Pin=RIS42-2
Added Net: Name=NetRIS41_2
Added Pin To Net: NetName=NetROS14_2 Pin=ROS14-2
Added Pin To Net: NetName=NetROS14_2 Pin=ROS15-2
Added Net: Name=NetROS14_2
Added Pin To Net: NetName=NetROS24_2 Pin=ROS24-2
Added Pin To Net: NetName=NetROS24_2 Pin=ROS25-2
Added Net: Name=NetROS24_2
Added Pin To Net: NetName=NRESET Pin=CM1-2
Added Pin To Net: NetName=NRESET Pin=RM1-2
Added Pin To Net: NetName=NRESET Pin=RM13-2
Added Pin To Net: NetName=NRESET Pin=SM1-2
Added Pin To Net: NetName=NRESET Pin=UM1-7
Added Net: Name=NRESET
Added Pin To Net: NetName=OSC_IN Pin=CM2-2
Added Pin To Net: NetName=OSC_IN Pin=RM2-1
Added Pin To Net: NetName=OSC_IN Pin=UM1-5
Added Pin To Net: NetName=OSC_IN Pin=XM1-3
Added Net: Name=OSC_IN
Added Pin To Net: NetName=OSC_OUT Pin=CM3-2
Added Pin To Net: NetName=OSC_OUT Pin=RM2-2
Added Pin To Net: NetName=OSC_OUT Pin=UM1-6
Added Pin To Net: NetName=OSC_OUT Pin=XM1-1
Added Net: Name=OSC_OUT
Added Pin To Net: NetName=OUT_1 Pin=CDAC1-1
Added Pin To Net: NetName=OUT_1 Pin=UDAC1-14
Added Net: Name=OUT_1
Added Pin To Net: NetName=OUT_2 Pin=CDAC2-1
Added Pin To Net: NetName=OUT_2 Pin=UDAC1-15
Added Net: Name=OUT_2
Added Pin To Net: NetName=PITCH_CV_OUT Pin=*-7
Added Pin To Net: NetName=PITCH_CV_OUT Pin=CIS11-2
Added Pin To Net: NetName=PITCH_CV_OUT Pin=RIS14-2
Added Pin To Net: NetName=PITCH_CV_OUT Pin=UADC1-1
Added Net: Name=PITCH_CV_OUT
Added Pin To Net: NetName=PITCH_CV_SWITCH Pin=CD31-2
Added Pin To Net: NetName=PITCH_CV_SWITCH Pin=RD33-2
Added Pin To Net: NetName=PITCH_CV_SWITCH Pin=UM1-59
Added Net: Name=PITCH_CV_SWITCH
Added Pin To Net: NetName=PITCH_CV Pin=JI1-3
Added Pin To Net: NetName=PITCH_CV Pin=RD31-2
Added Pin To Net: NetName=PITCH_CV Pin=RIS11-1
Added Net: Name=PITCH_CV
Added Pin To Net: NetName=Pot1 Pin=RM3-2
Added Pin To Net: NetName=Pot1 Pin=UM1-43
Added Net: Name=Pot1
Added Pin To Net: NetName=Pot2 Pin=RM4-2
Added Pin To Net: NetName=Pot2 Pin=UM1-44
Added Net: Name=Pot2
Added Pin To Net: NetName=Pot3 Pin=RM5-2
Added Pin To Net: NetName=Pot3 Pin=UM1-16
Added Net: Name=Pot3
Added Pin To Net: NetName=Pot4 Pin=RM6-2
Added Pin To Net: NetName=Pot4 Pin=UM1-17
Added Net: Name=Pot4
Added Pin To Net: NetName=PWM_CV_OUT Pin=*-14
Added Pin To Net: NetName=PWM_CV_OUT Pin=CIS21-2
Added Pin To Net: NetName=PWM_CV_OUT Pin=RIS24-2
Added Pin To Net: NetName=PWM_CV_OUT Pin=UADC1-3
Added Net: Name=PWM_CV_OUT
Added Pin To Net: NetName=RX Pin=PM2-2
Added Pin To Net: NetName=RX Pin=UM1-52
Added Net: Name=RX
Added Pin To Net: NetName=TX Pin=PM2-3
Added Pin To Net: NetName=TX Pin=UM1-53
Added Net: Name=TX
Added Pin To Net: NetName=VCOM Pin=CDAC3-2
Added Pin To Net: NetName=VCOM Pin=UDAC1-13
Added Net: Name=VCOM
Added Pin To Net: NetName=VREF Pin=CADC4-1
Added Pin To Net: NetName=VREF Pin=UADC1-13
Added Pin To Net: NetName=VREF Pin=UADC2-2
Added Net: Name=VREF
Added Pin To Net: NetName=ZERO_FLAG Pin=UDAC1-16
Added Net: Name=ZERO_FLAG
Added Member To Class: ClassName=U_Input_stages Member=Component *? TL074
