Removed Pin From Net: NetName=Pot1 Pin=RM3-2
Removed Pin From Net: NetName=AGND Pin=RM3-3
Removed Pin From Net: NetName=3V3 Pin=RM4-1
Removed Pin From Net: NetName=AGND Pin=RM4-3
Removed Pin From Net: NetName=3V3 Pin=RM5-1
Removed Pin From Net: NetName=Pot3 Pin=RM5-2
Removed Pin From Net: NetName=AGND Pin=RM5-3
Removed Pin From Net: NetName=3V3 Pin=RM6-1
Removed Pin From Net: NetName=Pot4 Pin=RM6-2
Removed Pin From Net: NetName=AGND Pin=RM6-3
Removed Pin From Net: NetName=AGND Pin=UM1-12
Removed Member From Class: ClassName=U_Micro Member=RM5
Removed Member From Class: ClassName=U_Micro Member=RM6
Change Component Footprint: Designator=RM3 Old Footprint=HDR1X3 New Footprint=HDR1X2
Change Component Footprint: Designator=RM4 Old Footprint=HDR1X3 New Footprint=HDR1X4
Change Component Comment : Designator=RM3 Old Comment=Header 3 New Comment=Header 2
Change Component Comment : Designator=RM4 Old Comment=Header 3 New Comment=Header 4
Added Pin To Net: NetName=DGND Pin=RM3-2
Added Pin To Net: NetName=Pot1 Pin=RM4-1
Added Pin To Net: NetName=Pot3 Pin=RM4-3
Added Pin To Net: NetName=Pot4 Pin=RM4-4
Added Pin To Net: NetName=DGND Pin=UM1-12
Added Member To Class: ClassName=U_Input_stages Member=Component *? TL074
