Added Component: Designator=C1(CAPPRB508-450x850)
Add component. Clean all parameters for all variants
Add component (AddParameter): Name = "Author"; Value = "CERN DEM JLC"; VariantName = "[No Variations]"
Add component (AddParameter): Name = "Case"; Value = "LS5.08 D4.5 x H8.5"; VariantName = "[No Variations]"
Add component (AddParameter): Name = "ComponentHeight"; Value = "8.5mm"; VariantName = "[No Variations]"
Add component (AddParameter): Name = "Component Type"; Value = "Standard"; VariantName = "[No Variations]"
Add component (AddParameter): Name = "CreateDate"; Value = "19/08/2010"; VariantName = "[No Variations]"
Add component (AddParameter): Name = "HelpURL"; Value = "\\cern.ch\dfs\Applications\Altium\Datasheets\CTEB_AVX_TAP.pdf"; VariantName = "[No Variations]"
Add component (AddParameter): Name = "LatestRevisionDate"; Value = "19/08/2010"; VariantName = "[No Variations]"
Add component (AddParameter): Name = "Manufacturer"; Value = "AVX"; VariantName = "[No Variations]"
Add component (AddParameter): Name = "Manufacturer Part Number"; Value = "TAP104M035CCS-LF"; VariantName = "[No Variations]"
Add component (AddParameter): Name = "Mounted"; Value = "Yes"; VariantName = "[No Variations]"
Add component (AddParameter): Name = "Part Description"; Value = "Solid Tantalum Resin Dipped Capacitor"; VariantName = "[No Variations]"
Add component (AddParameter): Name = "Part Number"; Value = "CTEB_0.1UF_35V_10%_508-450X850"; VariantName = "[No Variations]"
Add component (AddParameter): Name = "Pin Count"; Value = "2"; VariantName = "[No Variations]"
Add component (AddParameter): Name = "Sense"; Value = "No"; VariantName = "[No Variations]"
Add component (AddParameter): Name = "SMD"; Value = "No"; VariantName = "[No Variations]"
Add component (AddParameter): Name = "Socket"; Value = "No"; VariantName = "[No Variations]"
Add component (AddParameter): Name = "Status"; Value = "None"; VariantName = "[No Variations]"
Add component (AddParameter): Name = "Tolerance"; Value = "±10%"; VariantName = "[No Variations]"
Add component (AddParameter): Name = "Value"; Value = "0.1uF"; VariantName = "[No Variations]"
Add component (AddParameter): Name = "Voltage"; Value = "35V"; VariantName = "[No Variations]"
Added Component: Designator=C2(CAPPRB508-450x850)
Add component. Clean all parameters for all variants
Add component (AddParameter): Name = "Author"; Value = "CERN DEM JLC"; VariantName = "[No Variations]"
Add component (AddParameter): Name = "Case"; Value = "LS5.08 D4.5 x H8.5"; VariantName = "[No Variations]"
Add component (AddParameter): Name = "ComponentHeight"; Value = "8.5mm"; VariantName = "[No Variations]"
Add component (AddParameter): Name = "Component Type"; Value = "Standard"; VariantName = "[No Variations]"
Add component (AddParameter): Name = "CreateDate"; Value = "19/08/2010"; VariantName = "[No Variations]"
Add component (AddParameter): Name = "HelpURL"; Value = "\\cern.ch\dfs\Applications\Altium\Datasheets\CTEB_AVX_TAP.pdf"; VariantName = "[No Variations]"
Add component (AddParameter): Name = "LatestRevisionDate"; Value = "19/08/2010"; VariantName = "[No Variations]"
Add component (AddParameter): Name = "Manufacturer"; Value = "AVX"; VariantName = "[No Variations]"
Add component (AddParameter): Name = "Manufacturer Part Number"; Value = "TAP104M035CCS-LF"; VariantName = "[No Variations]"
Add component (AddParameter): Name = "Mounted"; Value = "Yes"; VariantName = "[No Variations]"
Add component (AddParameter): Name = "Part Description"; Value = "Solid Tantalum Resin Dipped Capacitor"; VariantName = "[No Variations]"
Add component (AddParameter): Name = "Part Number"; Value = "CTEB_0.1UF_35V_10%_508-450X850"; VariantName = "[No Variations]"
Add component (AddParameter): Name = "Pin Count"; Value = "2"; VariantName = "[No Variations]"
Add component (AddParameter): Name = "Sense"; Value = "No"; VariantName = "[No Variations]"
Add component (AddParameter): Name = "SMD"; Value = "No"; VariantName = "[No Variations]"
Add component (AddParameter): Name = "Socket"; Value = "No"; VariantName = "[No Variations]"
Add component (AddParameter): Name = "Status"; Value = "None"; VariantName = "[No Variations]"
Add component (AddParameter): Name = "Tolerance"; Value = "±10%"; VariantName = "[No Variations]"
Add component (AddParameter): Name = "Value"; Value = "0.1uF"; VariantName = "[No Variations]"
Add component (AddParameter): Name = "Voltage"; Value = "35V"; VariantName = "[No Variations]"
Added Component: Designator=C3(CAPPRB508-450x850)
Add component. Clean all parameters for all variants
Add component (AddParameter): Name = "Author"; Value = "CERN DEM JLC"; VariantName = "[No Variations]"
Add component (AddParameter): Name = "Case"; Value = "LS5.08 D4.5 x H8.5"; VariantName = "[No Variations]"
Add component (AddParameter): Name = "ComponentHeight"; Value = "8.5mm"; VariantName = "[No Variations]"
Add component (AddParameter): Name = "Component Type"; Value = "Standard"; VariantName = "[No Variations]"
Add component (AddParameter): Name = "CreateDate"; Value = "19/08/2010"; VariantName = "[No Variations]"
Add component (AddParameter): Name = "HelpURL"; Value = "\\cern.ch\dfs\Applications\Altium\Datasheets\CTEB_AVX_TAP.pdf"; VariantName = "[No Variations]"
Add component (AddParameter): Name = "LatestRevisionDate"; Value = "19/08/2010"; VariantName = "[No Variations]"
Add component (AddParameter): Name = "Manufacturer"; Value = "AVX"; VariantName = "[No Variations]"
Add component (AddParameter): Name = "Manufacturer Part Number"; Value = "TAP104M035CCS-LF"; VariantName = "[No Variations]"
Add component (AddParameter): Name = "Mounted"; Value = "Yes"; VariantName = "[No Variations]"
Add component (AddParameter): Name = "Part Description"; Value = "Solid Tantalum Resin Dipped Capacitor"; VariantName = "[No Variations]"
Add component (AddParameter): Name = "Part Number"; Value = "CTEB_0.1UF_35V_10%_508-450X850"; VariantName = "[No Variations]"
Add component (AddParameter): Name = "Pin Count"; Value = "2"; VariantName = "[No Variations]"
Add component (AddParameter): Name = "Sense"; Value = "No"; VariantName = "[No Variations]"
Add component (AddParameter): Name = "SMD"; Value = "No"; VariantName = "[No Variations]"
Add component (AddParameter): Name = "Socket"; Value = "No"; VariantName = "[No Variations]"
Add component (AddParameter): Name = "Status"; Value = "None"; VariantName = "[No Variations]"
Add component (AddParameter): Name = "Tolerance"; Value = "±10%"; VariantName = "[No Variations]"
Add component (AddParameter): Name = "Value"; Value = "0.1uF"; VariantName = "[No Variations]"
Add component (AddParameter): Name = "Voltage"; Value = "35V"; VariantName = "[No Variations]"
Added Component: Designator=C4(CAPPRB508-450x850)
Add component. Clean all parameters for all variants
Add component (AddParameter): Name = "Author"; Value = "CERN DEM JLC"; VariantName = "[No Variations]"
Add component (AddParameter): Name = "Case"; Value = "LS5.08 D4.5 x H8.5"; VariantName = "[No Variations]"
Add component (AddParameter): Name = "ComponentHeight"; Value = "8.5mm"; VariantName = "[No Variations]"
Add component (AddParameter): Name = "Component Type"; Value = "Standard"; VariantName = "[No Variations]"
Add component (AddParameter): Name = "CreateDate"; Value = "19/08/2010"; VariantName = "[No Variations]"
Add component (AddParameter): Name = "HelpURL"; Value = "\\cern.ch\dfs\Applications\Altium\Datasheets\CTEB_AVX_TAP.pdf"; VariantName = "[No Variations]"
Add component (AddParameter): Name = "LatestRevisionDate"; Value = "19/08/2010"; VariantName = "[No Variations]"
Add component (AddParameter): Name = "Manufacturer"; Value = "AVX"; VariantName = "[No Variations]"
Add component (AddParameter): Name = "Manufacturer Part Number"; Value = "TAP104M035CCS-LF"; VariantName = "[No Variations]"
Add component (AddParameter): Name = "Mounted"; Value = "Yes"; VariantName = "[No Variations]"
Add component (AddParameter): Name = "Part Description"; Value = "Solid Tantalum Resin Dipped Capacitor"; VariantName = "[No Variations]"
Add component (AddParameter): Name = "Part Number"; Value = "CTEB_0.1UF_35V_10%_508-450X850"; VariantName = "[No Variations]"
Add component (AddParameter): Name = "Pin Count"; Value = "2"; VariantName = "[No Variations]"
Add component (AddParameter): Name = "Sense"; Value = "No"; VariantName = "[No Variations]"
Add component (AddParameter): Name = "SMD"; Value = "No"; VariantName = "[No Variations]"
Add component (AddParameter): Name = "Socket"; Value = "No"; VariantName = "[No Variations]"
Add component (AddParameter): Name = "Status"; Value = "None"; VariantName = "[No Variations]"
Add component (AddParameter): Name = "Tolerance"; Value = "±10%"; VariantName = "[No Variations]"
Add component (AddParameter): Name = "Value"; Value = "0.1uF"; VariantName = "[No Variations]"
Add component (AddParameter): Name = "Voltage"; Value = "35V"; VariantName = "[No Variations]"
Added Component: Designator=D1(DIOD-DO-41-P-2)
Add component. Clean all parameters for all variants
Add component (AddParameter): Name = "Brand"; Value = "DiodesIncorporated"; VariantName = "[No Variations]"
Add component (AddParameter): Name = "Configuration"; Value = "Single"; VariantName = "[No Variations]"
Add component (AddParameter): Name = "Datasheet URL"; Value = "http://www.diodes.com/_files/datasheets/ds23001.pdf"; VariantName = "[No Variations]"
Add component (AddParameter): Name = "Datasheet Version"; Value = "Rev. 8-2, 05/2009"; VariantName = "[No Variations]"
Add component (AddParameter): Name = "Factory Pack Quantity"; Value = "5000"; VariantName = "[No Variations]"
Add component (AddParameter): Name = "Height"; Value = "2.72mm"; VariantName = "[No Variations]"
Add component (AddParameter): Name = "If - Forward Current"; Value = "1A"; VariantName = "[No Variations]"
Add component (AddParameter): Name = "Ifsm - Forward Surge Current"; Value = "25A"; VariantName = "[No Variations]"
Add component (AddParameter): Name = "Ir - Reverse Current"; Value = "1000uA"; VariantName = "[No Variations]"
Add component (AddParameter): Name = "Length"; Value = "5.21mm"; VariantName = "[No Variations]"
Add component (AddParameter): Name = "Manufacturer"; Value = "DiodesIncorporated"; VariantName = "[No Variations]"
Add component (AddParameter): Name = "Manufacturer URL"; Value = "http://www.diodes.com/"; VariantName = "[No Variations]"
Add component (AddParameter): Name = "Maximum Operating Temperature"; Value = "+125C"; VariantName = "[No Variations]"
Add component (AddParameter): Name = "Minimum Operating Temperature"; Value = "-65C"; VariantName = "[No Variations]"
Add component (AddParameter): Name = "Mounting Style"; Value = "ThroughHole"; VariantName = "[No Variations]"
Add component (AddParameter): Name = "Mounting Technology"; Value = "ThroughHole"; VariantName = "[No Variations]"
Add component (AddParameter): Name = "Operating Temperature Range"; Value = "-65Cto+125C"; VariantName = "[No Variations]"
Add component (AddParameter): Name = "Package / Case"; Value = "DO-41"; VariantName = "[No Variations]"
Add component (AddParameter): Name = "Package Description"; Value = "2-Pin Through Hole Device, Body 4.635 x 2.36 mm, Pin Spacing 7.85 mm"; VariantName = "[No Variations]"
Add component (AddParameter): Name = "Package Reference"; Value = "DO-41-P-2"; VariantName = "[No Variations]"
Add component (AddParameter): Name = "Packaging"; Value = "Reel"; VariantName = "[No Variations]"
Add component (AddParameter): Name = "Product"; Value = "SchottkyRectifiers"; VariantName = "[No Variations]"
Add component (AddParameter): Name = "Product Category"; Value = "SchottkyDiodes&Rectifiers"; VariantName = "[No Variations]"
Add component (AddParameter): Name = "RoHS"; Value = "True"; VariantName = "[No Variations]"
Add component (AddParameter): Name = "Series"; Value = "1N58"; VariantName = "[No Variations]"
Add component (AddParameter): Name = "Technology"; Value = "Si"; VariantName = "[No Variations]"
Add component (AddParameter): Name = "Termination Style"; Value = "ThroughHole"; VariantName = "[No Variations]"
Add component (AddParameter): Name = "Type"; Value = "SchottkyDiode"; VariantName = "[No Variations]"
Add component (AddParameter): Name = "Unit Weight"; Value = "0.010582oz"; VariantName = "[No Variations]"
Add component (AddParameter): Name = "Vf - Forward Voltage"; Value = "0.75Vat3A"; VariantName = "[No Variations]"
Add component (AddParameter): Name = "Vrrm - Repetitive Reverse Voltage"; Value = "20V"; VariantName = "[No Variations]"
Add component (AddParameter): Name = "Width"; Value = "2.72mm"; VariantName = "[No Variations]"
Added Component: Designator=D2(DIOD-DO-41-P-2)
Add component. Clean all parameters for all variants
Add component (AddParameter): Name = "Brand"; Value = "DiodesIncorporated"; VariantName = "[No Variations]"
Add component (AddParameter): Name = "Configuration"; Value = "Single"; VariantName = "[No Variations]"
Add component (AddParameter): Name = "Datasheet URL"; Value = "http://www.diodes.com/_files/datasheets/ds23001.pdf"; VariantName = "[No Variations]"
Add component (AddParameter): Name = "Datasheet Version"; Value = "Rev. 8-2, 05/2009"; VariantName = "[No Variations]"
Add component (AddParameter): Name = "Factory Pack Quantity"; Value = "5000"; VariantName = "[No Variations]"
Add component (AddParameter): Name = "Height"; Value = "2.72mm"; VariantName = "[No Variations]"
Add component (AddParameter): Name = "If - Forward Current"; Value = "1A"; VariantName = "[No Variations]"
Add component (AddParameter): Name = "Ifsm - Forward Surge Current"; Value = "25A"; VariantName = "[No Variations]"
Add component (AddParameter): Name = "Ir - Reverse Current"; Value = "1000uA"; VariantName = "[No Variations]"
Add component (AddParameter): Name = "Length"; Value = "5.21mm"; VariantName = "[No Variations]"
Add component (AddParameter): Name = "Manufacturer"; Value = "DiodesIncorporated"; VariantName = "[No Variations]"
Add component (AddParameter): Name = "Manufacturer URL"; Value = "http://www.diodes.com/"; VariantName = "[No Variations]"
Add component (AddParameter): Name = "Maximum Operating Temperature"; Value = "+125C"; VariantName = "[No Variations]"
Add component (AddParameter): Name = "Minimum Operating Temperature"; Value = "-65C"; VariantName = "[No Variations]"
Add component (AddParameter): Name = "Mounting Style"; Value = "ThroughHole"; VariantName = "[No Variations]"
Add component (AddParameter): Name = "Mounting Technology"; Value = "ThroughHole"; VariantName = "[No Variations]"
Add component (AddParameter): Name = "Operating Temperature Range"; Value = "-65Cto+125C"; VariantName = "[No Variations]"
Add component (AddParameter): Name = "Package / Case"; Value = "DO-41"; VariantName = "[No Variations]"
Add component (AddParameter): Name = "Package Description"; Value = "2-Pin Through Hole Device, Body 4.635 x 2.36 mm, Pin Spacing 7.85 mm"; VariantName = "[No Variations]"
Add component (AddParameter): Name = "Package Reference"; Value = "DO-41-P-2"; VariantName = "[No Variations]"
Add component (AddParameter): Name = "Packaging"; Value = "Reel"; VariantName = "[No Variations]"
Add component (AddParameter): Name = "Product"; Value = "SchottkyRectifiers"; VariantName = "[No Variations]"
Add component (AddParameter): Name = "Product Category"; Value = "SchottkyDiodes&Rectifiers"; VariantName = "[No Variations]"
Add component (AddParameter): Name = "RoHS"; Value = "True"; VariantName = "[No Variations]"
Add component (AddParameter): Name = "Series"; Value = "1N58"; VariantName = "[No Variations]"
Add component (AddParameter): Name = "Technology"; Value = "Si"; VariantName = "[No Variations]"
Add component (AddParameter): Name = "Termination Style"; Value = "ThroughHole"; VariantName = "[No Variations]"
Add component (AddParameter): Name = "Type"; Value = "SchottkyDiode"; VariantName = "[No Variations]"
Add component (AddParameter): Name = "Unit Weight"; Value = "0.010582oz"; VariantName = "[No Variations]"
Add component (AddParameter): Name = "Vf - Forward Voltage"; Value = "0.75Vat3A"; VariantName = "[No Variations]"
Add component (AddParameter): Name = "Vrrm - Repetitive Reverse Voltage"; Value = "20V"; VariantName = "[No Variations]"
Add component (AddParameter): Name = "Width"; Value = "2.72mm"; VariantName = "[No Variations]"
Added Component: Designator=D3(DIOD-DO-41-P-2)
Add component. Clean all parameters for all variants
Add component (AddParameter): Name = "Brand"; Value = "DiodesIncorporated"; VariantName = "[No Variations]"
Add component (AddParameter): Name = "Configuration"; Value = "Single"; VariantName = "[No Variations]"
Add component (AddParameter): Name = "Datasheet URL"; Value = "http://www.diodes.com/_files/datasheets/ds23001.pdf"; VariantName = "[No Variations]"
Add component (AddParameter): Name = "Datasheet Version"; Value = "Rev. 8-2, 05/2009"; VariantName = "[No Variations]"
Add component (AddParameter): Name = "Factory Pack Quantity"; Value = "5000"; VariantName = "[No Variations]"
Add component (AddParameter): Name = "Height"; Value = "2.72mm"; VariantName = "[No Variations]"
Add component (AddParameter): Name = "If - Forward Current"; Value = "1A"; VariantName = "[No Variations]"
Add component (AddParameter): Name = "Ifsm - Forward Surge Current"; Value = "25A"; VariantName = "[No Variations]"
Add component (AddParameter): Name = "Ir - Reverse Current"; Value = "1000uA"; VariantName = "[No Variations]"
Add component (AddParameter): Name = "Length"; Value = "5.21mm"; VariantName = "[No Variations]"
Add component (AddParameter): Name = "Manufacturer"; Value = "DiodesIncorporated"; VariantName = "[No Variations]"
Add component (AddParameter): Name = "Manufacturer URL"; Value = "http://www.diodes.com/"; VariantName = "[No Variations]"
Add component (AddParameter): Name = "Maximum Operating Temperature"; Value = "+125C"; VariantName = "[No Variations]"
Add component (AddParameter): Name = "Minimum Operating Temperature"; Value = "-65C"; VariantName = "[No Variations]"
Add component (AddParameter): Name = "Mounting Style"; Value = "ThroughHole"; VariantName = "[No Variations]"
Add component (AddParameter): Name = "Mounting Technology"; Value = "ThroughHole"; VariantName = "[No Variations]"
Add component (AddParameter): Name = "Operating Temperature Range"; Value = "-65Cto+125C"; VariantName = "[No Variations]"
Add component (AddParameter): Name = "Package / Case"; Value = "DO-41"; VariantName = "[No Variations]"
Add component (AddParameter): Name = "Package Description"; Value = "2-Pin Through Hole Device, Body 4.635 x 2.36 mm, Pin Spacing 7.85 mm"; VariantName = "[No Variations]"
Add component (AddParameter): Name = "Package Reference"; Value = "DO-41-P-2"; VariantName = "[No Variations]"
Add component (AddParameter): Name = "Packaging"; Value = "Reel"; VariantName = "[No Variations]"
Add component (AddParameter): Name = "Product"; Value = "SchottkyRectifiers"; VariantName = "[No Variations]"
Add component (AddParameter): Name = "Product Category"; Value = "SchottkyDiodes&Rectifiers"; VariantName = "[No Variations]"
Add component (AddParameter): Name = "RoHS"; Value = "True"; VariantName = "[No Variations]"
Add component (AddParameter): Name = "Series"; Value = "1N58"; VariantName = "[No Variations]"
Add component (AddParameter): Name = "Technology"; Value = "Si"; VariantName = "[No Variations]"
Add component (AddParameter): Name = "Termination Style"; Value = "ThroughHole"; VariantName = "[No Variations]"
Add component (AddParameter): Name = "Type"; Value = "SchottkyDiode"; VariantName = "[No Variations]"
Add component (AddParameter): Name = "Unit Weight"; Value = "0.010582oz"; VariantName = "[No Variations]"
Add component (AddParameter): Name = "Vf - Forward Voltage"; Value = "0.75Vat3A"; VariantName = "[No Variations]"
Add component (AddParameter): Name = "Vrrm - Repetitive Reverse Voltage"; Value = "20V"; VariantName = "[No Variations]"
Add component (AddParameter): Name = "Width"; Value = "2.72mm"; VariantName = "[No Variations]"
Added Component: Designator=D4(DIOD-DO-41-P-2_V)
Add component. Clean all parameters for all variants
Add component (AddParameter): Name = "ComponentLink1Description"; Value = "Manufacturer URL"; VariantName = "[No Variations]"
Add component (AddParameter): Name = "ComponentLink1URL"; Value = "http://diodes.com/"; VariantName = "[No Variations]"
Add component (AddParameter): Name = "ComponentLink2Description"; Value = "Datasheet"; VariantName = "[No Variations]"
Add component (AddParameter): Name = "ComponentLink2URL"; Value = "http://diodes.com/datasheets/ds28002.pdf"; VariantName = "[No Variations]"
Add component (AddParameter): Name = "CT (pF)"; Value = "15"; VariantName = "[No Variations]"
Add component (AddParameter): Name = "DatasheetVersion"; Value = "Rev. 8-2"; VariantName = "[No Variations]"
Add component (AddParameter): Name = "Manufacturer"; Value = "Diodes Inc"; VariantName = "[No Variations]"
Add component (AddParameter): Name = "Max. Average Rectified Current IO (A)"; Value = "1"; VariantName = "[No Variations]"
Add component (AddParameter): Name = "Max. IFSM (A)"; Value = "30"; VariantName = "[No Variations]"
Add component (AddParameter): Name = "Max. IR (uA)"; Value = "5"; VariantName = "[No Variations]"
Add component (AddParameter): Name = "Mounting Technology"; Value = "Through Hole"; VariantName = "[No Variations]"
Add component (AddParameter): Name = "Operating Temperature Range (degC)"; Value = "-65 to 150"; VariantName = "[No Variations]"
Add component (AddParameter): Name = "PackageDescription"; Value = "2-Pin Axial Lead, Body 4.635 x 2.36 mm, Lead Spread 25.4 mm"; VariantName = "[No Variations]"
Add component (AddParameter): Name = "PackageReference"; Value = "DO-41-P-2"; VariantName = "[No Variations]"
Add component (AddParameter): Name = "Packing"; Value = "Tape and Reel"; VariantName = "[No Variations]"
Add component (AddParameter): Name = "PartNumber"; Value = "1N4001-T"; VariantName = "[No Variations]"
Add component (AddParameter): Name = "RoHS"; Value = "TRUE"; VariantName = "[No Variations]"
Add component (AddParameter): Name = "VF (V)"; Value = "1"; VariantName = "[No Variations]"
Add component (AddParameter): Name = "VRRM (V)"; Value = "50"; VariantName = "[No Variations]"
Added Component: Designator=D5(DIOD-DO-41-P-2)
Add component. Clean all parameters for all variants
Add component (AddParameter): Name = "Brand"; Value = "DiodesIncorporated"; VariantName = "[No Variations]"
Add component (AddParameter): Name = "Configuration"; Value = "Single"; VariantName = "[No Variations]"
Add component (AddParameter): Name = "Datasheet URL"; Value = "http://www.diodes.com/_files/datasheets/ds23001.pdf"; VariantName = "[No Variations]"
Add component (AddParameter): Name = "Datasheet Version"; Value = "Rev. 8-2, 05/2009"; VariantName = "[No Variations]"
Add component (AddParameter): Name = "Factory Pack Quantity"; Value = "5000"; VariantName = "[No Variations]"
Add component (AddParameter): Name = "Height"; Value = "2.72mm"; VariantName = "[No Variations]"
Add component (AddParameter): Name = "If - Forward Current"; Value = "1A"; VariantName = "[No Variations]"
Add component (AddParameter): Name = "Ifsm - Forward Surge Current"; Value = "25A"; VariantName = "[No Variations]"
Add component (AddParameter): Name = "Ir - Reverse Current"; Value = "1000uA"; VariantName = "[No Variations]"
Add component (AddParameter): Name = "Length"; Value = "5.21mm"; VariantName = "[No Variations]"
Add component (AddParameter): Name = "Manufacturer"; Value = "DiodesIncorporated"; VariantName = "[No Variations]"
Add component (AddParameter): Name = "Manufacturer URL"; Value = "http://www.diodes.com/"; VariantName = "[No Variations]"
Add component (AddParameter): Name = "Maximum Operating Temperature"; Value = "+125C"; VariantName = "[No Variations]"
Add component (AddParameter): Name = "Minimum Operating Temperature"; Value = "-65C"; VariantName = "[No Variations]"
Add component (AddParameter): Name = "Mounting Style"; Value = "ThroughHole"; VariantName = "[No Variations]"
Add component (AddParameter): Name = "Mounting Technology"; Value = "ThroughHole"; VariantName = "[No Variations]"
Add component (AddParameter): Name = "Operating Temperature Range"; Value = "-65Cto+125C"; VariantName = "[No Variations]"
Add component (AddParameter): Name = "Package / Case"; Value = "DO-41"; VariantName = "[No Variations]"
Add component (AddParameter): Name = "Package Description"; Value = "2-Pin Through Hole Device, Body 4.635 x 2.36 mm, Pin Spacing 7.85 mm"; VariantName = "[No Variations]"
Add component (AddParameter): Name = "Package Reference"; Value = "DO-41-P-2"; VariantName = "[No Variations]"
Add component (AddParameter): Name = "Packaging"; Value = "Reel"; VariantName = "[No Variations]"
Add component (AddParameter): Name = "Product"; Value = "SchottkyRectifiers"; VariantName = "[No Variations]"
Add component (AddParameter): Name = "Product Category"; Value = "SchottkyDiodes&Rectifiers"; VariantName = "[No Variations]"
Add component (AddParameter): Name = "RoHS"; Value = "True"; VariantName = "[No Variations]"
Add component (AddParameter): Name = "Series"; Value = "1N58"; VariantName = "[No Variations]"
Add component (AddParameter): Name = "Technology"; Value = "Si"; VariantName = "[No Variations]"
Add component (AddParameter): Name = "Termination Style"; Value = "ThroughHole"; VariantName = "[No Variations]"
Add component (AddParameter): Name = "Type"; Value = "SchottkyDiode"; VariantName = "[No Variations]"
Add component (AddParameter): Name = "Unit Weight"; Value = "0.010582oz"; VariantName = "[No Variations]"
Add component (AddParameter): Name = "Vf - Forward Voltage"; Value = "0.75Vat3A"; VariantName = "[No Variations]"
Add component (AddParameter): Name = "Vrrm - Repetitive Reverse Voltage"; Value = "20V"; VariantName = "[No Variations]"
Add component (AddParameter): Name = "Width"; Value = "2.72mm"; VariantName = "[No Variations]"
Added Component: Designator=D6(DIOD-DO-41-P-2_V)
Add component. Clean all parameters for all variants
Add component (AddParameter): Name = "ComponentLink1Description"; Value = "Manufacturer URL"; VariantName = "[No Variations]"
Add component (AddParameter): Name = "ComponentLink1URL"; Value = "http://diodes.com/"; VariantName = "[No Variations]"
Add component (AddParameter): Name = "ComponentLink2Description"; Value = "Datasheet"; VariantName = "[No Variations]"
Add component (AddParameter): Name = "ComponentLink2URL"; Value = "http://diodes.com/datasheets/ds28002.pdf"; VariantName = "[No Variations]"
Add component (AddParameter): Name = "CT (pF)"; Value = "15"; VariantName = "[No Variations]"
Add component (AddParameter): Name = "DatasheetVersion"; Value = "Rev. 8-2"; VariantName = "[No Variations]"
Add component (AddParameter): Name = "Manufacturer"; Value = "Diodes Inc"; VariantName = "[No Variations]"
Add component (AddParameter): Name = "Max. Average Rectified Current IO (A)"; Value = "1"; VariantName = "[No Variations]"
Add component (AddParameter): Name = "Max. IFSM (A)"; Value = "30"; VariantName = "[No Variations]"
Add component (AddParameter): Name = "Max. IR (uA)"; Value = "5"; VariantName = "[No Variations]"
Add component (AddParameter): Name = "Mounting Technology"; Value = "Through Hole"; VariantName = "[No Variations]"
Add component (AddParameter): Name = "Operating Temperature Range (degC)"; Value = "-65 to 150"; VariantName = "[No Variations]"
Add component (AddParameter): Name = "PackageDescription"; Value = "2-Pin Axial Lead, Body 4.635 x 2.36 mm, Lead Spread 25.4 mm"; VariantName = "[No Variations]"
Add component (AddParameter): Name = "PackageReference"; Value = "DO-41-P-2"; VariantName = "[No Variations]"
Add component (AddParameter): Name = "Packing"; Value = "Tape and Reel"; VariantName = "[No Variations]"
Add component (AddParameter): Name = "PartNumber"; Value = "1N4001-T"; VariantName = "[No Variations]"
Add component (AddParameter): Name = "RoHS"; Value = "TRUE"; VariantName = "[No Variations]"
Add component (AddParameter): Name = "VF (V)"; Value = "1"; VariantName = "[No Variations]"
Add component (AddParameter): Name = "VRRM (V)"; Value = "50"; VariantName = "[No Variations]"
Added Component: Designator=P1(HDR1X3)
Add component. Clean all parameters for all variants
Add component (AddParameter): Name = "LatestRevisionDate"; Value = "17-Jul-2002"; VariantName = "[No Variations]"
Add component (AddParameter): Name = "LatestRevisionNote"; Value = "Re-released for DXP Platform."; VariantName = "[No Variations]"
Add component (AddParameter): Name = "Publisher"; Value = "Altium Limited"; VariantName = "[No Variations]"
Added Component: Designator=P2(HDR1X3)
Add component. Clean all parameters for all variants
Add component (AddParameter): Name = "LatestRevisionDate"; Value = "17-Jul-2002"; VariantName = "[No Variations]"
Add component (AddParameter): Name = "LatestRevisionNote"; Value = "Re-released for DXP Platform."; VariantName = "[No Variations]"
Add component (AddParameter): Name = "Publisher"; Value = "Altium Limited"; VariantName = "[No Variations]"
Added Component: Designator=P3(HDR1X7)
Add component. Clean all parameters for all variants
Add component (AddParameter): Name = "LatestRevisionDate"; Value = "17-Jul-2002"; VariantName = "[No Variations]"
Add component (AddParameter): Name = "LatestRevisionNote"; Value = "Re-released for DXP Platform."; VariantName = "[No Variations]"
Add component (AddParameter): Name = "Publisher"; Value = "Altium Limited"; VariantName = "[No Variations]"
Added Component: Designator=P4(HDR1X12)
Add component. Clean all parameters for all variants
Add component (AddParameter): Name = "LatestRevisionDate"; Value = "17-Jul-2002"; VariantName = "[No Variations]"
Add component (AddParameter): Name = "LatestRevisionNote"; Value = "Re-released for DXP Platform."; VariantName = "[No Variations]"
Add component (AddParameter): Name = "Publisher"; Value = "Altium Limited"; VariantName = "[No Variations]"
Add component (AddParameter): Name = "System"; Value = "Connector"; VariantName = "[No Variations]"
Added Component: Designator=P5(HDR1X3)
Add component. Clean all parameters for all variants
Add component (AddParameter): Name = "LatestRevisionDate"; Value = "17-Jul-2002"; VariantName = "[No Variations]"
Add component (AddParameter): Name = "LatestRevisionNote"; Value = "Re-released for DXP Platform."; VariantName = "[No Variations]"
Add component (AddParameter): Name = "Publisher"; Value = "Altium Limited"; VariantName = "[No Variations]"
Added Component: Designator=P6(HDR1X3)
Add component. Clean all parameters for all variants
Add component (AddParameter): Name = "LatestRevisionDate"; Value = "17-Jul-2002"; VariantName = "[No Variations]"
Add component (AddParameter): Name = "LatestRevisionNote"; Value = "Re-released for DXP Platform."; VariantName = "[No Variations]"
Add component (AddParameter): Name = "Publisher"; Value = "Altium Limited"; VariantName = "[No Variations]"
Added Component: Designator=P7(HDR2X8)
Add component. Clean all parameters for all variants
Add component (AddParameter): Name = "LatestRevisionDate"; Value = "17-Jul-2002"; VariantName = "[No Variations]"
Add component (AddParameter): Name = "LatestRevisionNote"; Value = "Re-released for DXP Platform."; VariantName = "[No Variations]"
Add component (AddParameter): Name = "Publisher"; Value = "Altium Limited"; VariantName = "[No Variations]"
Added Component: Designator=R1(AXIAL-0.3)
Add component. Clean all parameters for all variants
Add component (AddParameter): Name = "LatestRevisionDate"; Value = "17-Jul-2002"; VariantName = "[No Variations]"
Add component (AddParameter): Name = "LatestRevisionNote"; Value = "Re-released for DXP Platform."; VariantName = "[No Variations]"
Add component (AddParameter): Name = "PackageDescription"; Value = "Axial Device, Thru-Hole; 2 Leads; 0.3 in Pin Spacing"; VariantName = "[No Variations]"
Add component (AddParameter): Name = "PackageReference"; Value = "AXIAL-0.3"; VariantName = "[No Variations]"
Add component (AddParameter): Name = "Published"; Value = "8-Jun-2000"; VariantName = "[No Variations]"
Add component (AddParameter): Name = "Publisher"; Value = "Altium Limited"; VariantName = "[No Variations]"
Add component (AddParameter): Name = "Value"; Value = "1K"; VariantName = "[No Variations]"
Added Component: Designator=R2(AXIAL-0.3)
Add component. Clean all parameters for all variants
Add component (AddParameter): Name = "LatestRevisionDate"; Value = "17-Jul-2002"; VariantName = "[No Variations]"
Add component (AddParameter): Name = "LatestRevisionNote"; Value = "Re-released for DXP Platform."; VariantName = "[No Variations]"
Add component (AddParameter): Name = "PackageDescription"; Value = "Axial Device, Thru-Hole; 2 Leads; 0.3 in Pin Spacing"; VariantName = "[No Variations]"
Add component (AddParameter): Name = "PackageReference"; Value = "AXIAL-0.3"; VariantName = "[No Variations]"
Add component (AddParameter): Name = "Published"; Value = "8-Jun-2000"; VariantName = "[No Variations]"
Add component (AddParameter): Name = "Publisher"; Value = "Altium Limited"; VariantName = "[No Variations]"
Add component (AddParameter): Name = "Value"; Value = "1K"; VariantName = "[No Variations]"
Added Component: Designator=R3(AXIAL-0.3)
Add component. Clean all parameters for all variants
Add component (AddParameter): Name = "LatestRevisionDate"; Value = "17-Jul-2002"; VariantName = "[No Variations]"
Add component (AddParameter): Name = "LatestRevisionNote"; Value = "Re-released for DXP Platform."; VariantName = "[No Variations]"
Add component (AddParameter): Name = "PackageDescription"; Value = "Axial Device, Thru-Hole; 2 Leads; 0.3 in Pin Spacing"; VariantName = "[No Variations]"
Add component (AddParameter): Name = "PackageReference"; Value = "AXIAL-0.3"; VariantName = "[No Variations]"
Add component (AddParameter): Name = "Published"; Value = "8-Jun-2000"; VariantName = "[No Variations]"
Add component (AddParameter): Name = "Publisher"; Value = "Altium Limited"; VariantName = "[No Variations]"
Add component (AddParameter): Name = "Value"; Value = "1K"; VariantName = "[No Variations]"
Added Component: Designator=R4(AXIAL-0.3)
Add component. Clean all parameters for all variants
Add component (AddParameter): Name = "LatestRevisionDate"; Value = "17-Jul-2002"; VariantName = "[No Variations]"
Add component (AddParameter): Name = "LatestRevisionNote"; Value = "Re-released for DXP Platform."; VariantName = "[No Variations]"
Add component (AddParameter): Name = "PackageDescription"; Value = "Axial Device, Thru-Hole; 2 Leads; 0.3 in Pin Spacing"; VariantName = "[No Variations]"
Add component (AddParameter): Name = "PackageReference"; Value = "AXIAL-0.3"; VariantName = "[No Variations]"
Add component (AddParameter): Name = "Published"; Value = "8-Jun-2000"; VariantName = "[No Variations]"
Add component (AddParameter): Name = "Publisher"; Value = "Altium Limited"; VariantName = "[No Variations]"
Add component (AddParameter): Name = "Value"; Value = "1K"; VariantName = "[No Variations]"
Added Component: Designator=R5(AXIAL-0.3)
Add component. Clean all parameters for all variants
Add component (AddParameter): Name = "LatestRevisionDate"; Value = "17-Jul-2002"; VariantName = "[No Variations]"
Add component (AddParameter): Name = "LatestRevisionNote"; Value = "Re-released for DXP Platform."; VariantName = "[No Variations]"
Add component (AddParameter): Name = "PackageDescription"; Value = "Axial Device, Thru-Hole; 2 Leads; 0.3 in Pin Spacing"; VariantName = "[No Variations]"
Add component (AddParameter): Name = "PackageReference"; Value = "AXIAL-0.3"; VariantName = "[No Variations]"
Add component (AddParameter): Name = "Published"; Value = "8-Jun-2000"; VariantName = "[No Variations]"
Add component (AddParameter): Name = "Publisher"; Value = "Altium Limited"; VariantName = "[No Variations]"
Add component (AddParameter): Name = "Value"; Value = "1K"; VariantName = "[No Variations]"
Added Component: Designator=R6(AXIAL-0.3)
Add component. Clean all parameters for all variants
Add component (AddParameter): Name = "LatestRevisionDate"; Value = "17-Jul-2002"; VariantName = "[No Variations]"
Add component (AddParameter): Name = "LatestRevisionNote"; Value = "Re-released for DXP Platform."; VariantName = "[No Variations]"
Add component (AddParameter): Name = "PackageDescription"; Value = "Axial Device, Thru-Hole; 2 Leads; 0.3 in Pin Spacing"; VariantName = "[No Variations]"
Add component (AddParameter): Name = "PackageReference"; Value = "AXIAL-0.3"; VariantName = "[No Variations]"
Add component (AddParameter): Name = "Published"; Value = "8-Jun-2000"; VariantName = "[No Variations]"
Add component (AddParameter): Name = "Publisher"; Value = "Altium Limited"; VariantName = "[No Variations]"
Add component (AddParameter): Name = "Value"; Value = "1K"; VariantName = "[No Variations]"
Added Component: Designator=R7(AXIAL-0.3)
Add component. Clean all parameters for all variants
Add component (AddParameter): Name = "LatestRevisionDate"; Value = "17-Jul-2002"; VariantName = "[No Variations]"
Add component (AddParameter): Name = "LatestRevisionNote"; Value = "Re-released for DXP Platform."; VariantName = "[No Variations]"
Add component (AddParameter): Name = "PackageDescription"; Value = "Axial Device, Thru-Hole; 2 Leads; 0.3 in Pin Spacing"; VariantName = "[No Variations]"
Add component (AddParameter): Name = "PackageReference"; Value = "AXIAL-0.3"; VariantName = "[No Variations]"
Add component (AddParameter): Name = "Published"; Value = "8-Jun-2000"; VariantName = "[No Variations]"
Add component (AddParameter): Name = "Publisher"; Value = "Altium Limited"; VariantName = "[No Variations]"
Add component (AddParameter): Name = "Value"; Value = "1K"; VariantName = "[No Variations]"
Added Component: Designator=R8(AXIAL-0.3)
Add component. Clean all parameters for all variants
Add component (AddParameter): Name = "LatestRevisionDate"; Value = "17-Jul-2002"; VariantName = "[No Variations]"
Add component (AddParameter): Name = "LatestRevisionNote"; Value = "Re-released for DXP Platform."; VariantName = "[No Variations]"
Add component (AddParameter): Name = "PackageDescription"; Value = "Axial Device, Thru-Hole; 2 Leads; 0.3 in Pin Spacing"; VariantName = "[No Variations]"
Add component (AddParameter): Name = "PackageReference"; Value = "AXIAL-0.3"; VariantName = "[No Variations]"
Add component (AddParameter): Name = "Published"; Value = "8-Jun-2000"; VariantName = "[No Variations]"
Add component (AddParameter): Name = "Publisher"; Value = "Altium Limited"; VariantName = "[No Variations]"
Add component (AddParameter): Name = "Value"; Value = "1K"; VariantName = "[No Variations]"
Added Component: Designator=R9(AXIAL-0.3)
Add component. Clean all parameters for all variants
Add component (AddParameter): Name = "LatestRevisionDate"; Value = "17-Jul-2002"; VariantName = "[No Variations]"
Add component (AddParameter): Name = "LatestRevisionNote"; Value = "Re-released for DXP Platform."; VariantName = "[No Variations]"
Add component (AddParameter): Name = "PackageDescription"; Value = "Axial Device, Thru-Hole; 2 Leads; 0.3 in Pin Spacing"; VariantName = "[No Variations]"
Add component (AddParameter): Name = "PackageReference"; Value = "AXIAL-0.3"; VariantName = "[No Variations]"
Add component (AddParameter): Name = "Published"; Value = "8-Jun-2000"; VariantName = "[No Variations]"
Add component (AddParameter): Name = "Publisher"; Value = "Altium Limited"; VariantName = "[No Variations]"
Add component (AddParameter): Name = "Value"; Value = "1K"; VariantName = "[No Variations]"
Added Component: Designator=R10(AXIAL-0.3)
Add component. Clean all parameters for all variants
Add component (AddParameter): Name = "LatestRevisionDate"; Value = "17-Jul-2002"; VariantName = "[No Variations]"
Add component (AddParameter): Name = "LatestRevisionNote"; Value = "Re-released for DXP Platform."; VariantName = "[No Variations]"
Add component (AddParameter): Name = "PackageDescription"; Value = "Axial Device, Thru-Hole; 2 Leads; 0.3 in Pin Spacing"; VariantName = "[No Variations]"
Add component (AddParameter): Name = "PackageReference"; Value = "AXIAL-0.3"; VariantName = "[No Variations]"
Add component (AddParameter): Name = "Published"; Value = "8-Jun-2000"; VariantName = "[No Variations]"
Add component (AddParameter): Name = "Publisher"; Value = "Altium Limited"; VariantName = "[No Variations]"
Add component (AddParameter): Name = "Value"; Value = "1K"; VariantName = "[No Variations]"
Added Component: Designator=R11(AXIAL-0.3)
Add component. Clean all parameters for all variants
Add component (AddParameter): Name = "LatestRevisionDate"; Value = "17-Jul-2002"; VariantName = "[No Variations]"
Add component (AddParameter): Name = "LatestRevisionNote"; Value = "Re-released for DXP Platform."; VariantName = "[No Variations]"
Add component (AddParameter): Name = "PackageDescription"; Value = "Axial Device, Thru-Hole; 2 Leads; 0.3 in Pin Spacing"; VariantName = "[No Variations]"
Add component (AddParameter): Name = "PackageReference"; Value = "AXIAL-0.3"; VariantName = "[No Variations]"
Add component (AddParameter): Name = "Published"; Value = "8-Jun-2000"; VariantName = "[No Variations]"
Add component (AddParameter): Name = "Publisher"; Value = "Altium Limited"; VariantName = "[No Variations]"
Add component (AddParameter): Name = "Value"; Value = "1K"; VariantName = "[No Variations]"
Added Component: Designator=R12(AXIAL-0.3)
Add component. Clean all parameters for all variants
Add component (AddParameter): Name = "LatestRevisionDate"; Value = "17-Jul-2002"; VariantName = "[No Variations]"
Add component (AddParameter): Name = "LatestRevisionNote"; Value = "Re-released for DXP Platform."; VariantName = "[No Variations]"
Add component (AddParameter): Name = "PackageDescription"; Value = "Axial Device, Thru-Hole; 2 Leads; 0.3 in Pin Spacing"; VariantName = "[No Variations]"
Add component (AddParameter): Name = "PackageReference"; Value = "AXIAL-0.3"; VariantName = "[No Variations]"
Add component (AddParameter): Name = "Published"; Value = "8-Jun-2000"; VariantName = "[No Variations]"
Add component (AddParameter): Name = "Publisher"; Value = "Altium Limited"; VariantName = "[No Variations]"
Add component (AddParameter): Name = "Value"; Value = "1K"; VariantName = "[No Variations]"
Added Component: Designator=R13(AXIAL-0.3)
Add component. Clean all parameters for all variants
Add component (AddParameter): Name = "LatestRevisionDate"; Value = "17-Jul-2002"; VariantName = "[No Variations]"
Add component (AddParameter): Name = "LatestRevisionNote"; Value = "Re-released for DXP Platform."; VariantName = "[No Variations]"
Add component (AddParameter): Name = "PackageDescription"; Value = "Axial Device, Thru-Hole; 2 Leads; 0.3 in Pin Spacing"; VariantName = "[No Variations]"
Add component (AddParameter): Name = "PackageReference"; Value = "AXIAL-0.3"; VariantName = "[No Variations]"
Add component (AddParameter): Name = "Published"; Value = "8-Jun-2000"; VariantName = "[No Variations]"
Add component (AddParameter): Name = "Publisher"; Value = "Altium Limited"; VariantName = "[No Variations]"
Add component (AddParameter): Name = "Value"; Value = "1K"; VariantName = "[No Variations]"
Added Component: Designator=R14(AXIAL-0.3)
Add component. Clean all parameters for all variants
Add component (AddParameter): Name = "LatestRevisionDate"; Value = "17-Jul-2002"; VariantName = "[No Variations]"
Add component (AddParameter): Name = "LatestRevisionNote"; Value = "Re-released for DXP Platform."; VariantName = "[No Variations]"
Add component (AddParameter): Name = "PackageDescription"; Value = "Axial Device, Thru-Hole; 2 Leads; 0.3 in Pin Spacing"; VariantName = "[No Variations]"
Add component (AddParameter): Name = "PackageReference"; Value = "AXIAL-0.3"; VariantName = "[No Variations]"
Add component (AddParameter): Name = "Published"; Value = "8-Jun-2000"; VariantName = "[No Variations]"
Add component (AddParameter): Name = "Publisher"; Value = "Altium Limited"; VariantName = "[No Variations]"
Add component (AddParameter): Name = "Value"; Value = "1K"; VariantName = "[No Variations]"
Added Component: Designator=R15(AXIAL-0.3)
Add component. Clean all parameters for all variants
Add component (AddParameter): Name = "LatestRevisionDate"; Value = "17-Jul-2002"; VariantName = "[No Variations]"
Add component (AddParameter): Name = "LatestRevisionNote"; Value = "Re-released for DXP Platform."; VariantName = "[No Variations]"
Add component (AddParameter): Name = "PackageDescription"; Value = "Axial Device, Thru-Hole; 2 Leads; 0.3 in Pin Spacing"; VariantName = "[No Variations]"
Add component (AddParameter): Name = "PackageReference"; Value = "AXIAL-0.3"; VariantName = "[No Variations]"
Add component (AddParameter): Name = "Published"; Value = "8-Jun-2000"; VariantName = "[No Variations]"
Add component (AddParameter): Name = "Publisher"; Value = "Altium Limited"; VariantName = "[No Variations]"
Add component (AddParameter): Name = "Value"; Value = "1K"; VariantName = "[No Variations]"
Added Component: Designator=R16(AXIAL-0.3)
Add component. Clean all parameters for all variants
Add component (AddParameter): Name = "LatestRevisionDate"; Value = "17-Jul-2002"; VariantName = "[No Variations]"
Add component (AddParameter): Name = "LatestRevisionNote"; Value = "Re-released for DXP Platform."; VariantName = "[No Variations]"
Add component (AddParameter): Name = "PackageDescription"; Value = "Axial Device, Thru-Hole; 2 Leads; 0.3 in Pin Spacing"; VariantName = "[No Variations]"
Add component (AddParameter): Name = "PackageReference"; Value = "AXIAL-0.3"; VariantName = "[No Variations]"
Add component (AddParameter): Name = "Published"; Value = "8-Jun-2000"; VariantName = "[No Variations]"
Add component (AddParameter): Name = "Publisher"; Value = "Altium Limited"; VariantName = "[No Variations]"
Add component (AddParameter): Name = "Value"; Value = "1K"; VariantName = "[No Variations]"
Added Component: Designator=R17(AXIAL-0.3)
Add component. Clean all parameters for all variants
Add component (AddParameter): Name = "LatestRevisionDate"; Value = "17-Jul-2002"; VariantName = "[No Variations]"
Add component (AddParameter): Name = "LatestRevisionNote"; Value = "Re-released for DXP Platform."; VariantName = "[No Variations]"
Add component (AddParameter): Name = "PackageDescription"; Value = "Axial Device, Thru-Hole; 2 Leads; 0.3 in Pin Spacing"; VariantName = "[No Variations]"
Add component (AddParameter): Name = "PackageReference"; Value = "AXIAL-0.3"; VariantName = "[No Variations]"
Add component (AddParameter): Name = "Published"; Value = "8-Jun-2000"; VariantName = "[No Variations]"
Add component (AddParameter): Name = "Publisher"; Value = "Altium Limited"; VariantName = "[No Variations]"
Add component (AddParameter): Name = "Value"; Value = "1K"; VariantName = "[No Variations]"
Added Component: Designator=R18(AXIAL-0.3)
Add component. Clean all parameters for all variants
Add component (AddParameter): Name = "LatestRevisionDate"; Value = "17-Jul-2002"; VariantName = "[No Variations]"
Add component (AddParameter): Name = "LatestRevisionNote"; Value = "Re-released for DXP Platform."; VariantName = "[No Variations]"
Add component (AddParameter): Name = "PackageDescription"; Value = "Axial Device, Thru-Hole; 2 Leads; 0.3 in Pin Spacing"; VariantName = "[No Variations]"
Add component (AddParameter): Name = "PackageReference"; Value = "AXIAL-0.3"; VariantName = "[No Variations]"
Add component (AddParameter): Name = "Published"; Value = "8-Jun-2000"; VariantName = "[No Variations]"
Add component (AddParameter): Name = "Publisher"; Value = "Altium Limited"; VariantName = "[No Variations]"
Add component (AddParameter): Name = "Value"; Value = "1K"; VariantName = "[No Variations]"
Added Component: Designator=R19(AXIAL-0.3)
Add component. Clean all parameters for all variants
Add component (AddParameter): Name = "LatestRevisionDate"; Value = "17-Jul-2002"; VariantName = "[No Variations]"
Add component (AddParameter): Name = "LatestRevisionNote"; Value = "Re-released for DXP Platform."; VariantName = "[No Variations]"
Add component (AddParameter): Name = "PackageDescription"; Value = "Axial Device, Thru-Hole; 2 Leads; 0.3 in Pin Spacing"; VariantName = "[No Variations]"
Add component (AddParameter): Name = "PackageReference"; Value = "AXIAL-0.3"; VariantName = "[No Variations]"
Add component (AddParameter): Name = "Published"; Value = "8-Jun-2000"; VariantName = "[No Variations]"
Add component (AddParameter): Name = "Publisher"; Value = "Altium Limited"; VariantName = "[No Variations]"
Add component (AddParameter): Name = "Value"; Value = "1K"; VariantName = "[No Variations]"
Added Component: Designator=R20(AXIAL-0.3)
Add component. Clean all parameters for all variants
Add component (AddParameter): Name = "LatestRevisionDate"; Value = "17-Jul-2002"; VariantName = "[No Variations]"
Add component (AddParameter): Name = "LatestRevisionNote"; Value = "Re-released for DXP Platform."; VariantName = "[No Variations]"
Add component (AddParameter): Name = "PackageDescription"; Value = "Axial Device, Thru-Hole; 2 Leads; 0.3 in Pin Spacing"; VariantName = "[No Variations]"
Add component (AddParameter): Name = "PackageReference"; Value = "AXIAL-0.3"; VariantName = "[No Variations]"
Add component (AddParameter): Name = "Published"; Value = "8-Jun-2000"; VariantName = "[No Variations]"
Add component (AddParameter): Name = "Publisher"; Value = "Altium Limited"; VariantName = "[No Variations]"
Add component (AddParameter): Name = "Value"; Value = "1K"; VariantName = "[No Variations]"
Added Component: Designator=R21(AXIAL-0.3)
Add component. Clean all parameters for all variants
Add component (AddParameter): Name = "LatestRevisionDate"; Value = "17-Jul-2002"; VariantName = "[No Variations]"
Add component (AddParameter): Name = "LatestRevisionNote"; Value = "Re-released for DXP Platform."; VariantName = "[No Variations]"
Add component (AddParameter): Name = "PackageDescription"; Value = "Axial Device, Thru-Hole; 2 Leads; 0.3 in Pin Spacing"; VariantName = "[No Variations]"
Add component (AddParameter): Name = "PackageReference"; Value = "AXIAL-0.3"; VariantName = "[No Variations]"
Add component (AddParameter): Name = "Published"; Value = "8-Jun-2000"; VariantName = "[No Variations]"
Add component (AddParameter): Name = "Publisher"; Value = "Altium Limited"; VariantName = "[No Variations]"
Add component (AddParameter): Name = "Value"; Value = "1K"; VariantName = "[No Variations]"
Added Component: Designator=R22(AXIAL-0.3)
Add component. Clean all parameters for all variants
Add component (AddParameter): Name = "LatestRevisionDate"; Value = "17-Jul-2002"; VariantName = "[No Variations]"
Add component (AddParameter): Name = "LatestRevisionNote"; Value = "Re-released for DXP Platform."; VariantName = "[No Variations]"
Add component (AddParameter): Name = "PackageDescription"; Value = "Axial Device, Thru-Hole; 2 Leads; 0.3 in Pin Spacing"; VariantName = "[No Variations]"
Add component (AddParameter): Name = "PackageReference"; Value = "AXIAL-0.3"; VariantName = "[No Variations]"
Add component (AddParameter): Name = "Published"; Value = "8-Jun-2000"; VariantName = "[No Variations]"
Add component (AddParameter): Name = "Publisher"; Value = "Altium Limited"; VariantName = "[No Variations]"
Add component (AddParameter): Name = "Value"; Value = "1K"; VariantName = "[No Variations]"
Added Component: Designator=R23(AXIAL-0.3)
Add component. Clean all parameters for all variants
Add component (AddParameter): Name = "LatestRevisionDate"; Value = "17-Jul-2002"; VariantName = "[No Variations]"
Add component (AddParameter): Name = "LatestRevisionNote"; Value = "Re-released for DXP Platform."; VariantName = "[No Variations]"
Add component (AddParameter): Name = "PackageDescription"; Value = "Axial Device, Thru-Hole; 2 Leads; 0.3 in Pin Spacing"; VariantName = "[No Variations]"
Add component (AddParameter): Name = "PackageReference"; Value = "AXIAL-0.3"; VariantName = "[No Variations]"
Add component (AddParameter): Name = "Published"; Value = "8-Jun-2000"; VariantName = "[No Variations]"
Add component (AddParameter): Name = "Publisher"; Value = "Altium Limited"; VariantName = "[No Variations]"
Add component (AddParameter): Name = "Value"; Value = "1K"; VariantName = "[No Variations]"
Added Component: Designator=R24(AXIAL-0.3)
Add component. Clean all parameters for all variants
Add component (AddParameter): Name = "LatestRevisionDate"; Value = "17-Jul-2002"; VariantName = "[No Variations]"
Add component (AddParameter): Name = "LatestRevisionNote"; Value = "Re-released for DXP Platform."; VariantName = "[No Variations]"
Add component (AddParameter): Name = "PackageDescription"; Value = "Axial Device, Thru-Hole; 2 Leads; 0.3 in Pin Spacing"; VariantName = "[No Variations]"
Add component (AddParameter): Name = "PackageReference"; Value = "AXIAL-0.3"; VariantName = "[No Variations]"
Add component (AddParameter): Name = "Published"; Value = "8-Jun-2000"; VariantName = "[No Variations]"
Add component (AddParameter): Name = "Publisher"; Value = "Altium Limited"; VariantName = "[No Variations]"
Add component (AddParameter): Name = "Value"; Value = "1K"; VariantName = "[No Variations]"
Added Component: Designator=R25(AXIAL-0.3)
Add component. Clean all parameters for all variants
Add component (AddParameter): Name = "LatestRevisionDate"; Value = "17-Jul-2002"; VariantName = "[No Variations]"
Add component (AddParameter): Name = "LatestRevisionNote"; Value = "Re-released for DXP Platform."; VariantName = "[No Variations]"
Add component (AddParameter): Name = "PackageDescription"; Value = "Axial Device, Thru-Hole; 2 Leads; 0.3 in Pin Spacing"; VariantName = "[No Variations]"
Add component (AddParameter): Name = "PackageReference"; Value = "AXIAL-0.3"; VariantName = "[No Variations]"
Add component (AddParameter): Name = "Published"; Value = "8-Jun-2000"; VariantName = "[No Variations]"
Add component (AddParameter): Name = "Publisher"; Value = "Altium Limited"; VariantName = "[No Variations]"
Add component (AddParameter): Name = "Value"; Value = "1K"; VariantName = "[No Variations]"
Added Component: Designator=R26(AXIAL-0.3)
Add component. Clean all parameters for all variants
Add component (AddParameter): Name = "LatestRevisionDate"; Value = "17-Jul-2002"; VariantName = "[No Variations]"
Add component (AddParameter): Name = "LatestRevisionNote"; Value = "Re-released for DXP Platform."; VariantName = "[No Variations]"
Add component (AddParameter): Name = "PackageDescription"; Value = "Axial Device, Thru-Hole; 2 Leads; 0.3 in Pin Spacing"; VariantName = "[No Variations]"
Add component (AddParameter): Name = "PackageReference"; Value = "AXIAL-0.3"; VariantName = "[No Variations]"
Add component (AddParameter): Name = "Published"; Value = "8-Jun-2000"; VariantName = "[No Variations]"
Add component (AddParameter): Name = "Publisher"; Value = "Altium Limited"; VariantName = "[No Variations]"
Add component (AddParameter): Name = "Value"; Value = "1K"; VariantName = "[No Variations]"
Added Component: Designator=R27(AXIAL-0.3)
Add component. Clean all parameters for all variants
Add component (AddParameter): Name = "LatestRevisionDate"; Value = "17-Jul-2002"; VariantName = "[No Variations]"
Add component (AddParameter): Name = "LatestRevisionNote"; Value = "Re-released for DXP Platform."; VariantName = "[No Variations]"
Add component (AddParameter): Name = "PackageDescription"; Value = "Axial Device, Thru-Hole; 2 Leads; 0.3 in Pin Spacing"; VariantName = "[No Variations]"
Add component (AddParameter): Name = "PackageReference"; Value = "AXIAL-0.3"; VariantName = "[No Variations]"
Add component (AddParameter): Name = "Published"; Value = "8-Jun-2000"; VariantName = "[No Variations]"
Add component (AddParameter): Name = "Publisher"; Value = "Altium Limited"; VariantName = "[No Variations]"
Add component (AddParameter): Name = "Value"; Value = "1K"; VariantName = "[No Variations]"
Added Component: Designator=R28(AXIAL-0.3)
Add component. Clean all parameters for all variants
Add component (AddParameter): Name = "LatestRevisionDate"; Value = "17-Jul-2002"; VariantName = "[No Variations]"
Add component (AddParameter): Name = "LatestRevisionNote"; Value = "Re-released for DXP Platform."; VariantName = "[No Variations]"
Add component (AddParameter): Name = "PackageDescription"; Value = "Axial Device, Thru-Hole; 2 Leads; 0.3 in Pin Spacing"; VariantName = "[No Variations]"
Add component (AddParameter): Name = "PackageReference"; Value = "AXIAL-0.3"; VariantName = "[No Variations]"
Add component (AddParameter): Name = "Published"; Value = "8-Jun-2000"; VariantName = "[No Variations]"
Add component (AddParameter): Name = "Publisher"; Value = "Altium Limited"; VariantName = "[No Variations]"
Add component (AddParameter): Name = "Value"; Value = "1K"; VariantName = "[No Variations]"
Added Component: Designator=U1(STM-N8)
Add component. Clean all parameters for all variants
Add component (AddParameter): Name = "Datasheet URL"; Value = "https://datasheet.ciiva.com/19471/2002077-19471009.pdf"; VariantName = "[No Variations]"
Add component (AddParameter): Name = "Datasheet Version"; Value = "Rev. 10, 06/2008"; VariantName = "[No Variations]"
Add component (AddParameter): Name = "Family"; Value = "TL082"; VariantName = "[No Variations]"
Add component (AddParameter): Name = "Manufacturer"; Value = "STMicroelectronics"; VariantName = "[No Variations]"
Add component (AddParameter): Name = "Manufacturer Type"; Value = "GeneralPurposeAmplifier"; VariantName = "[No Variations]"
Add component (AddParameter): Name = "Manufacturer URL"; Value = "http://www.st.com/"; VariantName = "[No Variations]"
Add component (AddParameter): Name = "Maximum Dual Supply Voltage"; Value = "18V"; VariantName = "[No Variations]"
Add component (AddParameter): Name = "Maximum Input Bias Current"; Value = "0.0004uA@15V"; VariantName = "[No Variations]"
Add component (AddParameter): Name = "Maximum Input Offset Voltage"; Value = "10mV@15V"; VariantName = "[No Variations]"
Add component (AddParameter): Name = "Maximum Operating Temperature"; Value = "70C"; VariantName = "[No Variations]"
Add component (AddParameter): Name = "Maximum Power Dissipation"; Value = "680mW"; VariantName = "[No Variations]"
Add component (AddParameter): Name = "Maximum Supply Current"; Value = "2.5mA@15V"; VariantName = "[No Variations]"
Add component (AddParameter): Name = "Minimum CMRR"; Value = "70dB"; VariantName = "[No Variations]"
Add component (AddParameter): Name = "Minimum Dual Supply Voltage"; Value = "3V"; VariantName = "[No Variations]"
Add component (AddParameter): Name = "Minimum Operating Temperature"; Value = "0C"; VariantName = "[No Variations]"
Add component (AddParameter): Name = "Mounting"; Value = "ThroughHole"; VariantName = "[No Variations]"
Add component (AddParameter): Name = "Mounting Technology"; Value = "ThroughHole"; VariantName = "[No Variations]"
Add component (AddParameter): Name = "Number of Channels per Chip"; Value = "2"; VariantName = "[No Variations]"
Add component (AddParameter): Name = "Package Description"; Value = "8-Pin Double In-line Package, Body 9.59 x 6.605 mm, Pitch 2.54 mm"; VariantName = "[No Variations]"
Add component (AddParameter): Name = "Package Reference"; Value = "N8"; VariantName = "[No Variations]"
Add component (AddParameter): Name = "Packaging"; Value = "Tube"; VariantName = "[No Variations]"
Add component (AddParameter): Name = "PartId"; Value = "1"; VariantName = "[No Variations]"
Add component (AddParameter): Name = "Pin_Count"; Value = "8"; VariantName = "[No Variations]"
Add component (AddParameter): Name = "Power Supply Type"; Value = "Dual"; VariantName = "[No Variations]"
Add component (AddParameter): Name = "Product Height"; Value = "3.3mm"; VariantName = "[No Variations]"
Add component (AddParameter): Name = "Product Length"; Value = "9.27mm"; VariantName = "[No Variations]"
Add component (AddParameter): Name = "Product Type"; Value = "OPAmp"; VariantName = "[No Variations]"
Add component (AddParameter): Name = "Product Width"; Value = "6.35mm"; VariantName = "[No Variations]"
Add component (AddParameter): Name = "Rail to Rail"; Value = "No"; VariantName = "[No Variations]"
Add component (AddParameter): Name = "Shut Down Support"; Value = "No"; VariantName = "[No Variations]"
Add component (AddParameter): Name = "Supplier_Package"; Value = "PDIP"; VariantName = "[No Variations]"
Add component (AddParameter): Name = "Technology"; Value = "BiFET"; VariantName = "[No Variations]"
Add component (AddParameter): Name = "Type"; Value = "GeneralPurposeAmplifier"; VariantName = "[No Variations]"
Add component (AddParameter): Name = "Typical Dual Supply Voltage"; Value = "5V"; VariantName = "[No Variations]"
Add component (AddParameter): Name = "Typical Gain Bandwidth Product"; Value = "4MHz"; VariantName = "[No Variations]"
Add component (AddParameter): Name = "Typical Input Noise Voltage Density"; Value = "15nV/rtHz@15V"; VariantName = "[No Variations]"
Add component (AddParameter): Name = "Typical Slew Rate"; Value = "16V/us@15V"; VariantName = "[No Variations]"
Add component (AddParameter): Name = "Typical Voltage Gain"; Value = "106.02dB"; VariantName = "[No Variations]"
Added Component: Designator=U2(STM-N8)
Add component. Clean all parameters for all variants
Add component (AddParameter): Name = "Datasheet URL"; Value = "https://datasheet.ciiva.com/19471/2002077-19471009.pdf"; VariantName = "[No Variations]"
Add component (AddParameter): Name = "Datasheet Version"; Value = "Rev. 10, 06/2008"; VariantName = "[No Variations]"
Add component (AddParameter): Name = "Family"; Value = "TL082"; VariantName = "[No Variations]"
Add component (AddParameter): Name = "Manufacturer"; Value = "STMicroelectronics"; VariantName = "[No Variations]"
Add component (AddParameter): Name = "Manufacturer Type"; Value = "GeneralPurposeAmplifier"; VariantName = "[No Variations]"
Add component (AddParameter): Name = "Manufacturer URL"; Value = "http://www.st.com/"; VariantName = "[No Variations]"
Add component (AddParameter): Name = "Maximum Dual Supply Voltage"; Value = "18V"; VariantName = "[No Variations]"
Add component (AddParameter): Name = "Maximum Input Bias Current"; Value = "0.0004uA@15V"; VariantName = "[No Variations]"
Add component (AddParameter): Name = "Maximum Input Offset Voltage"; Value = "10mV@15V"; VariantName = "[No Variations]"
Add component (AddParameter): Name = "Maximum Operating Temperature"; Value = "70C"; VariantName = "[No Variations]"
Add component (AddParameter): Name = "Maximum Power Dissipation"; Value = "680mW"; VariantName = "[No Variations]"
Add component (AddParameter): Name = "Maximum Supply Current"; Value = "2.5mA@15V"; VariantName = "[No Variations]"
Add component (AddParameter): Name = "Minimum CMRR"; Value = "70dB"; VariantName = "[No Variations]"
Add component (AddParameter): Name = "Minimum Dual Supply Voltage"; Value = "3V"; VariantName = "[No Variations]"
Add component (AddParameter): Name = "Minimum Operating Temperature"; Value = "0C"; VariantName = "[No Variations]"
Add component (AddParameter): Name = "Mounting"; Value = "ThroughHole"; VariantName = "[No Variations]"
Add component (AddParameter): Name = "Mounting Technology"; Value = "ThroughHole"; VariantName = "[No Variations]"
Add component (AddParameter): Name = "Number of Channels per Chip"; Value = "2"; VariantName = "[No Variations]"
Add component (AddParameter): Name = "Package Description"; Value = "8-Pin Double In-line Package, Body 9.59 x 6.605 mm, Pitch 2.54 mm"; VariantName = "[No Variations]"
Add component (AddParameter): Name = "Package Reference"; Value = "N8"; VariantName = "[No Variations]"
Add component (AddParameter): Name = "Packaging"; Value = "Tube"; VariantName = "[No Variations]"
Add component (AddParameter): Name = "PartId"; Value = "1"; VariantName = "[No Variations]"
Add component (AddParameter): Name = "Pin_Count"; Value = "8"; VariantName = "[No Variations]"
Add component (AddParameter): Name = "Power Supply Type"; Value = "Dual"; VariantName = "[No Variations]"
Add component (AddParameter): Name = "Product Height"; Value = "3.3mm"; VariantName = "[No Variations]"
Add component (AddParameter): Name = "Product Length"; Value = "9.27mm"; VariantName = "[No Variations]"
Add component (AddParameter): Name = "Product Type"; Value = "OPAmp"; VariantName = "[No Variations]"
Add component (AddParameter): Name = "Product Width"; Value = "6.35mm"; VariantName = "[No Variations]"
Add component (AddParameter): Name = "Rail to Rail"; Value = "No"; VariantName = "[No Variations]"
Add component (AddParameter): Name = "Shut Down Support"; Value = "No"; VariantName = "[No Variations]"
Add component (AddParameter): Name = "Supplier_Package"; Value = "PDIP"; VariantName = "[No Variations]"
Add component (AddParameter): Name = "Technology"; Value = "BiFET"; VariantName = "[No Variations]"
Add component (AddParameter): Name = "Type"; Value = "GeneralPurposeAmplifier"; VariantName = "[No Variations]"
Add component (AddParameter): Name = "Typical Dual Supply Voltage"; Value = "5V"; VariantName = "[No Variations]"
Add component (AddParameter): Name = "Typical Gain Bandwidth Product"; Value = "4MHz"; VariantName = "[No Variations]"
Add component (AddParameter): Name = "Typical Input Noise Voltage Density"; Value = "15nV/rtHz@15V"; VariantName = "[No Variations]"
Add component (AddParameter): Name = "Typical Slew Rate"; Value = "16V/us@15V"; VariantName = "[No Variations]"
Add component (AddParameter): Name = "Typical Voltage Gain"; Value = "106.02dB"; VariantName = "[No Variations]"
Added Pin To Net: NetName=+12V Pin=C1-1
Added Pin To Net: NetName=+12V Pin=C2-1
Added Pin To Net: NetName=+12V Pin=D4-2
Added Pin To Net: NetName=+12V Pin=P3-5
Added Pin To Net: NetName=+12V Pin=R2-2
Added Pin To Net: NetName=+12V Pin=R10-2
Added Pin To Net: NetName=+12V Pin=R17-2
Added Pin To Net: NetName=+12V Pin=R24-2
Added Pin To Net: NetName=+12V Pin=U1-8
Added Pin To Net: NetName=+12V Pin=U2-8
Added Net: Name=+12V
Added Pin To Net: NetName=-12V Pin=C3-1
Added Pin To Net: NetName=-12V Pin=C4-1
Added Pin To Net: NetName=-12V Pin=D6-1
Added Pin To Net: NetName=-12V Pin=P3-6
Added Pin To Net: NetName=-12V Pin=R1-1
Added Pin To Net: NetName=-12V Pin=R9-1
Added Pin To Net: NetName=-12V Pin=R16-1
Added Pin To Net: NetName=-12V Pin=R23-1
Added Pin To Net: NetName=-12V Pin=U1-4
Added Pin To Net: NetName=-12V Pin=U2-4
Added Net: Name=-12V
Added Pin To Net: NetName=CV_1_1 Pin=P4-1
Added Pin To Net: NetName=CV_1_1 Pin=R6-1
Added Net: Name=CV_1_1
Added Pin To Net: NetName=CV_1_2 Pin=P4-2
Added Pin To Net: NetName=CV_1_2 Pin=R7-1
Added Net: Name=CV_1_2
Added Pin To Net: NetName=CV_2_1 Pin=P4-3
Added Pin To Net: NetName=CV_2_1 Pin=R13-1
Added Net: Name=CV_2_1
Added Pin To Net: NetName=CV_2_2 Pin=P4-4
Added Pin To Net: NetName=CV_2_2 Pin=R14-1
Added Net: Name=CV_2_2
Added Pin To Net: NetName=CV_3_1 Pin=P4-5
Added Pin To Net: NetName=CV_3_1 Pin=R20-1
Added Net: Name=CV_3_1
Added Pin To Net: NetName=CV_3_2 Pin=P4-6
Added Pin To Net: NetName=CV_3_2 Pin=R21-1
Added Net: Name=CV_3_2
Added Pin To Net: NetName=CV_4_1 Pin=P4-7
Added Pin To Net: NetName=CV_4_1 Pin=R27-1
Added Net: Name=CV_4_1
Added Pin To Net: NetName=CV_4_2 Pin=P4-8
Added Pin To Net: NetName=CV_4_2 Pin=R28-1
Added Net: Name=CV_4_2
Added Pin To Net: NetName=CV_Out1 Pin=D1-2
Added Pin To Net: NetName=CV_Out1 Pin=P3-1
Added Pin To Net: NetName=CV_Out1 Pin=R5-2
Added Net: Name=CV_Out1
Added Pin To Net: NetName=CV_Out2 Pin=D2-2
Added Pin To Net: NetName=CV_Out2 Pin=P3-2
Added Pin To Net: NetName=CV_Out2 Pin=R12-2
Added Net: Name=CV_Out2
Added Pin To Net: NetName=CV_Out3 Pin=D3-2
Added Pin To Net: NetName=CV_Out3 Pin=P3-3
Added Pin To Net: NetName=CV_Out3 Pin=R19-2
Added Net: Name=CV_Out3
Added Pin To Net: NetName=CV_Out4 Pin=D5-2
Added Pin To Net: NetName=CV_Out4 Pin=P3-4
Added Pin To Net: NetName=CV_Out4 Pin=R26-2
Added Net: Name=CV_Out4
Added Pin To Net: NetName=GND Pin=C1-2
Added Pin To Net: NetName=GND Pin=C2-2
Added Pin To Net: NetName=GND Pin=C3-2
Added Pin To Net: NetName=GND Pin=C4-2
Added Pin To Net: NetName=GND Pin=D1-1
Added Pin To Net: NetName=GND Pin=D2-1
Added Pin To Net: NetName=GND Pin=D3-1
Added Pin To Net: NetName=GND Pin=D5-1
Added Pin To Net: NetName=GND Pin=P3-7
Added Pin To Net: NetName=GND Pin=P4-9
Added Pin To Net: NetName=GND Pin=P4-10
Added Pin To Net: NetName=GND Pin=P4-11
Added Pin To Net: NetName=GND Pin=P4-12
Added Pin To Net: NetName=GND Pin=P7-3
Added Pin To Net: NetName=GND Pin=P7-4
Added Pin To Net: NetName=GND Pin=P7-5
Added Pin To Net: NetName=GND Pin=P7-6
Added Pin To Net: NetName=GND Pin=P7-7
Added Pin To Net: NetName=GND Pin=P7-8
Added Pin To Net: NetName=GND Pin=U1-3
Added Pin To Net: NetName=GND Pin=U1-5
Added Pin To Net: NetName=GND Pin=U2-3
Added Pin To Net: NetName=GND Pin=U2-5
Added Net: Name=GND
Added Pin To Net: NetName=NetD4_1 Pin=D4-1
Added Pin To Net: NetName=NetD4_1 Pin=P7-9
Added Pin To Net: NetName=NetD4_1 Pin=P7-10
Added Net: Name=NetD4_1
Added Pin To Net: NetName=NetD6_2 Pin=D6-2
Added Pin To Net: NetName=NetD6_2 Pin=P7-1
Added Pin To Net: NetName=NetD6_2 Pin=P7-2
Added Net: Name=NetD6_2
Added Pin To Net: NetName=NetP1_1 Pin=P1-1
Added Pin To Net: NetName=NetP1_1 Pin=R1-2
Added Net: Name=NetP1_1
Added Pin To Net: NetName=NetP1_2 Pin=P1-2
Added Pin To Net: NetName=NetP1_2 Pin=R4-1
Added Net: Name=NetP1_2
Added Pin To Net: NetName=NetP1_3 Pin=P1-3
Added Pin To Net: NetName=NetP1_3 Pin=R2-1
Added Net: Name=NetP1_3
Added Pin To Net: NetName=NetP2_1 Pin=P2-1
Added Pin To Net: NetName=NetP2_1 Pin=R9-2
Added Net: Name=NetP2_1
Added Pin To Net: NetName=NetP2_2 Pin=P2-2
Added Pin To Net: NetName=NetP2_2 Pin=R11-1
Added Net: Name=NetP2_2
Added Pin To Net: NetName=NetP2_3 Pin=P2-3
Added Pin To Net: NetName=NetP2_3 Pin=R10-1
Added Net: Name=NetP2_3
Added Pin To Net: NetName=NetP5_1 Pin=P5-1
Added Pin To Net: NetName=NetP5_1 Pin=R16-2
Added Net: Name=NetP5_1
Added Pin To Net: NetName=NetP5_2 Pin=P5-2
Added Pin To Net: NetName=NetP5_2 Pin=R18-1
Added Net: Name=NetP5_2
Added Pin To Net: NetName=NetP5_3 Pin=P5-3
Added Pin To Net: NetName=NetP5_3 Pin=R17-1
Added Net: Name=NetP5_3
Added Pin To Net: NetName=NetP6_1 Pin=P6-1
Added Pin To Net: NetName=NetP6_1 Pin=R23-2
Added Net: Name=NetP6_1
Added Pin To Net: NetName=NetP6_2 Pin=P6-2
Added Pin To Net: NetName=NetP6_2 Pin=R25-1
Added Net: Name=NetP6_2
Added Pin To Net: NetName=NetP6_3 Pin=P6-3
Added Pin To Net: NetName=NetP6_3 Pin=R24-1
Added Net: Name=NetP6_3
Added Pin To Net: NetName=NetR3_1 Pin=R3-1
Added Pin To Net: NetName=NetR3_1 Pin=R4-2
Added Pin To Net: NetName=NetR3_1 Pin=R6-2
Added Pin To Net: NetName=NetR3_1 Pin=R7-2
Added Pin To Net: NetName=NetR3_1 Pin=U1-2
Added Net: Name=NetR3_1
Added Pin To Net: NetName=NetR3_2 Pin=R3-2
Added Pin To Net: NetName=NetR3_2 Pin=R5-1
Added Pin To Net: NetName=NetR3_2 Pin=U1-1
Added Net: Name=NetR3_2
Added Pin To Net: NetName=NetR8_1 Pin=R8-1
Added Pin To Net: NetName=NetR8_1 Pin=R11-2
Added Pin To Net: NetName=NetR8_1 Pin=R13-2
Added Pin To Net: NetName=NetR8_1 Pin=R14-2
Added Pin To Net: NetName=NetR8_1 Pin=U1-6
Added Net: Name=NetR8_1
Added Pin To Net: NetName=NetR8_2 Pin=R8-2
Added Pin To Net: NetName=NetR8_2 Pin=R12-1
Added Pin To Net: NetName=NetR8_2 Pin=U1-7
Added Net: Name=NetR8_2
Added Pin To Net: NetName=NetR15_1 Pin=R15-1
Added Pin To Net: NetName=NetR15_1 Pin=R18-2
Added Pin To Net: NetName=NetR15_1 Pin=R20-2
Added Pin To Net: NetName=NetR15_1 Pin=R21-2
Added Pin To Net: NetName=NetR15_1 Pin=U2-2
Added Net: Name=NetR15_1
Added Pin To Net: NetName=NetR15_2 Pin=R15-2
Added Pin To Net: NetName=NetR15_2 Pin=R19-1
Added Pin To Net: NetName=NetR15_2 Pin=U2-1
Added Net: Name=NetR15_2
Added Pin To Net: NetName=NetR22_1 Pin=R22-1
Added Pin To Net: NetName=NetR22_1 Pin=R25-2
Added Pin To Net: NetName=NetR22_1 Pin=R27-2
Added Pin To Net: NetName=NetR22_1 Pin=R28-2
Added Pin To Net: NetName=NetR22_1 Pin=U2-6
Added Net: Name=NetR22_1
Added Pin To Net: NetName=NetR22_2 Pin=R22-2
Added Pin To Net: NetName=NetR22_2 Pin=R26-1
Added Pin To Net: NetName=NetR22_2 Pin=U2-7
Added Net: Name=NetR22_2
Added Class: Name=VCA_2
