Change Component Comment : Designator=P3 Old Comment=Header 7 New Comment=POWER_CV_OUT
Change Component Designator: OldDesignator=P3 NewDesignator=CV_POWER_OUT
Change component parameters: Designator = "CV_POWER_OUT"; Footprint = "HDR1X7"; UniqueID = "\XJTQXIKK"
Change component parameters. Clean all parameters for all variants
Change component parameters (AddParameter): Name = "LatestRevisionDate"; Value = "17-Jul-2002"; VariantName = "[No Variations]"
Change component parameters (AddParameter): Name = "LatestRevisionNote"; Value = "Re-released for DXP Platform."; VariantName = "[No Variations]"
Change component parameters (AddParameter): Name = "Publisher"; Value = "Altium Limited"; VariantName = "[No Variations]"
Change component parameters (AddParameter): Name = "System"; Value = "Connector"; VariantName = "[No Variations]"
Change component parameters: Designator = "P4"; Footprint = "HDR1X12"; UniqueID = "\TACCCGPS"
Change component parameters. Clean all parameters for all variants
Change component parameters (AddParameter): Name = "LatestRevisionDate"; Value = "17-Jul-2002"; VariantName = "[No Variations]"
Change component parameters (AddParameter): Name = "LatestRevisionNote"; Value = "Re-released for DXP Platform."; VariantName = "[No Variations]"
Change component parameters (AddParameter): Name = "Publisher"; Value = "Altium Limited"; VariantName = "[No Variations]"
Added Component: Designator=CV_POWER_OUT(HDR1X7)
Add component. Clean all parameters for all variants
Add component (AddParameter): Name = "LatestRevisionDate"; Value = "17-Jul-2002"; VariantName = "[No Variations]"
Add component (AddParameter): Name = "LatestRevisionNote"; Value = "Re-released for DXP Platform."; VariantName = "[No Variations]"
Add component (AddParameter): Name = "Publisher"; Value = "Altium Limited"; VariantName = "[No Variations]"
Added Pin To Net: NetName=CV_Out1 Pin=CV_POWER_OUT-1
Added Pin To Net: NetName=CV_Out2 Pin=CV_POWER_OUT-2
Added Pin To Net: NetName=CV_Out3 Pin=CV_POWER_OUT-3
Added Pin To Net: NetName=CV_Out4 Pin=CV_POWER_OUT-4
Added Pin To Net: NetName=+12V Pin=CV_POWER_OUT-5
Added Pin To Net: NetName=-12V Pin=CV_POWER_OUT-6
Added Pin To Net: NetName=GND Pin=CV_POWER_OUT-7
Added Member To Class: ClassName=VCA_2 Member=Component CV_POWER_OUT POWER_CV_OUT
