ARM GAS  F:\Temp\cc9krVhD.s 			page 1


   1              		.cpu cortex-m3
   2              		.eabi_attribute 20, 1
   3              		.eabi_attribute 21, 1
   4              		.eabi_attribute 23, 3
   5              		.eabi_attribute 24, 1
   6              		.eabi_attribute 25, 1
   7              		.eabi_attribute 26, 1
   8              		.eabi_attribute 30, 1
   9              		.eabi_attribute 34, 1
  10              		.eabi_attribute 18, 4
  11              		.file	"stm32f1xx_hal_msp.c"
  12              		.text
  13              	.Ltext0:
  14              		.cfi_sections	.debug_frame
  15              		.section	.text.HAL_MspInit,"ax",%progbits
  16              		.align	1
  17              		.global	HAL_MspInit
  18              		.arch armv7-m
  19              		.syntax unified
  20              		.thumb
  21              		.thumb_func
  22              		.fpu softvfp
  24              	HAL_MspInit:
  25              	.LFB65:
  26              		.file 1 "Src/stm32f1xx_hal_msp.c"
   1:Src/stm32f1xx_hal_msp.c **** /* USER CODE BEGIN Header */
   2:Src/stm32f1xx_hal_msp.c **** /**
   3:Src/stm32f1xx_hal_msp.c ****   ******************************************************************************
   4:Src/stm32f1xx_hal_msp.c ****   * File Name          : stm32f1xx_hal_msp.c
   5:Src/stm32f1xx_hal_msp.c ****   * Description        : This file provides code for the MSP Initialization 
   6:Src/stm32f1xx_hal_msp.c ****   *                      and de-Initialization codes.
   7:Src/stm32f1xx_hal_msp.c ****   ******************************************************************************
   8:Src/stm32f1xx_hal_msp.c ****   * @attention
   9:Src/stm32f1xx_hal_msp.c ****   *
  10:Src/stm32f1xx_hal_msp.c ****   * <h2><center>&copy; Copyright (c) 2020 STMicroelectronics.
  11:Src/stm32f1xx_hal_msp.c ****   * All rights reserved.</center></h2>
  12:Src/stm32f1xx_hal_msp.c ****   *
  13:Src/stm32f1xx_hal_msp.c ****   * This software component is licensed by ST under BSD 3-Clause license,
  14:Src/stm32f1xx_hal_msp.c ****   * the "License"; You may not use this file except in compliance with the
  15:Src/stm32f1xx_hal_msp.c ****   * License. You may obtain a copy of the License at:
  16:Src/stm32f1xx_hal_msp.c ****   *                        opensource.org/licenses/BSD-3-Clause
  17:Src/stm32f1xx_hal_msp.c ****   *
  18:Src/stm32f1xx_hal_msp.c ****   ******************************************************************************
  19:Src/stm32f1xx_hal_msp.c ****   */
  20:Src/stm32f1xx_hal_msp.c **** /* USER CODE END Header */
  21:Src/stm32f1xx_hal_msp.c **** 
  22:Src/stm32f1xx_hal_msp.c **** /* Includes ------------------------------------------------------------------*/
  23:Src/stm32f1xx_hal_msp.c **** #include "main.h"
  24:Src/stm32f1xx_hal_msp.c **** /* USER CODE BEGIN Includes */
  25:Src/stm32f1xx_hal_msp.c **** 
  26:Src/stm32f1xx_hal_msp.c **** /* USER CODE END Includes */
  27:Src/stm32f1xx_hal_msp.c **** extern DMA_HandleTypeDef hdma_adc1;
  28:Src/stm32f1xx_hal_msp.c **** 
  29:Src/stm32f1xx_hal_msp.c **** /* Private typedef -----------------------------------------------------------*/
  30:Src/stm32f1xx_hal_msp.c **** /* USER CODE BEGIN TD */
  31:Src/stm32f1xx_hal_msp.c **** 
  32:Src/stm32f1xx_hal_msp.c **** /* USER CODE END TD */
ARM GAS  F:\Temp\cc9krVhD.s 			page 2


  33:Src/stm32f1xx_hal_msp.c **** 
  34:Src/stm32f1xx_hal_msp.c **** /* Private define ------------------------------------------------------------*/
  35:Src/stm32f1xx_hal_msp.c **** /* USER CODE BEGIN Define */
  36:Src/stm32f1xx_hal_msp.c ****  
  37:Src/stm32f1xx_hal_msp.c **** /* USER CODE END Define */
  38:Src/stm32f1xx_hal_msp.c **** 
  39:Src/stm32f1xx_hal_msp.c **** /* Private macro -------------------------------------------------------------*/
  40:Src/stm32f1xx_hal_msp.c **** /* USER CODE BEGIN Macro */
  41:Src/stm32f1xx_hal_msp.c **** 
  42:Src/stm32f1xx_hal_msp.c **** /* USER CODE END Macro */
  43:Src/stm32f1xx_hal_msp.c **** 
  44:Src/stm32f1xx_hal_msp.c **** /* Private variables ---------------------------------------------------------*/
  45:Src/stm32f1xx_hal_msp.c **** /* USER CODE BEGIN PV */
  46:Src/stm32f1xx_hal_msp.c **** 
  47:Src/stm32f1xx_hal_msp.c **** /* USER CODE END PV */
  48:Src/stm32f1xx_hal_msp.c **** 
  49:Src/stm32f1xx_hal_msp.c **** /* Private function prototypes -----------------------------------------------*/
  50:Src/stm32f1xx_hal_msp.c **** /* USER CODE BEGIN PFP */
  51:Src/stm32f1xx_hal_msp.c **** 
  52:Src/stm32f1xx_hal_msp.c **** /* USER CODE END PFP */
  53:Src/stm32f1xx_hal_msp.c **** 
  54:Src/stm32f1xx_hal_msp.c **** /* External functions --------------------------------------------------------*/
  55:Src/stm32f1xx_hal_msp.c **** /* USER CODE BEGIN ExternalFunctions */
  56:Src/stm32f1xx_hal_msp.c **** 
  57:Src/stm32f1xx_hal_msp.c **** /* USER CODE END ExternalFunctions */
  58:Src/stm32f1xx_hal_msp.c **** 
  59:Src/stm32f1xx_hal_msp.c **** /* USER CODE BEGIN 0 */
  60:Src/stm32f1xx_hal_msp.c **** 
  61:Src/stm32f1xx_hal_msp.c **** /* USER CODE END 0 */
  62:Src/stm32f1xx_hal_msp.c **** /**
  63:Src/stm32f1xx_hal_msp.c ****   * Initializes the Global MSP.
  64:Src/stm32f1xx_hal_msp.c ****   */
  65:Src/stm32f1xx_hal_msp.c **** void HAL_MspInit(void)
  66:Src/stm32f1xx_hal_msp.c **** {
  27              		.loc 1 66 1 view -0
  28              		.cfi_startproc
  29              		@ args = 0, pretend = 0, frame = 8
  30              		@ frame_needed = 0, uses_anonymous_args = 0
  31              		@ link register save eliminated.
  32 0000 82B0     		sub	sp, sp, #8
  33              	.LCFI0:
  34              		.cfi_def_cfa_offset 8
  67:Src/stm32f1xx_hal_msp.c ****   /* USER CODE BEGIN MspInit 0 */
  68:Src/stm32f1xx_hal_msp.c **** 
  69:Src/stm32f1xx_hal_msp.c ****   /* USER CODE END MspInit 0 */
  70:Src/stm32f1xx_hal_msp.c **** 
  71:Src/stm32f1xx_hal_msp.c ****   __HAL_RCC_AFIO_CLK_ENABLE();
  35              		.loc 1 71 3 view .LVU1
  36              	.LBB2:
  37              		.loc 1 71 3 view .LVU2
  38              		.loc 1 71 3 view .LVU3
  39 0002 0E4B     		ldr	r3, .L3
  40 0004 9A69     		ldr	r2, [r3, #24]
  41 0006 42F00102 		orr	r2, r2, #1
  42 000a 9A61     		str	r2, [r3, #24]
  43              		.loc 1 71 3 view .LVU4
  44 000c 9A69     		ldr	r2, [r3, #24]
ARM GAS  F:\Temp\cc9krVhD.s 			page 3


  45 000e 02F00102 		and	r2, r2, #1
  46 0012 0092     		str	r2, [sp]
  47              		.loc 1 71 3 view .LVU5
  48 0014 009A     		ldr	r2, [sp]
  49              	.LBE2:
  50              		.loc 1 71 3 view .LVU6
  72:Src/stm32f1xx_hal_msp.c ****   __HAL_RCC_PWR_CLK_ENABLE();
  51              		.loc 1 72 3 view .LVU7
  52              	.LBB3:
  53              		.loc 1 72 3 view .LVU8
  54              		.loc 1 72 3 view .LVU9
  55 0016 DA69     		ldr	r2, [r3, #28]
  56 0018 42F08052 		orr	r2, r2, #268435456
  57 001c DA61     		str	r2, [r3, #28]
  58              		.loc 1 72 3 view .LVU10
  59 001e DB69     		ldr	r3, [r3, #28]
  60 0020 03F08053 		and	r3, r3, #268435456
  61 0024 0193     		str	r3, [sp, #4]
  62              		.loc 1 72 3 view .LVU11
  63 0026 019B     		ldr	r3, [sp, #4]
  64              	.LBE3:
  65              		.loc 1 72 3 view .LVU12
  73:Src/stm32f1xx_hal_msp.c **** 
  74:Src/stm32f1xx_hal_msp.c ****   /* System interrupt init*/
  75:Src/stm32f1xx_hal_msp.c **** 
  76:Src/stm32f1xx_hal_msp.c ****   /** NOJTAG: JTAG-DP Disabled and SW-DP Enabled 
  77:Src/stm32f1xx_hal_msp.c ****   */
  78:Src/stm32f1xx_hal_msp.c ****   __HAL_AFIO_REMAP_SWJ_NOJTAG();
  66              		.loc 1 78 3 view .LVU13
  67              	.LBB4:
  68              		.loc 1 78 3 view .LVU14
  69 0028 054A     		ldr	r2, .L3+4
  70 002a 5368     		ldr	r3, [r2, #4]
  71              	.LVL0:
  72              		.loc 1 78 3 view .LVU15
  73 002c 23F0E063 		bic	r3, r3, #117440512
  74              	.LVL1:
  75              		.loc 1 78 3 view .LVU16
  76 0030 43F00073 		orr	r3, r3, #33554432
  77              	.LVL2:
  78              		.loc 1 78 3 view .LVU17
  79 0034 5360     		str	r3, [r2, #4]
  80              	.LBE4:
  81              		.loc 1 78 3 view .LVU18
  79:Src/stm32f1xx_hal_msp.c **** 
  80:Src/stm32f1xx_hal_msp.c ****   /* USER CODE BEGIN MspInit 1 */
  81:Src/stm32f1xx_hal_msp.c **** 
  82:Src/stm32f1xx_hal_msp.c ****   /* USER CODE END MspInit 1 */
  83:Src/stm32f1xx_hal_msp.c **** }
  82              		.loc 1 83 1 is_stmt 0 view .LVU19
  83 0036 02B0     		add	sp, sp, #8
  84              	.LCFI1:
  85              		.cfi_def_cfa_offset 0
  86              		@ sp needed
  87 0038 7047     		bx	lr
  88              	.L4:
  89 003a 00BF     		.align	2
ARM GAS  F:\Temp\cc9krVhD.s 			page 4


  90              	.L3:
  91 003c 00100240 		.word	1073876992
  92 0040 00000140 		.word	1073807360
  93              		.cfi_endproc
  94              	.LFE65:
  96              		.section	.text.HAL_ADC_MspInit,"ax",%progbits
  97              		.align	1
  98              		.global	HAL_ADC_MspInit
  99              		.syntax unified
 100              		.thumb
 101              		.thumb_func
 102              		.fpu softvfp
 104              	HAL_ADC_MspInit:
 105              	.LVL3:
 106              	.LFB66:
  84:Src/stm32f1xx_hal_msp.c **** 
  85:Src/stm32f1xx_hal_msp.c **** /**
  86:Src/stm32f1xx_hal_msp.c **** * @brief ADC MSP Initialization
  87:Src/stm32f1xx_hal_msp.c **** * This function configures the hardware resources used in this example
  88:Src/stm32f1xx_hal_msp.c **** * @param hadc: ADC handle pointer
  89:Src/stm32f1xx_hal_msp.c **** * @retval None
  90:Src/stm32f1xx_hal_msp.c **** */
  91:Src/stm32f1xx_hal_msp.c **** void HAL_ADC_MspInit(ADC_HandleTypeDef* hadc)
  92:Src/stm32f1xx_hal_msp.c **** {
 107              		.loc 1 92 1 is_stmt 1 view -0
 108              		.cfi_startproc
 109              		@ args = 0, pretend = 0, frame = 32
 110              		@ frame_needed = 0, uses_anonymous_args = 0
 111              		.loc 1 92 1 is_stmt 0 view .LVU21
 112 0000 70B5     		push	{r4, r5, r6, lr}
 113              	.LCFI2:
 114              		.cfi_def_cfa_offset 16
 115              		.cfi_offset 4, -16
 116              		.cfi_offset 5, -12
 117              		.cfi_offset 6, -8
 118              		.cfi_offset 14, -4
 119 0002 88B0     		sub	sp, sp, #32
 120              	.LCFI3:
 121              		.cfi_def_cfa_offset 48
  93:Src/stm32f1xx_hal_msp.c ****   GPIO_InitTypeDef GPIO_InitStruct = {0};
 122              		.loc 1 93 3 is_stmt 1 view .LVU22
 123              		.loc 1 93 20 is_stmt 0 view .LVU23
 124 0004 0023     		movs	r3, #0
 125 0006 0493     		str	r3, [sp, #16]
 126 0008 0593     		str	r3, [sp, #20]
 127 000a 0693     		str	r3, [sp, #24]
 128 000c 0793     		str	r3, [sp, #28]
  94:Src/stm32f1xx_hal_msp.c ****   if(hadc->Instance==ADC1)
 129              		.loc 1 94 3 is_stmt 1 view .LVU24
 130              		.loc 1 94 10 is_stmt 0 view .LVU25
 131 000e 0268     		ldr	r2, [r0]
 132              		.loc 1 94 5 view .LVU26
 133 0010 2D4B     		ldr	r3, .L11
 134 0012 9A42     		cmp	r2, r3
 135 0014 01D0     		beq	.L9
 136              	.LVL4:
 137              	.L5:
ARM GAS  F:\Temp\cc9krVhD.s 			page 5


  95:Src/stm32f1xx_hal_msp.c ****   {
  96:Src/stm32f1xx_hal_msp.c ****   /* USER CODE BEGIN ADC1_MspInit 0 */
  97:Src/stm32f1xx_hal_msp.c **** 
  98:Src/stm32f1xx_hal_msp.c ****   /* USER CODE END ADC1_MspInit 0 */
  99:Src/stm32f1xx_hal_msp.c ****     /* Peripheral clock enable */
 100:Src/stm32f1xx_hal_msp.c ****     __HAL_RCC_ADC1_CLK_ENABLE();
 101:Src/stm32f1xx_hal_msp.c ****   
 102:Src/stm32f1xx_hal_msp.c ****     __HAL_RCC_GPIOA_CLK_ENABLE();
 103:Src/stm32f1xx_hal_msp.c ****     __HAL_RCC_GPIOC_CLK_ENABLE();
 104:Src/stm32f1xx_hal_msp.c ****     __HAL_RCC_GPIOB_CLK_ENABLE();
 105:Src/stm32f1xx_hal_msp.c ****     /**ADC1 GPIO Configuration    
 106:Src/stm32f1xx_hal_msp.c ****     PA4     ------> ADC1_IN4
 107:Src/stm32f1xx_hal_msp.c ****     PC5     ------> ADC1_IN15
 108:Src/stm32f1xx_hal_msp.c ****     PB0     ------> ADC1_IN8
 109:Src/stm32f1xx_hal_msp.c ****     PB1     ------> ADC1_IN9 
 110:Src/stm32f1xx_hal_msp.c ****     */
 111:Src/stm32f1xx_hal_msp.c ****     GPIO_InitStruct.Pin = POT4_Pin;
 112:Src/stm32f1xx_hal_msp.c ****     GPIO_InitStruct.Mode = GPIO_MODE_ANALOG;
 113:Src/stm32f1xx_hal_msp.c ****     HAL_GPIO_Init(POT4_GPIO_Port, &GPIO_InitStruct);
 114:Src/stm32f1xx_hal_msp.c **** 
 115:Src/stm32f1xx_hal_msp.c ****     GPIO_InitStruct.Pin = POT1_Pin;
 116:Src/stm32f1xx_hal_msp.c ****     GPIO_InitStruct.Mode = GPIO_MODE_ANALOG;
 117:Src/stm32f1xx_hal_msp.c ****     HAL_GPIO_Init(POT1_GPIO_Port, &GPIO_InitStruct);
 118:Src/stm32f1xx_hal_msp.c **** 
 119:Src/stm32f1xx_hal_msp.c ****     GPIO_InitStruct.Pin = POT3_Pin|POT2_Pin;
 120:Src/stm32f1xx_hal_msp.c ****     GPIO_InitStruct.Mode = GPIO_MODE_ANALOG;
 121:Src/stm32f1xx_hal_msp.c ****     HAL_GPIO_Init(GPIOB, &GPIO_InitStruct);
 122:Src/stm32f1xx_hal_msp.c **** 
 123:Src/stm32f1xx_hal_msp.c ****     /* ADC1 DMA Init */
 124:Src/stm32f1xx_hal_msp.c ****     /* ADC1 Init */
 125:Src/stm32f1xx_hal_msp.c ****     hdma_adc1.Instance = DMA1_Channel1;
 126:Src/stm32f1xx_hal_msp.c ****     hdma_adc1.Init.Direction = DMA_PERIPH_TO_MEMORY;
 127:Src/stm32f1xx_hal_msp.c ****     hdma_adc1.Init.PeriphInc = DMA_PINC_DISABLE;
 128:Src/stm32f1xx_hal_msp.c ****     hdma_adc1.Init.MemInc = DMA_MINC_ENABLE;
 129:Src/stm32f1xx_hal_msp.c ****     hdma_adc1.Init.PeriphDataAlignment = DMA_PDATAALIGN_HALFWORD;
 130:Src/stm32f1xx_hal_msp.c ****     hdma_adc1.Init.MemDataAlignment = DMA_MDATAALIGN_HALFWORD;
 131:Src/stm32f1xx_hal_msp.c ****     hdma_adc1.Init.Mode = DMA_CIRCULAR;
 132:Src/stm32f1xx_hal_msp.c ****     hdma_adc1.Init.Priority = DMA_PRIORITY_LOW;
 133:Src/stm32f1xx_hal_msp.c ****     if (HAL_DMA_Init(&hdma_adc1) != HAL_OK)
 134:Src/stm32f1xx_hal_msp.c ****     {
 135:Src/stm32f1xx_hal_msp.c ****       Error_Handler();
 136:Src/stm32f1xx_hal_msp.c ****     }
 137:Src/stm32f1xx_hal_msp.c **** 
 138:Src/stm32f1xx_hal_msp.c ****     __HAL_LINKDMA(hadc,DMA_Handle,hdma_adc1);
 139:Src/stm32f1xx_hal_msp.c **** 
 140:Src/stm32f1xx_hal_msp.c ****   /* USER CODE BEGIN ADC1_MspInit 1 */
 141:Src/stm32f1xx_hal_msp.c **** 
 142:Src/stm32f1xx_hal_msp.c ****   /* USER CODE END ADC1_MspInit 1 */
 143:Src/stm32f1xx_hal_msp.c ****   }
 144:Src/stm32f1xx_hal_msp.c **** 
 145:Src/stm32f1xx_hal_msp.c **** }
 138              		.loc 1 145 1 view .LVU27
 139 0016 08B0     		add	sp, sp, #32
 140              	.LCFI4:
 141              		.cfi_remember_state
 142              		.cfi_def_cfa_offset 16
 143              		@ sp needed
ARM GAS  F:\Temp\cc9krVhD.s 			page 6


 144 0018 70BD     		pop	{r4, r5, r6, pc}
 145              	.LVL5:
 146              	.L9:
 147              	.LCFI5:
 148              		.cfi_restore_state
 149              		.loc 1 145 1 view .LVU28
 150 001a 0446     		mov	r4, r0
 100:Src/stm32f1xx_hal_msp.c ****   
 151              		.loc 1 100 5 is_stmt 1 view .LVU29
 152              	.LBB5:
 100:Src/stm32f1xx_hal_msp.c ****   
 153              		.loc 1 100 5 view .LVU30
 100:Src/stm32f1xx_hal_msp.c ****   
 154              		.loc 1 100 5 view .LVU31
 155 001c 03F56C43 		add	r3, r3, #60416
 156 0020 9A69     		ldr	r2, [r3, #24]
 157 0022 42F40072 		orr	r2, r2, #512
 158 0026 9A61     		str	r2, [r3, #24]
 100:Src/stm32f1xx_hal_msp.c ****   
 159              		.loc 1 100 5 view .LVU32
 160 0028 9A69     		ldr	r2, [r3, #24]
 161 002a 02F40072 		and	r2, r2, #512
 162 002e 0092     		str	r2, [sp]
 100:Src/stm32f1xx_hal_msp.c ****   
 163              		.loc 1 100 5 view .LVU33
 164 0030 009A     		ldr	r2, [sp]
 165              	.LBE5:
 100:Src/stm32f1xx_hal_msp.c ****   
 166              		.loc 1 100 5 view .LVU34
 102:Src/stm32f1xx_hal_msp.c ****     __HAL_RCC_GPIOC_CLK_ENABLE();
 167              		.loc 1 102 5 view .LVU35
 168              	.LBB6:
 102:Src/stm32f1xx_hal_msp.c ****     __HAL_RCC_GPIOC_CLK_ENABLE();
 169              		.loc 1 102 5 view .LVU36
 102:Src/stm32f1xx_hal_msp.c ****     __HAL_RCC_GPIOC_CLK_ENABLE();
 170              		.loc 1 102 5 view .LVU37
 171 0032 9A69     		ldr	r2, [r3, #24]
 172 0034 42F00402 		orr	r2, r2, #4
 173 0038 9A61     		str	r2, [r3, #24]
 102:Src/stm32f1xx_hal_msp.c ****     __HAL_RCC_GPIOC_CLK_ENABLE();
 174              		.loc 1 102 5 view .LVU38
 175 003a 9A69     		ldr	r2, [r3, #24]
 176 003c 02F00402 		and	r2, r2, #4
 177 0040 0192     		str	r2, [sp, #4]
 102:Src/stm32f1xx_hal_msp.c ****     __HAL_RCC_GPIOC_CLK_ENABLE();
 178              		.loc 1 102 5 view .LVU39
 179 0042 019A     		ldr	r2, [sp, #4]
 180              	.LBE6:
 102:Src/stm32f1xx_hal_msp.c ****     __HAL_RCC_GPIOC_CLK_ENABLE();
 181              		.loc 1 102 5 view .LVU40
 103:Src/stm32f1xx_hal_msp.c ****     __HAL_RCC_GPIOB_CLK_ENABLE();
 182              		.loc 1 103 5 view .LVU41
 183              	.LBB7:
 103:Src/stm32f1xx_hal_msp.c ****     __HAL_RCC_GPIOB_CLK_ENABLE();
 184              		.loc 1 103 5 view .LVU42
 103:Src/stm32f1xx_hal_msp.c ****     __HAL_RCC_GPIOB_CLK_ENABLE();
 185              		.loc 1 103 5 view .LVU43
ARM GAS  F:\Temp\cc9krVhD.s 			page 7


 186 0044 9A69     		ldr	r2, [r3, #24]
 187 0046 42F01002 		orr	r2, r2, #16
 188 004a 9A61     		str	r2, [r3, #24]
 103:Src/stm32f1xx_hal_msp.c ****     __HAL_RCC_GPIOB_CLK_ENABLE();
 189              		.loc 1 103 5 view .LVU44
 190 004c 9A69     		ldr	r2, [r3, #24]
 191 004e 02F01002 		and	r2, r2, #16
 192 0052 0292     		str	r2, [sp, #8]
 103:Src/stm32f1xx_hal_msp.c ****     __HAL_RCC_GPIOB_CLK_ENABLE();
 193              		.loc 1 103 5 view .LVU45
 194 0054 029A     		ldr	r2, [sp, #8]
 195              	.LBE7:
 103:Src/stm32f1xx_hal_msp.c ****     __HAL_RCC_GPIOB_CLK_ENABLE();
 196              		.loc 1 103 5 view .LVU46
 104:Src/stm32f1xx_hal_msp.c ****     /**ADC1 GPIO Configuration    
 197              		.loc 1 104 5 view .LVU47
 198              	.LBB8:
 104:Src/stm32f1xx_hal_msp.c ****     /**ADC1 GPIO Configuration    
 199              		.loc 1 104 5 view .LVU48
 104:Src/stm32f1xx_hal_msp.c ****     /**ADC1 GPIO Configuration    
 200              		.loc 1 104 5 view .LVU49
 201 0056 9A69     		ldr	r2, [r3, #24]
 202 0058 42F00802 		orr	r2, r2, #8
 203 005c 9A61     		str	r2, [r3, #24]
 104:Src/stm32f1xx_hal_msp.c ****     /**ADC1 GPIO Configuration    
 204              		.loc 1 104 5 view .LVU50
 205 005e 9B69     		ldr	r3, [r3, #24]
 206 0060 03F00803 		and	r3, r3, #8
 207 0064 0393     		str	r3, [sp, #12]
 104:Src/stm32f1xx_hal_msp.c ****     /**ADC1 GPIO Configuration    
 208              		.loc 1 104 5 view .LVU51
 209 0066 039B     		ldr	r3, [sp, #12]
 210              	.LBE8:
 104:Src/stm32f1xx_hal_msp.c ****     /**ADC1 GPIO Configuration    
 211              		.loc 1 104 5 view .LVU52
 111:Src/stm32f1xx_hal_msp.c ****     GPIO_InitStruct.Mode = GPIO_MODE_ANALOG;
 212              		.loc 1 111 5 view .LVU53
 111:Src/stm32f1xx_hal_msp.c ****     GPIO_InitStruct.Mode = GPIO_MODE_ANALOG;
 213              		.loc 1 111 25 is_stmt 0 view .LVU54
 214 0068 1023     		movs	r3, #16
 215 006a 0493     		str	r3, [sp, #16]
 112:Src/stm32f1xx_hal_msp.c ****     HAL_GPIO_Init(POT4_GPIO_Port, &GPIO_InitStruct);
 216              		.loc 1 112 5 is_stmt 1 view .LVU55
 112:Src/stm32f1xx_hal_msp.c ****     HAL_GPIO_Init(POT4_GPIO_Port, &GPIO_InitStruct);
 217              		.loc 1 112 26 is_stmt 0 view .LVU56
 218 006c 0325     		movs	r5, #3
 219 006e 0595     		str	r5, [sp, #20]
 113:Src/stm32f1xx_hal_msp.c **** 
 220              		.loc 1 113 5 is_stmt 1 view .LVU57
 221 0070 0DEB0301 		add	r1, sp, r3
 222 0074 1548     		ldr	r0, .L11+4
 223              	.LVL6:
 113:Src/stm32f1xx_hal_msp.c **** 
 224              		.loc 1 113 5 is_stmt 0 view .LVU58
 225 0076 FFF7FEFF 		bl	HAL_GPIO_Init
 226              	.LVL7:
 115:Src/stm32f1xx_hal_msp.c ****     GPIO_InitStruct.Mode = GPIO_MODE_ANALOG;
ARM GAS  F:\Temp\cc9krVhD.s 			page 8


 227              		.loc 1 115 5 is_stmt 1 view .LVU59
 115:Src/stm32f1xx_hal_msp.c ****     GPIO_InitStruct.Mode = GPIO_MODE_ANALOG;
 228              		.loc 1 115 25 is_stmt 0 view .LVU60
 229 007a 2026     		movs	r6, #32
 230 007c 0496     		str	r6, [sp, #16]
 116:Src/stm32f1xx_hal_msp.c ****     HAL_GPIO_Init(POT1_GPIO_Port, &GPIO_InitStruct);
 231              		.loc 1 116 5 is_stmt 1 view .LVU61
 116:Src/stm32f1xx_hal_msp.c ****     HAL_GPIO_Init(POT1_GPIO_Port, &GPIO_InitStruct);
 232              		.loc 1 116 26 is_stmt 0 view .LVU62
 233 007e 0595     		str	r5, [sp, #20]
 117:Src/stm32f1xx_hal_msp.c **** 
 234              		.loc 1 117 5 is_stmt 1 view .LVU63
 235 0080 04A9     		add	r1, sp, #16
 236 0082 1348     		ldr	r0, .L11+8
 237 0084 FFF7FEFF 		bl	HAL_GPIO_Init
 238              	.LVL8:
 119:Src/stm32f1xx_hal_msp.c ****     GPIO_InitStruct.Mode = GPIO_MODE_ANALOG;
 239              		.loc 1 119 5 view .LVU64
 119:Src/stm32f1xx_hal_msp.c ****     GPIO_InitStruct.Mode = GPIO_MODE_ANALOG;
 240              		.loc 1 119 25 is_stmt 0 view .LVU65
 241 0088 0495     		str	r5, [sp, #16]
 120:Src/stm32f1xx_hal_msp.c ****     HAL_GPIO_Init(GPIOB, &GPIO_InitStruct);
 242              		.loc 1 120 5 is_stmt 1 view .LVU66
 120:Src/stm32f1xx_hal_msp.c ****     HAL_GPIO_Init(GPIOB, &GPIO_InitStruct);
 243              		.loc 1 120 26 is_stmt 0 view .LVU67
 244 008a 0595     		str	r5, [sp, #20]
 121:Src/stm32f1xx_hal_msp.c **** 
 245              		.loc 1 121 5 is_stmt 1 view .LVU68
 246 008c 04A9     		add	r1, sp, #16
 247 008e 1148     		ldr	r0, .L11+12
 248 0090 FFF7FEFF 		bl	HAL_GPIO_Init
 249              	.LVL9:
 125:Src/stm32f1xx_hal_msp.c ****     hdma_adc1.Init.Direction = DMA_PERIPH_TO_MEMORY;
 250              		.loc 1 125 5 view .LVU69
 125:Src/stm32f1xx_hal_msp.c ****     hdma_adc1.Init.Direction = DMA_PERIPH_TO_MEMORY;
 251              		.loc 1 125 24 is_stmt 0 view .LVU70
 252 0094 1048     		ldr	r0, .L11+16
 253 0096 114B     		ldr	r3, .L11+20
 254 0098 0360     		str	r3, [r0]
 126:Src/stm32f1xx_hal_msp.c ****     hdma_adc1.Init.PeriphInc = DMA_PINC_DISABLE;
 255              		.loc 1 126 5 is_stmt 1 view .LVU71
 126:Src/stm32f1xx_hal_msp.c ****     hdma_adc1.Init.PeriphInc = DMA_PINC_DISABLE;
 256              		.loc 1 126 30 is_stmt 0 view .LVU72
 257 009a 0023     		movs	r3, #0
 258 009c 4360     		str	r3, [r0, #4]
 127:Src/stm32f1xx_hal_msp.c ****     hdma_adc1.Init.MemInc = DMA_MINC_ENABLE;
 259              		.loc 1 127 5 is_stmt 1 view .LVU73
 127:Src/stm32f1xx_hal_msp.c ****     hdma_adc1.Init.MemInc = DMA_MINC_ENABLE;
 260              		.loc 1 127 30 is_stmt 0 view .LVU74
 261 009e 8360     		str	r3, [r0, #8]
 128:Src/stm32f1xx_hal_msp.c ****     hdma_adc1.Init.PeriphDataAlignment = DMA_PDATAALIGN_HALFWORD;
 262              		.loc 1 128 5 is_stmt 1 view .LVU75
 128:Src/stm32f1xx_hal_msp.c ****     hdma_adc1.Init.PeriphDataAlignment = DMA_PDATAALIGN_HALFWORD;
 263              		.loc 1 128 27 is_stmt 0 view .LVU76
 264 00a0 8022     		movs	r2, #128
 265 00a2 C260     		str	r2, [r0, #12]
 129:Src/stm32f1xx_hal_msp.c ****     hdma_adc1.Init.MemDataAlignment = DMA_MDATAALIGN_HALFWORD;
ARM GAS  F:\Temp\cc9krVhD.s 			page 9


 266              		.loc 1 129 5 is_stmt 1 view .LVU77
 129:Src/stm32f1xx_hal_msp.c ****     hdma_adc1.Init.MemDataAlignment = DMA_MDATAALIGN_HALFWORD;
 267              		.loc 1 129 40 is_stmt 0 view .LVU78
 268 00a4 4FF48072 		mov	r2, #256
 269 00a8 0261     		str	r2, [r0, #16]
 130:Src/stm32f1xx_hal_msp.c ****     hdma_adc1.Init.Mode = DMA_CIRCULAR;
 270              		.loc 1 130 5 is_stmt 1 view .LVU79
 130:Src/stm32f1xx_hal_msp.c ****     hdma_adc1.Init.Mode = DMA_CIRCULAR;
 271              		.loc 1 130 37 is_stmt 0 view .LVU80
 272 00aa 4FF48062 		mov	r2, #1024
 273 00ae 4261     		str	r2, [r0, #20]
 131:Src/stm32f1xx_hal_msp.c ****     hdma_adc1.Init.Priority = DMA_PRIORITY_LOW;
 274              		.loc 1 131 5 is_stmt 1 view .LVU81
 131:Src/stm32f1xx_hal_msp.c ****     hdma_adc1.Init.Priority = DMA_PRIORITY_LOW;
 275              		.loc 1 131 25 is_stmt 0 view .LVU82
 276 00b0 8661     		str	r6, [r0, #24]
 132:Src/stm32f1xx_hal_msp.c ****     if (HAL_DMA_Init(&hdma_adc1) != HAL_OK)
 277              		.loc 1 132 5 is_stmt 1 view .LVU83
 132:Src/stm32f1xx_hal_msp.c ****     if (HAL_DMA_Init(&hdma_adc1) != HAL_OK)
 278              		.loc 1 132 29 is_stmt 0 view .LVU84
 279 00b2 C361     		str	r3, [r0, #28]
 133:Src/stm32f1xx_hal_msp.c ****     {
 280              		.loc 1 133 5 is_stmt 1 view .LVU85
 133:Src/stm32f1xx_hal_msp.c ****     {
 281              		.loc 1 133 9 is_stmt 0 view .LVU86
 282 00b4 FFF7FEFF 		bl	HAL_DMA_Init
 283              	.LVL10:
 133:Src/stm32f1xx_hal_msp.c ****     {
 284              		.loc 1 133 8 view .LVU87
 285 00b8 18B9     		cbnz	r0, .L10
 286              	.L7:
 138:Src/stm32f1xx_hal_msp.c **** 
 287              		.loc 1 138 5 is_stmt 1 view .LVU88
 138:Src/stm32f1xx_hal_msp.c **** 
 288              		.loc 1 138 5 view .LVU89
 289 00ba 074B     		ldr	r3, .L11+16
 290 00bc 2362     		str	r3, [r4, #32]
 138:Src/stm32f1xx_hal_msp.c **** 
 291              		.loc 1 138 5 view .LVU90
 292 00be 5C62     		str	r4, [r3, #36]
 138:Src/stm32f1xx_hal_msp.c **** 
 293              		.loc 1 138 5 view .LVU91
 294              		.loc 1 145 1 is_stmt 0 view .LVU92
 295 00c0 A9E7     		b	.L5
 296              	.L10:
 135:Src/stm32f1xx_hal_msp.c ****     }
 297              		.loc 1 135 7 is_stmt 1 view .LVU93
 298 00c2 FFF7FEFF 		bl	Error_Handler
 299              	.LVL11:
 300 00c6 F8E7     		b	.L7
 301              	.L12:
 302              		.align	2
 303              	.L11:
 304 00c8 00240140 		.word	1073816576
 305 00cc 00080140 		.word	1073809408
 306 00d0 00100140 		.word	1073811456
 307 00d4 000C0140 		.word	1073810432
ARM GAS  F:\Temp\cc9krVhD.s 			page 10


 308 00d8 00000000 		.word	hdma_adc1
 309 00dc 08000240 		.word	1073872904
 310              		.cfi_endproc
 311              	.LFE66:
 313              		.section	.text.HAL_ADC_MspDeInit,"ax",%progbits
 314              		.align	1
 315              		.global	HAL_ADC_MspDeInit
 316              		.syntax unified
 317              		.thumb
 318              		.thumb_func
 319              		.fpu softvfp
 321              	HAL_ADC_MspDeInit:
 322              	.LVL12:
 323              	.LFB67:
 146:Src/stm32f1xx_hal_msp.c **** 
 147:Src/stm32f1xx_hal_msp.c **** /**
 148:Src/stm32f1xx_hal_msp.c **** * @brief ADC MSP De-Initialization
 149:Src/stm32f1xx_hal_msp.c **** * This function freeze the hardware resources used in this example
 150:Src/stm32f1xx_hal_msp.c **** * @param hadc: ADC handle pointer
 151:Src/stm32f1xx_hal_msp.c **** * @retval None
 152:Src/stm32f1xx_hal_msp.c **** */
 153:Src/stm32f1xx_hal_msp.c **** void HAL_ADC_MspDeInit(ADC_HandleTypeDef* hadc)
 154:Src/stm32f1xx_hal_msp.c **** {
 324              		.loc 1 154 1 view -0
 325              		.cfi_startproc
 326              		@ args = 0, pretend = 0, frame = 0
 327              		@ frame_needed = 0, uses_anonymous_args = 0
 155:Src/stm32f1xx_hal_msp.c ****   if(hadc->Instance==ADC1)
 328              		.loc 1 155 3 view .LVU95
 329              		.loc 1 155 10 is_stmt 0 view .LVU96
 330 0000 0268     		ldr	r2, [r0]
 331              		.loc 1 155 5 view .LVU97
 332 0002 0D4B     		ldr	r3, .L20
 333 0004 9A42     		cmp	r2, r3
 334 0006 00D0     		beq	.L19
 335 0008 7047     		bx	lr
 336              	.L19:
 154:Src/stm32f1xx_hal_msp.c ****   if(hadc->Instance==ADC1)
 337              		.loc 1 154 1 view .LVU98
 338 000a 10B5     		push	{r4, lr}
 339              	.LCFI6:
 340              		.cfi_def_cfa_offset 8
 341              		.cfi_offset 4, -8
 342              		.cfi_offset 14, -4
 343 000c 0446     		mov	r4, r0
 156:Src/stm32f1xx_hal_msp.c ****   {
 157:Src/stm32f1xx_hal_msp.c ****   /* USER CODE BEGIN ADC1_MspDeInit 0 */
 158:Src/stm32f1xx_hal_msp.c **** 
 159:Src/stm32f1xx_hal_msp.c ****   /* USER CODE END ADC1_MspDeInit 0 */
 160:Src/stm32f1xx_hal_msp.c ****     /* Peripheral clock disable */
 161:Src/stm32f1xx_hal_msp.c ****     __HAL_RCC_ADC1_CLK_DISABLE();
 344              		.loc 1 161 5 is_stmt 1 view .LVU99
 345 000e 0B4A     		ldr	r2, .L20+4
 346 0010 9369     		ldr	r3, [r2, #24]
 347 0012 23F40073 		bic	r3, r3, #512
 348 0016 9361     		str	r3, [r2, #24]
 162:Src/stm32f1xx_hal_msp.c ****   
ARM GAS  F:\Temp\cc9krVhD.s 			page 11


 163:Src/stm32f1xx_hal_msp.c ****     /**ADC1 GPIO Configuration    
 164:Src/stm32f1xx_hal_msp.c ****     PA4     ------> ADC1_IN4
 165:Src/stm32f1xx_hal_msp.c ****     PC5     ------> ADC1_IN15
 166:Src/stm32f1xx_hal_msp.c ****     PB0     ------> ADC1_IN8
 167:Src/stm32f1xx_hal_msp.c ****     PB1     ------> ADC1_IN9 
 168:Src/stm32f1xx_hal_msp.c ****     */
 169:Src/stm32f1xx_hal_msp.c ****     HAL_GPIO_DeInit(POT4_GPIO_Port, POT4_Pin);
 349              		.loc 1 169 5 view .LVU100
 350 0018 1021     		movs	r1, #16
 351 001a 0948     		ldr	r0, .L20+8
 352              	.LVL13:
 353              		.loc 1 169 5 is_stmt 0 view .LVU101
 354 001c FFF7FEFF 		bl	HAL_GPIO_DeInit
 355              	.LVL14:
 170:Src/stm32f1xx_hal_msp.c **** 
 171:Src/stm32f1xx_hal_msp.c ****     HAL_GPIO_DeInit(POT1_GPIO_Port, POT1_Pin);
 356              		.loc 1 171 5 is_stmt 1 view .LVU102
 357 0020 2021     		movs	r1, #32
 358 0022 0848     		ldr	r0, .L20+12
 359 0024 FFF7FEFF 		bl	HAL_GPIO_DeInit
 360              	.LVL15:
 172:Src/stm32f1xx_hal_msp.c **** 
 173:Src/stm32f1xx_hal_msp.c ****     HAL_GPIO_DeInit(GPIOB, POT3_Pin|POT2_Pin);
 361              		.loc 1 173 5 view .LVU103
 362 0028 0321     		movs	r1, #3
 363 002a 0748     		ldr	r0, .L20+16
 364 002c FFF7FEFF 		bl	HAL_GPIO_DeInit
 365              	.LVL16:
 174:Src/stm32f1xx_hal_msp.c **** 
 175:Src/stm32f1xx_hal_msp.c ****     /* ADC1 DMA DeInit */
 176:Src/stm32f1xx_hal_msp.c ****     HAL_DMA_DeInit(hadc->DMA_Handle);
 366              		.loc 1 176 5 view .LVU104
 367 0030 206A     		ldr	r0, [r4, #32]
 368 0032 FFF7FEFF 		bl	HAL_DMA_DeInit
 369              	.LVL17:
 177:Src/stm32f1xx_hal_msp.c ****   /* USER CODE BEGIN ADC1_MspDeInit 1 */
 178:Src/stm32f1xx_hal_msp.c **** 
 179:Src/stm32f1xx_hal_msp.c ****   /* USER CODE END ADC1_MspDeInit 1 */
 180:Src/stm32f1xx_hal_msp.c ****   }
 181:Src/stm32f1xx_hal_msp.c **** 
 182:Src/stm32f1xx_hal_msp.c **** }
 370              		.loc 1 182 1 is_stmt 0 view .LVU105
 371 0036 10BD     		pop	{r4, pc}
 372              	.LVL18:
 373              	.L21:
 374              		.loc 1 182 1 view .LVU106
 375              		.align	2
 376              	.L20:
 377 0038 00240140 		.word	1073816576
 378 003c 00100240 		.word	1073876992
 379 0040 00080140 		.word	1073809408
 380 0044 00100140 		.word	1073811456
 381 0048 000C0140 		.word	1073810432
 382              		.cfi_endproc
 383              	.LFE67:
 385              		.section	.text.HAL_I2S_MspInit,"ax",%progbits
 386              		.align	1
ARM GAS  F:\Temp\cc9krVhD.s 			page 12


 387              		.global	HAL_I2S_MspInit
 388              		.syntax unified
 389              		.thumb
 390              		.thumb_func
 391              		.fpu softvfp
 393              	HAL_I2S_MspInit:
 394              	.LVL19:
 395              	.LFB68:
 183:Src/stm32f1xx_hal_msp.c **** 
 184:Src/stm32f1xx_hal_msp.c **** /**
 185:Src/stm32f1xx_hal_msp.c **** * @brief I2S MSP Initialization
 186:Src/stm32f1xx_hal_msp.c **** * This function configures the hardware resources used in this example
 187:Src/stm32f1xx_hal_msp.c **** * @param hi2s: I2S handle pointer
 188:Src/stm32f1xx_hal_msp.c **** * @retval None
 189:Src/stm32f1xx_hal_msp.c **** */
 190:Src/stm32f1xx_hal_msp.c **** void HAL_I2S_MspInit(I2S_HandleTypeDef* hi2s)
 191:Src/stm32f1xx_hal_msp.c **** {
 396              		.loc 1 191 1 is_stmt 1 view -0
 397              		.cfi_startproc
 398              		@ args = 0, pretend = 0, frame = 32
 399              		@ frame_needed = 0, uses_anonymous_args = 0
 400              		.loc 1 191 1 is_stmt 0 view .LVU108
 401 0000 10B5     		push	{r4, lr}
 402              	.LCFI7:
 403              		.cfi_def_cfa_offset 8
 404              		.cfi_offset 4, -8
 405              		.cfi_offset 14, -4
 406 0002 88B0     		sub	sp, sp, #32
 407              	.LCFI8:
 408              		.cfi_def_cfa_offset 40
 192:Src/stm32f1xx_hal_msp.c ****   GPIO_InitTypeDef GPIO_InitStruct = {0};
 409              		.loc 1 192 3 is_stmt 1 view .LVU109
 410              		.loc 1 192 20 is_stmt 0 view .LVU110
 411 0004 0023     		movs	r3, #0
 412 0006 0493     		str	r3, [sp, #16]
 413 0008 0593     		str	r3, [sp, #20]
 414 000a 0693     		str	r3, [sp, #24]
 415 000c 0793     		str	r3, [sp, #28]
 193:Src/stm32f1xx_hal_msp.c ****   if(hi2s->Instance==SPI2)
 416              		.loc 1 193 3 is_stmt 1 view .LVU111
 417              		.loc 1 193 10 is_stmt 0 view .LVU112
 418 000e 0268     		ldr	r2, [r0]
 419              		.loc 1 193 5 view .LVU113
 420 0010 1A4B     		ldr	r3, .L26
 421 0012 9A42     		cmp	r2, r3
 422 0014 01D0     		beq	.L25
 423              	.LVL20:
 424              	.L22:
 194:Src/stm32f1xx_hal_msp.c ****   {
 195:Src/stm32f1xx_hal_msp.c ****   /* USER CODE BEGIN SPI2_MspInit 0 */
 196:Src/stm32f1xx_hal_msp.c **** 
 197:Src/stm32f1xx_hal_msp.c ****   /* USER CODE END SPI2_MspInit 0 */
 198:Src/stm32f1xx_hal_msp.c ****     /* Peripheral clock enable */
 199:Src/stm32f1xx_hal_msp.c ****     __HAL_RCC_SPI2_CLK_ENABLE();
 200:Src/stm32f1xx_hal_msp.c ****   
 201:Src/stm32f1xx_hal_msp.c ****     __HAL_RCC_GPIOB_CLK_ENABLE();
 202:Src/stm32f1xx_hal_msp.c ****     __HAL_RCC_GPIOC_CLK_ENABLE();
ARM GAS  F:\Temp\cc9krVhD.s 			page 13


 203:Src/stm32f1xx_hal_msp.c ****     /**I2S2 GPIO Configuration    
 204:Src/stm32f1xx_hal_msp.c ****     PB12     ------> I2S2_WS
 205:Src/stm32f1xx_hal_msp.c ****     PB13     ------> I2S2_CK
 206:Src/stm32f1xx_hal_msp.c ****     PB15     ------> I2S2_SD
 207:Src/stm32f1xx_hal_msp.c ****     PC6     ------> I2S2_MCK 
 208:Src/stm32f1xx_hal_msp.c ****     */
 209:Src/stm32f1xx_hal_msp.c ****     GPIO_InitStruct.Pin = GPIO_PIN_12|GPIO_PIN_13|GPIO_PIN_15;
 210:Src/stm32f1xx_hal_msp.c ****     GPIO_InitStruct.Mode = GPIO_MODE_AF_PP;
 211:Src/stm32f1xx_hal_msp.c ****     GPIO_InitStruct.Speed = GPIO_SPEED_FREQ_LOW;
 212:Src/stm32f1xx_hal_msp.c ****     HAL_GPIO_Init(GPIOB, &GPIO_InitStruct);
 213:Src/stm32f1xx_hal_msp.c **** 
 214:Src/stm32f1xx_hal_msp.c ****     GPIO_InitStruct.Pin = GPIO_PIN_6;
 215:Src/stm32f1xx_hal_msp.c ****     GPIO_InitStruct.Mode = GPIO_MODE_AF_PP;
 216:Src/stm32f1xx_hal_msp.c ****     GPIO_InitStruct.Speed = GPIO_SPEED_FREQ_LOW;
 217:Src/stm32f1xx_hal_msp.c ****     HAL_GPIO_Init(GPIOC, &GPIO_InitStruct);
 218:Src/stm32f1xx_hal_msp.c **** 
 219:Src/stm32f1xx_hal_msp.c ****   /* USER CODE BEGIN SPI2_MspInit 1 */
 220:Src/stm32f1xx_hal_msp.c **** 
 221:Src/stm32f1xx_hal_msp.c ****   /* USER CODE END SPI2_MspInit 1 */
 222:Src/stm32f1xx_hal_msp.c ****   }
 223:Src/stm32f1xx_hal_msp.c **** 
 224:Src/stm32f1xx_hal_msp.c **** }
 425              		.loc 1 224 1 view .LVU114
 426 0016 08B0     		add	sp, sp, #32
 427              	.LCFI9:
 428              		.cfi_remember_state
 429              		.cfi_def_cfa_offset 8
 430              		@ sp needed
 431 0018 10BD     		pop	{r4, pc}
 432              	.LVL21:
 433              	.L25:
 434              	.LCFI10:
 435              		.cfi_restore_state
 199:Src/stm32f1xx_hal_msp.c ****   
 436              		.loc 1 199 5 is_stmt 1 view .LVU115
 437              	.LBB9:
 199:Src/stm32f1xx_hal_msp.c ****   
 438              		.loc 1 199 5 view .LVU116
 199:Src/stm32f1xx_hal_msp.c ****   
 439              		.loc 1 199 5 view .LVU117
 440 001a 03F5EC33 		add	r3, r3, #120832
 441 001e DA69     		ldr	r2, [r3, #28]
 442 0020 42F48042 		orr	r2, r2, #16384
 443 0024 DA61     		str	r2, [r3, #28]
 199:Src/stm32f1xx_hal_msp.c ****   
 444              		.loc 1 199 5 view .LVU118
 445 0026 DA69     		ldr	r2, [r3, #28]
 446 0028 02F48042 		and	r2, r2, #16384
 447 002c 0192     		str	r2, [sp, #4]
 199:Src/stm32f1xx_hal_msp.c ****   
 448              		.loc 1 199 5 view .LVU119
 449 002e 019A     		ldr	r2, [sp, #4]
 450              	.LBE9:
 199:Src/stm32f1xx_hal_msp.c ****   
 451              		.loc 1 199 5 view .LVU120
 201:Src/stm32f1xx_hal_msp.c ****     __HAL_RCC_GPIOC_CLK_ENABLE();
 452              		.loc 1 201 5 view .LVU121
ARM GAS  F:\Temp\cc9krVhD.s 			page 14


 453              	.LBB10:
 201:Src/stm32f1xx_hal_msp.c ****     __HAL_RCC_GPIOC_CLK_ENABLE();
 454              		.loc 1 201 5 view .LVU122
 201:Src/stm32f1xx_hal_msp.c ****     __HAL_RCC_GPIOC_CLK_ENABLE();
 455              		.loc 1 201 5 view .LVU123
 456 0030 9A69     		ldr	r2, [r3, #24]
 457 0032 42F00802 		orr	r2, r2, #8
 458 0036 9A61     		str	r2, [r3, #24]
 201:Src/stm32f1xx_hal_msp.c ****     __HAL_RCC_GPIOC_CLK_ENABLE();
 459              		.loc 1 201 5 view .LVU124
 460 0038 9A69     		ldr	r2, [r3, #24]
 461 003a 02F00802 		and	r2, r2, #8
 462 003e 0292     		str	r2, [sp, #8]
 201:Src/stm32f1xx_hal_msp.c ****     __HAL_RCC_GPIOC_CLK_ENABLE();
 463              		.loc 1 201 5 view .LVU125
 464 0040 029A     		ldr	r2, [sp, #8]
 465              	.LBE10:
 201:Src/stm32f1xx_hal_msp.c ****     __HAL_RCC_GPIOC_CLK_ENABLE();
 466              		.loc 1 201 5 view .LVU126
 202:Src/stm32f1xx_hal_msp.c ****     /**I2S2 GPIO Configuration    
 467              		.loc 1 202 5 view .LVU127
 468              	.LBB11:
 202:Src/stm32f1xx_hal_msp.c ****     /**I2S2 GPIO Configuration    
 469              		.loc 1 202 5 view .LVU128
 202:Src/stm32f1xx_hal_msp.c ****     /**I2S2 GPIO Configuration    
 470              		.loc 1 202 5 view .LVU129
 471 0042 9A69     		ldr	r2, [r3, #24]
 472 0044 42F01002 		orr	r2, r2, #16
 473 0048 9A61     		str	r2, [r3, #24]
 202:Src/stm32f1xx_hal_msp.c ****     /**I2S2 GPIO Configuration    
 474              		.loc 1 202 5 view .LVU130
 475 004a 9B69     		ldr	r3, [r3, #24]
 476 004c 03F01003 		and	r3, r3, #16
 477 0050 0393     		str	r3, [sp, #12]
 202:Src/stm32f1xx_hal_msp.c ****     /**I2S2 GPIO Configuration    
 478              		.loc 1 202 5 view .LVU131
 479 0052 039B     		ldr	r3, [sp, #12]
 480              	.LBE11:
 202:Src/stm32f1xx_hal_msp.c ****     /**I2S2 GPIO Configuration    
 481              		.loc 1 202 5 view .LVU132
 209:Src/stm32f1xx_hal_msp.c ****     GPIO_InitStruct.Mode = GPIO_MODE_AF_PP;
 482              		.loc 1 209 5 view .LVU133
 209:Src/stm32f1xx_hal_msp.c ****     GPIO_InitStruct.Mode = GPIO_MODE_AF_PP;
 483              		.loc 1 209 25 is_stmt 0 view .LVU134
 484 0054 4FF43043 		mov	r3, #45056
 485 0058 0493     		str	r3, [sp, #16]
 210:Src/stm32f1xx_hal_msp.c ****     GPIO_InitStruct.Speed = GPIO_SPEED_FREQ_LOW;
 486              		.loc 1 210 5 is_stmt 1 view .LVU135
 210:Src/stm32f1xx_hal_msp.c ****     GPIO_InitStruct.Speed = GPIO_SPEED_FREQ_LOW;
 487              		.loc 1 210 26 is_stmt 0 view .LVU136
 488 005a 0224     		movs	r4, #2
 489 005c 0594     		str	r4, [sp, #20]
 211:Src/stm32f1xx_hal_msp.c ****     HAL_GPIO_Init(GPIOB, &GPIO_InitStruct);
 490              		.loc 1 211 5 is_stmt 1 view .LVU137
 211:Src/stm32f1xx_hal_msp.c ****     HAL_GPIO_Init(GPIOB, &GPIO_InitStruct);
 491              		.loc 1 211 27 is_stmt 0 view .LVU138
 492 005e 0794     		str	r4, [sp, #28]
ARM GAS  F:\Temp\cc9krVhD.s 			page 15


 212:Src/stm32f1xx_hal_msp.c **** 
 493              		.loc 1 212 5 is_stmt 1 view .LVU139
 494 0060 04A9     		add	r1, sp, #16
 495 0062 0748     		ldr	r0, .L26+4
 496              	.LVL22:
 212:Src/stm32f1xx_hal_msp.c **** 
 497              		.loc 1 212 5 is_stmt 0 view .LVU140
 498 0064 FFF7FEFF 		bl	HAL_GPIO_Init
 499              	.LVL23:
 214:Src/stm32f1xx_hal_msp.c ****     GPIO_InitStruct.Mode = GPIO_MODE_AF_PP;
 500              		.loc 1 214 5 is_stmt 1 view .LVU141
 214:Src/stm32f1xx_hal_msp.c ****     GPIO_InitStruct.Mode = GPIO_MODE_AF_PP;
 501              		.loc 1 214 25 is_stmt 0 view .LVU142
 502 0068 4023     		movs	r3, #64
 503 006a 0493     		str	r3, [sp, #16]
 215:Src/stm32f1xx_hal_msp.c ****     GPIO_InitStruct.Speed = GPIO_SPEED_FREQ_LOW;
 504              		.loc 1 215 5 is_stmt 1 view .LVU143
 215:Src/stm32f1xx_hal_msp.c ****     GPIO_InitStruct.Speed = GPIO_SPEED_FREQ_LOW;
 505              		.loc 1 215 26 is_stmt 0 view .LVU144
 506 006c 0594     		str	r4, [sp, #20]
 216:Src/stm32f1xx_hal_msp.c ****     HAL_GPIO_Init(GPIOC, &GPIO_InitStruct);
 507              		.loc 1 216 5 is_stmt 1 view .LVU145
 216:Src/stm32f1xx_hal_msp.c ****     HAL_GPIO_Init(GPIOC, &GPIO_InitStruct);
 508              		.loc 1 216 27 is_stmt 0 view .LVU146
 509 006e 0794     		str	r4, [sp, #28]
 217:Src/stm32f1xx_hal_msp.c **** 
 510              		.loc 1 217 5 is_stmt 1 view .LVU147
 511 0070 04A9     		add	r1, sp, #16
 512 0072 0448     		ldr	r0, .L26+8
 513 0074 FFF7FEFF 		bl	HAL_GPIO_Init
 514              	.LVL24:
 515              		.loc 1 224 1 is_stmt 0 view .LVU148
 516 0078 CDE7     		b	.L22
 517              	.L27:
 518 007a 00BF     		.align	2
 519              	.L26:
 520 007c 00380040 		.word	1073756160
 521 0080 000C0140 		.word	1073810432
 522 0084 00100140 		.word	1073811456
 523              		.cfi_endproc
 524              	.LFE68:
 526              		.section	.text.HAL_I2S_MspDeInit,"ax",%progbits
 527              		.align	1
 528              		.global	HAL_I2S_MspDeInit
 529              		.syntax unified
 530              		.thumb
 531              		.thumb_func
 532              		.fpu softvfp
 534              	HAL_I2S_MspDeInit:
 535              	.LVL25:
 536              	.LFB69:
 225:Src/stm32f1xx_hal_msp.c **** 
 226:Src/stm32f1xx_hal_msp.c **** /**
 227:Src/stm32f1xx_hal_msp.c **** * @brief I2S MSP De-Initialization
 228:Src/stm32f1xx_hal_msp.c **** * This function freeze the hardware resources used in this example
 229:Src/stm32f1xx_hal_msp.c **** * @param hi2s: I2S handle pointer
 230:Src/stm32f1xx_hal_msp.c **** * @retval None
ARM GAS  F:\Temp\cc9krVhD.s 			page 16


 231:Src/stm32f1xx_hal_msp.c **** */
 232:Src/stm32f1xx_hal_msp.c **** void HAL_I2S_MspDeInit(I2S_HandleTypeDef* hi2s)
 233:Src/stm32f1xx_hal_msp.c **** {
 537              		.loc 1 233 1 is_stmt 1 view -0
 538              		.cfi_startproc
 539              		@ args = 0, pretend = 0, frame = 0
 540              		@ frame_needed = 0, uses_anonymous_args = 0
 541              		.loc 1 233 1 is_stmt 0 view .LVU150
 542 0000 08B5     		push	{r3, lr}
 543              	.LCFI11:
 544              		.cfi_def_cfa_offset 8
 545              		.cfi_offset 3, -8
 546              		.cfi_offset 14, -4
 234:Src/stm32f1xx_hal_msp.c ****   if(hi2s->Instance==SPI2)
 547              		.loc 1 234 3 is_stmt 1 view .LVU151
 548              		.loc 1 234 10 is_stmt 0 view .LVU152
 549 0002 0268     		ldr	r2, [r0]
 550              		.loc 1 234 5 view .LVU153
 551 0004 094B     		ldr	r3, .L32
 552 0006 9A42     		cmp	r2, r3
 553 0008 00D0     		beq	.L31
 554              	.LVL26:
 555              	.L28:
 235:Src/stm32f1xx_hal_msp.c ****   {
 236:Src/stm32f1xx_hal_msp.c ****   /* USER CODE BEGIN SPI2_MspDeInit 0 */
 237:Src/stm32f1xx_hal_msp.c **** 
 238:Src/stm32f1xx_hal_msp.c ****   /* USER CODE END SPI2_MspDeInit 0 */
 239:Src/stm32f1xx_hal_msp.c ****     /* Peripheral clock disable */
 240:Src/stm32f1xx_hal_msp.c ****     __HAL_RCC_SPI2_CLK_DISABLE();
 241:Src/stm32f1xx_hal_msp.c ****   
 242:Src/stm32f1xx_hal_msp.c ****     /**I2S2 GPIO Configuration    
 243:Src/stm32f1xx_hal_msp.c ****     PB12     ------> I2S2_WS
 244:Src/stm32f1xx_hal_msp.c ****     PB13     ------> I2S2_CK
 245:Src/stm32f1xx_hal_msp.c ****     PB15     ------> I2S2_SD
 246:Src/stm32f1xx_hal_msp.c ****     PC6     ------> I2S2_MCK 
 247:Src/stm32f1xx_hal_msp.c ****     */
 248:Src/stm32f1xx_hal_msp.c ****     HAL_GPIO_DeInit(GPIOB, GPIO_PIN_12|GPIO_PIN_13|GPIO_PIN_15);
 249:Src/stm32f1xx_hal_msp.c **** 
 250:Src/stm32f1xx_hal_msp.c ****     HAL_GPIO_DeInit(GPIOC, GPIO_PIN_6);
 251:Src/stm32f1xx_hal_msp.c **** 
 252:Src/stm32f1xx_hal_msp.c ****   /* USER CODE BEGIN SPI2_MspDeInit 1 */
 253:Src/stm32f1xx_hal_msp.c **** 
 254:Src/stm32f1xx_hal_msp.c ****   /* USER CODE END SPI2_MspDeInit 1 */
 255:Src/stm32f1xx_hal_msp.c ****   }
 256:Src/stm32f1xx_hal_msp.c **** 
 257:Src/stm32f1xx_hal_msp.c **** }
 556              		.loc 1 257 1 view .LVU154
 557 000a 08BD     		pop	{r3, pc}
 558              	.LVL27:
 559              	.L31:
 240:Src/stm32f1xx_hal_msp.c ****   
 560              		.loc 1 240 5 is_stmt 1 view .LVU155
 561 000c 084A     		ldr	r2, .L32+4
 562 000e D369     		ldr	r3, [r2, #28]
 563 0010 23F48043 		bic	r3, r3, #16384
 564 0014 D361     		str	r3, [r2, #28]
 248:Src/stm32f1xx_hal_msp.c **** 
ARM GAS  F:\Temp\cc9krVhD.s 			page 17


 565              		.loc 1 248 5 view .LVU156
 566 0016 4FF43041 		mov	r1, #45056
 567 001a 0648     		ldr	r0, .L32+8
 568              	.LVL28:
 248:Src/stm32f1xx_hal_msp.c **** 
 569              		.loc 1 248 5 is_stmt 0 view .LVU157
 570 001c FFF7FEFF 		bl	HAL_GPIO_DeInit
 571              	.LVL29:
 250:Src/stm32f1xx_hal_msp.c **** 
 572              		.loc 1 250 5 is_stmt 1 view .LVU158
 573 0020 4021     		movs	r1, #64
 574 0022 0548     		ldr	r0, .L32+12
 575 0024 FFF7FEFF 		bl	HAL_GPIO_DeInit
 576              	.LVL30:
 577              		.loc 1 257 1 is_stmt 0 view .LVU159
 578 0028 EFE7     		b	.L28
 579              	.L33:
 580 002a 00BF     		.align	2
 581              	.L32:
 582 002c 00380040 		.word	1073756160
 583 0030 00100240 		.word	1073876992
 584 0034 000C0140 		.word	1073810432
 585 0038 00100140 		.word	1073811456
 586              		.cfi_endproc
 587              	.LFE69:
 589              		.section	.text.HAL_SPI_MspInit,"ax",%progbits
 590              		.align	1
 591              		.global	HAL_SPI_MspInit
 592              		.syntax unified
 593              		.thumb
 594              		.thumb_func
 595              		.fpu softvfp
 597              	HAL_SPI_MspInit:
 598              	.LVL31:
 599              	.LFB70:
 258:Src/stm32f1xx_hal_msp.c **** 
 259:Src/stm32f1xx_hal_msp.c **** /**
 260:Src/stm32f1xx_hal_msp.c **** * @brief SPI MSP Initialization
 261:Src/stm32f1xx_hal_msp.c **** * This function configures the hardware resources used in this example
 262:Src/stm32f1xx_hal_msp.c **** * @param hspi: SPI handle pointer
 263:Src/stm32f1xx_hal_msp.c **** * @retval None
 264:Src/stm32f1xx_hal_msp.c **** */
 265:Src/stm32f1xx_hal_msp.c **** void HAL_SPI_MspInit(SPI_HandleTypeDef* hspi)
 266:Src/stm32f1xx_hal_msp.c **** {
 600              		.loc 1 266 1 is_stmt 1 view -0
 601              		.cfi_startproc
 602              		@ args = 0, pretend = 0, frame = 24
 603              		@ frame_needed = 0, uses_anonymous_args = 0
 604              		.loc 1 266 1 is_stmt 0 view .LVU161
 605 0000 10B5     		push	{r4, lr}
 606              	.LCFI12:
 607              		.cfi_def_cfa_offset 8
 608              		.cfi_offset 4, -8
 609              		.cfi_offset 14, -4
 610 0002 86B0     		sub	sp, sp, #24
 611              	.LCFI13:
 612              		.cfi_def_cfa_offset 32
ARM GAS  F:\Temp\cc9krVhD.s 			page 18


 267:Src/stm32f1xx_hal_msp.c ****   GPIO_InitTypeDef GPIO_InitStruct = {0};
 613              		.loc 1 267 3 is_stmt 1 view .LVU162
 614              		.loc 1 267 20 is_stmt 0 view .LVU163
 615 0004 0023     		movs	r3, #0
 616 0006 0293     		str	r3, [sp, #8]
 617 0008 0393     		str	r3, [sp, #12]
 618 000a 0493     		str	r3, [sp, #16]
 619 000c 0593     		str	r3, [sp, #20]
 268:Src/stm32f1xx_hal_msp.c ****   if(hspi->Instance==SPI1)
 620              		.loc 1 268 3 is_stmt 1 view .LVU164
 621              		.loc 1 268 10 is_stmt 0 view .LVU165
 622 000e 0268     		ldr	r2, [r0]
 623              		.loc 1 268 5 view .LVU166
 624 0010 164B     		ldr	r3, .L38
 625 0012 9A42     		cmp	r2, r3
 626 0014 01D0     		beq	.L37
 627              	.LVL32:
 628              	.L34:
 269:Src/stm32f1xx_hal_msp.c ****   {
 270:Src/stm32f1xx_hal_msp.c ****   /* USER CODE BEGIN SPI1_MspInit 0 */
 271:Src/stm32f1xx_hal_msp.c **** 
 272:Src/stm32f1xx_hal_msp.c ****   /* USER CODE END SPI1_MspInit 0 */
 273:Src/stm32f1xx_hal_msp.c ****     /* Peripheral clock enable */
 274:Src/stm32f1xx_hal_msp.c ****     __HAL_RCC_SPI1_CLK_ENABLE();
 275:Src/stm32f1xx_hal_msp.c ****   
 276:Src/stm32f1xx_hal_msp.c ****     __HAL_RCC_GPIOA_CLK_ENABLE();
 277:Src/stm32f1xx_hal_msp.c ****     /**SPI1 GPIO Configuration    
 278:Src/stm32f1xx_hal_msp.c ****     PA5     ------> SPI1_SCK
 279:Src/stm32f1xx_hal_msp.c ****     PA6     ------> SPI1_MISO
 280:Src/stm32f1xx_hal_msp.c ****     PA7     ------> SPI1_MOSI 
 281:Src/stm32f1xx_hal_msp.c ****     */
 282:Src/stm32f1xx_hal_msp.c ****     GPIO_InitStruct.Pin = GPIO_PIN_5|GPIO_PIN_7;
 283:Src/stm32f1xx_hal_msp.c ****     GPIO_InitStruct.Mode = GPIO_MODE_AF_PP;
 284:Src/stm32f1xx_hal_msp.c ****     GPIO_InitStruct.Speed = GPIO_SPEED_FREQ_HIGH;
 285:Src/stm32f1xx_hal_msp.c ****     HAL_GPIO_Init(GPIOA, &GPIO_InitStruct);
 286:Src/stm32f1xx_hal_msp.c **** 
 287:Src/stm32f1xx_hal_msp.c ****     GPIO_InitStruct.Pin = GPIO_PIN_6;
 288:Src/stm32f1xx_hal_msp.c ****     GPIO_InitStruct.Mode = GPIO_MODE_INPUT;
 289:Src/stm32f1xx_hal_msp.c ****     GPIO_InitStruct.Pull = GPIO_NOPULL;
 290:Src/stm32f1xx_hal_msp.c ****     HAL_GPIO_Init(GPIOA, &GPIO_InitStruct);
 291:Src/stm32f1xx_hal_msp.c **** 
 292:Src/stm32f1xx_hal_msp.c ****   /* USER CODE BEGIN SPI1_MspInit 1 */
 293:Src/stm32f1xx_hal_msp.c **** 
 294:Src/stm32f1xx_hal_msp.c ****   /* USER CODE END SPI1_MspInit 1 */
 295:Src/stm32f1xx_hal_msp.c ****   }
 296:Src/stm32f1xx_hal_msp.c **** 
 297:Src/stm32f1xx_hal_msp.c **** }
 629              		.loc 1 297 1 view .LVU167
 630 0016 06B0     		add	sp, sp, #24
 631              	.LCFI14:
 632              		.cfi_remember_state
 633              		.cfi_def_cfa_offset 8
 634              		@ sp needed
 635 0018 10BD     		pop	{r4, pc}
 636              	.LVL33:
 637              	.L37:
 638              	.LCFI15:
ARM GAS  F:\Temp\cc9krVhD.s 			page 19


 639              		.cfi_restore_state
 274:Src/stm32f1xx_hal_msp.c ****   
 640              		.loc 1 274 5 is_stmt 1 view .LVU168
 641              	.LBB12:
 274:Src/stm32f1xx_hal_msp.c ****   
 642              		.loc 1 274 5 view .LVU169
 274:Src/stm32f1xx_hal_msp.c ****   
 643              		.loc 1 274 5 view .LVU170
 644 001a 03F56043 		add	r3, r3, #57344
 645 001e 9A69     		ldr	r2, [r3, #24]
 646 0020 42F48052 		orr	r2, r2, #4096
 647 0024 9A61     		str	r2, [r3, #24]
 274:Src/stm32f1xx_hal_msp.c ****   
 648              		.loc 1 274 5 view .LVU171
 649 0026 9A69     		ldr	r2, [r3, #24]
 650 0028 02F48052 		and	r2, r2, #4096
 651 002c 0092     		str	r2, [sp]
 274:Src/stm32f1xx_hal_msp.c ****   
 652              		.loc 1 274 5 view .LVU172
 653 002e 009A     		ldr	r2, [sp]
 654              	.LBE12:
 274:Src/stm32f1xx_hal_msp.c ****   
 655              		.loc 1 274 5 view .LVU173
 276:Src/stm32f1xx_hal_msp.c ****     /**SPI1 GPIO Configuration    
 656              		.loc 1 276 5 view .LVU174
 657              	.LBB13:
 276:Src/stm32f1xx_hal_msp.c ****     /**SPI1 GPIO Configuration    
 658              		.loc 1 276 5 view .LVU175
 276:Src/stm32f1xx_hal_msp.c ****     /**SPI1 GPIO Configuration    
 659              		.loc 1 276 5 view .LVU176
 660 0030 9A69     		ldr	r2, [r3, #24]
 661 0032 42F00402 		orr	r2, r2, #4
 662 0036 9A61     		str	r2, [r3, #24]
 276:Src/stm32f1xx_hal_msp.c ****     /**SPI1 GPIO Configuration    
 663              		.loc 1 276 5 view .LVU177
 664 0038 9B69     		ldr	r3, [r3, #24]
 665 003a 03F00403 		and	r3, r3, #4
 666 003e 0193     		str	r3, [sp, #4]
 276:Src/stm32f1xx_hal_msp.c ****     /**SPI1 GPIO Configuration    
 667              		.loc 1 276 5 view .LVU178
 668 0040 019B     		ldr	r3, [sp, #4]
 669              	.LBE13:
 276:Src/stm32f1xx_hal_msp.c ****     /**SPI1 GPIO Configuration    
 670              		.loc 1 276 5 view .LVU179
 282:Src/stm32f1xx_hal_msp.c ****     GPIO_InitStruct.Mode = GPIO_MODE_AF_PP;
 671              		.loc 1 282 5 view .LVU180
 282:Src/stm32f1xx_hal_msp.c ****     GPIO_InitStruct.Mode = GPIO_MODE_AF_PP;
 672              		.loc 1 282 25 is_stmt 0 view .LVU181
 673 0042 A023     		movs	r3, #160
 674 0044 0293     		str	r3, [sp, #8]
 283:Src/stm32f1xx_hal_msp.c ****     GPIO_InitStruct.Speed = GPIO_SPEED_FREQ_HIGH;
 675              		.loc 1 283 5 is_stmt 1 view .LVU182
 283:Src/stm32f1xx_hal_msp.c ****     GPIO_InitStruct.Speed = GPIO_SPEED_FREQ_HIGH;
 676              		.loc 1 283 26 is_stmt 0 view .LVU183
 677 0046 0223     		movs	r3, #2
 678 0048 0393     		str	r3, [sp, #12]
 284:Src/stm32f1xx_hal_msp.c ****     HAL_GPIO_Init(GPIOA, &GPIO_InitStruct);
ARM GAS  F:\Temp\cc9krVhD.s 			page 20


 679              		.loc 1 284 5 is_stmt 1 view .LVU184
 284:Src/stm32f1xx_hal_msp.c ****     HAL_GPIO_Init(GPIOA, &GPIO_InitStruct);
 680              		.loc 1 284 27 is_stmt 0 view .LVU185
 681 004a 0323     		movs	r3, #3
 682 004c 0593     		str	r3, [sp, #20]
 285:Src/stm32f1xx_hal_msp.c **** 
 683              		.loc 1 285 5 is_stmt 1 view .LVU186
 684 004e 084C     		ldr	r4, .L38+4
 685 0050 02A9     		add	r1, sp, #8
 686 0052 2046     		mov	r0, r4
 687              	.LVL34:
 285:Src/stm32f1xx_hal_msp.c **** 
 688              		.loc 1 285 5 is_stmt 0 view .LVU187
 689 0054 FFF7FEFF 		bl	HAL_GPIO_Init
 690              	.LVL35:
 287:Src/stm32f1xx_hal_msp.c ****     GPIO_InitStruct.Mode = GPIO_MODE_INPUT;
 691              		.loc 1 287 5 is_stmt 1 view .LVU188
 287:Src/stm32f1xx_hal_msp.c ****     GPIO_InitStruct.Mode = GPIO_MODE_INPUT;
 692              		.loc 1 287 25 is_stmt 0 view .LVU189
 693 0058 4023     		movs	r3, #64
 694 005a 0293     		str	r3, [sp, #8]
 288:Src/stm32f1xx_hal_msp.c ****     GPIO_InitStruct.Pull = GPIO_NOPULL;
 695              		.loc 1 288 5 is_stmt 1 view .LVU190
 288:Src/stm32f1xx_hal_msp.c ****     GPIO_InitStruct.Pull = GPIO_NOPULL;
 696              		.loc 1 288 26 is_stmt 0 view .LVU191
 697 005c 0023     		movs	r3, #0
 698 005e 0393     		str	r3, [sp, #12]
 289:Src/stm32f1xx_hal_msp.c ****     HAL_GPIO_Init(GPIOA, &GPIO_InitStruct);
 699              		.loc 1 289 5 is_stmt 1 view .LVU192
 289:Src/stm32f1xx_hal_msp.c ****     HAL_GPIO_Init(GPIOA, &GPIO_InitStruct);
 700              		.loc 1 289 26 is_stmt 0 view .LVU193
 701 0060 0493     		str	r3, [sp, #16]
 290:Src/stm32f1xx_hal_msp.c **** 
 702              		.loc 1 290 5 is_stmt 1 view .LVU194
 703 0062 02A9     		add	r1, sp, #8
 704 0064 2046     		mov	r0, r4
 705 0066 FFF7FEFF 		bl	HAL_GPIO_Init
 706              	.LVL36:
 707              		.loc 1 297 1 is_stmt 0 view .LVU195
 708 006a D4E7     		b	.L34
 709              	.L39:
 710              		.align	2
 711              	.L38:
 712 006c 00300140 		.word	1073819648
 713 0070 00080140 		.word	1073809408
 714              		.cfi_endproc
 715              	.LFE70:
 717              		.section	.text.HAL_SPI_MspDeInit,"ax",%progbits
 718              		.align	1
 719              		.global	HAL_SPI_MspDeInit
 720              		.syntax unified
 721              		.thumb
 722              		.thumb_func
 723              		.fpu softvfp
 725              	HAL_SPI_MspDeInit:
 726              	.LVL37:
 727              	.LFB71:
ARM GAS  F:\Temp\cc9krVhD.s 			page 21


 298:Src/stm32f1xx_hal_msp.c **** 
 299:Src/stm32f1xx_hal_msp.c **** /**
 300:Src/stm32f1xx_hal_msp.c **** * @brief SPI MSP De-Initialization
 301:Src/stm32f1xx_hal_msp.c **** * This function freeze the hardware resources used in this example
 302:Src/stm32f1xx_hal_msp.c **** * @param hspi: SPI handle pointer
 303:Src/stm32f1xx_hal_msp.c **** * @retval None
 304:Src/stm32f1xx_hal_msp.c **** */
 305:Src/stm32f1xx_hal_msp.c **** void HAL_SPI_MspDeInit(SPI_HandleTypeDef* hspi)
 306:Src/stm32f1xx_hal_msp.c **** {
 728              		.loc 1 306 1 is_stmt 1 view -0
 729              		.cfi_startproc
 730              		@ args = 0, pretend = 0, frame = 0
 731              		@ frame_needed = 0, uses_anonymous_args = 0
 732              		.loc 1 306 1 is_stmt 0 view .LVU197
 733 0000 08B5     		push	{r3, lr}
 734              	.LCFI16:
 735              		.cfi_def_cfa_offset 8
 736              		.cfi_offset 3, -8
 737              		.cfi_offset 14, -4
 307:Src/stm32f1xx_hal_msp.c ****   if(hspi->Instance==SPI1)
 738              		.loc 1 307 3 is_stmt 1 view .LVU198
 739              		.loc 1 307 10 is_stmt 0 view .LVU199
 740 0002 0268     		ldr	r2, [r0]
 741              		.loc 1 307 5 view .LVU200
 742 0004 064B     		ldr	r3, .L44
 743 0006 9A42     		cmp	r2, r3
 744 0008 00D0     		beq	.L43
 745              	.LVL38:
 746              	.L40:
 308:Src/stm32f1xx_hal_msp.c ****   {
 309:Src/stm32f1xx_hal_msp.c ****   /* USER CODE BEGIN SPI1_MspDeInit 0 */
 310:Src/stm32f1xx_hal_msp.c **** 
 311:Src/stm32f1xx_hal_msp.c ****   /* USER CODE END SPI1_MspDeInit 0 */
 312:Src/stm32f1xx_hal_msp.c ****     /* Peripheral clock disable */
 313:Src/stm32f1xx_hal_msp.c ****     __HAL_RCC_SPI1_CLK_DISABLE();
 314:Src/stm32f1xx_hal_msp.c ****   
 315:Src/stm32f1xx_hal_msp.c ****     /**SPI1 GPIO Configuration    
 316:Src/stm32f1xx_hal_msp.c ****     PA5     ------> SPI1_SCK
 317:Src/stm32f1xx_hal_msp.c ****     PA6     ------> SPI1_MISO
 318:Src/stm32f1xx_hal_msp.c ****     PA7     ------> SPI1_MOSI 
 319:Src/stm32f1xx_hal_msp.c ****     */
 320:Src/stm32f1xx_hal_msp.c ****     HAL_GPIO_DeInit(GPIOA, GPIO_PIN_5|GPIO_PIN_6|GPIO_PIN_7);
 321:Src/stm32f1xx_hal_msp.c **** 
 322:Src/stm32f1xx_hal_msp.c ****   /* USER CODE BEGIN SPI1_MspDeInit 1 */
 323:Src/stm32f1xx_hal_msp.c **** 
 324:Src/stm32f1xx_hal_msp.c ****   /* USER CODE END SPI1_MspDeInit 1 */
 325:Src/stm32f1xx_hal_msp.c ****   }
 326:Src/stm32f1xx_hal_msp.c **** 
 327:Src/stm32f1xx_hal_msp.c **** }
 747              		.loc 1 327 1 view .LVU201
 748 000a 08BD     		pop	{r3, pc}
 749              	.LVL39:
 750              	.L43:
 313:Src/stm32f1xx_hal_msp.c ****   
 751              		.loc 1 313 5 is_stmt 1 view .LVU202
 752 000c 054A     		ldr	r2, .L44+4
 753 000e 9369     		ldr	r3, [r2, #24]
ARM GAS  F:\Temp\cc9krVhD.s 			page 22


 754 0010 23F48053 		bic	r3, r3, #4096
 755 0014 9361     		str	r3, [r2, #24]
 320:Src/stm32f1xx_hal_msp.c **** 
 756              		.loc 1 320 5 view .LVU203
 757 0016 E021     		movs	r1, #224
 758 0018 0348     		ldr	r0, .L44+8
 759              	.LVL40:
 320:Src/stm32f1xx_hal_msp.c **** 
 760              		.loc 1 320 5 is_stmt 0 view .LVU204
 761 001a FFF7FEFF 		bl	HAL_GPIO_DeInit
 762              	.LVL41:
 763              		.loc 1 327 1 view .LVU205
 764 001e F4E7     		b	.L40
 765              	.L45:
 766              		.align	2
 767              	.L44:
 768 0020 00300140 		.word	1073819648
 769 0024 00100240 		.word	1073876992
 770 0028 00080140 		.word	1073809408
 771              		.cfi_endproc
 772              	.LFE71:
 774              		.section	.text.HAL_TIM_Base_MspInit,"ax",%progbits
 775              		.align	1
 776              		.global	HAL_TIM_Base_MspInit
 777              		.syntax unified
 778              		.thumb
 779              		.thumb_func
 780              		.fpu softvfp
 782              	HAL_TIM_Base_MspInit:
 783              	.LVL42:
 784              	.LFB72:
 328:Src/stm32f1xx_hal_msp.c **** 
 329:Src/stm32f1xx_hal_msp.c **** /**
 330:Src/stm32f1xx_hal_msp.c **** * @brief TIM_Base MSP Initialization
 331:Src/stm32f1xx_hal_msp.c **** * This function configures the hardware resources used in this example
 332:Src/stm32f1xx_hal_msp.c **** * @param htim_base: TIM_Base handle pointer
 333:Src/stm32f1xx_hal_msp.c **** * @retval None
 334:Src/stm32f1xx_hal_msp.c **** */
 335:Src/stm32f1xx_hal_msp.c **** void HAL_TIM_Base_MspInit(TIM_HandleTypeDef* htim_base)
 336:Src/stm32f1xx_hal_msp.c **** {
 785              		.loc 1 336 1 is_stmt 1 view -0
 786              		.cfi_startproc
 787              		@ args = 0, pretend = 0, frame = 8
 788              		@ frame_needed = 0, uses_anonymous_args = 0
 789              		@ link register save eliminated.
 337:Src/stm32f1xx_hal_msp.c ****   if(htim_base->Instance==TIM6)
 790              		.loc 1 337 3 view .LVU207
 791              		.loc 1 337 15 is_stmt 0 view .LVU208
 792 0000 0268     		ldr	r2, [r0]
 793              		.loc 1 337 5 view .LVU209
 794 0002 094B     		ldr	r3, .L53
 795 0004 9A42     		cmp	r2, r3
 796 0006 00D0     		beq	.L52
 797 0008 7047     		bx	lr
 798              	.L52:
 336:Src/stm32f1xx_hal_msp.c ****   if(htim_base->Instance==TIM6)
 799              		.loc 1 336 1 view .LVU210
ARM GAS  F:\Temp\cc9krVhD.s 			page 23


 800 000a 82B0     		sub	sp, sp, #8
 801              	.LCFI17:
 802              		.cfi_def_cfa_offset 8
 338:Src/stm32f1xx_hal_msp.c ****   {
 339:Src/stm32f1xx_hal_msp.c ****   /* USER CODE BEGIN TIM6_MspInit 0 */
 340:Src/stm32f1xx_hal_msp.c **** 
 341:Src/stm32f1xx_hal_msp.c ****   /* USER CODE END TIM6_MspInit 0 */
 342:Src/stm32f1xx_hal_msp.c ****     /* Peripheral clock enable */
 343:Src/stm32f1xx_hal_msp.c ****     __HAL_RCC_TIM6_CLK_ENABLE();
 803              		.loc 1 343 5 is_stmt 1 view .LVU211
 804              	.LBB14:
 805              		.loc 1 343 5 view .LVU212
 806              		.loc 1 343 5 view .LVU213
 807 000c 03F50033 		add	r3, r3, #131072
 808 0010 DA69     		ldr	r2, [r3, #28]
 809 0012 42F01002 		orr	r2, r2, #16
 810 0016 DA61     		str	r2, [r3, #28]
 811              		.loc 1 343 5 view .LVU214
 812 0018 DB69     		ldr	r3, [r3, #28]
 813 001a 03F01003 		and	r3, r3, #16
 814 001e 0193     		str	r3, [sp, #4]
 815              		.loc 1 343 5 view .LVU215
 816 0020 019B     		ldr	r3, [sp, #4]
 817              	.LBE14:
 818              		.loc 1 343 5 view .LVU216
 344:Src/stm32f1xx_hal_msp.c ****   /* USER CODE BEGIN TIM6_MspInit 1 */
 345:Src/stm32f1xx_hal_msp.c **** 
 346:Src/stm32f1xx_hal_msp.c ****   /* USER CODE END TIM6_MspInit 1 */
 347:Src/stm32f1xx_hal_msp.c ****   }
 348:Src/stm32f1xx_hal_msp.c **** 
 349:Src/stm32f1xx_hal_msp.c **** }
 819              		.loc 1 349 1 is_stmt 0 view .LVU217
 820 0022 02B0     		add	sp, sp, #8
 821              	.LCFI18:
 822              		.cfi_def_cfa_offset 0
 823              		@ sp needed
 824 0024 7047     		bx	lr
 825              	.L54:
 826 0026 00BF     		.align	2
 827              	.L53:
 828 0028 00100040 		.word	1073745920
 829              		.cfi_endproc
 830              	.LFE72:
 832              		.section	.text.HAL_TIM_Base_MspDeInit,"ax",%progbits
 833              		.align	1
 834              		.global	HAL_TIM_Base_MspDeInit
 835              		.syntax unified
 836              		.thumb
 837              		.thumb_func
 838              		.fpu softvfp
 840              	HAL_TIM_Base_MspDeInit:
 841              	.LVL43:
 842              	.LFB73:
 350:Src/stm32f1xx_hal_msp.c **** 
 351:Src/stm32f1xx_hal_msp.c **** /**
 352:Src/stm32f1xx_hal_msp.c **** * @brief TIM_Base MSP De-Initialization
 353:Src/stm32f1xx_hal_msp.c **** * This function freeze the hardware resources used in this example
ARM GAS  F:\Temp\cc9krVhD.s 			page 24


 354:Src/stm32f1xx_hal_msp.c **** * @param htim_base: TIM_Base handle pointer
 355:Src/stm32f1xx_hal_msp.c **** * @retval None
 356:Src/stm32f1xx_hal_msp.c **** */
 357:Src/stm32f1xx_hal_msp.c **** void HAL_TIM_Base_MspDeInit(TIM_HandleTypeDef* htim_base)
 358:Src/stm32f1xx_hal_msp.c **** {
 843              		.loc 1 358 1 is_stmt 1 view -0
 844              		.cfi_startproc
 845              		@ args = 0, pretend = 0, frame = 0
 846              		@ frame_needed = 0, uses_anonymous_args = 0
 847              		@ link register save eliminated.
 359:Src/stm32f1xx_hal_msp.c ****   if(htim_base->Instance==TIM6)
 848              		.loc 1 359 3 view .LVU219
 849              		.loc 1 359 15 is_stmt 0 view .LVU220
 850 0000 0268     		ldr	r2, [r0]
 851              		.loc 1 359 5 view .LVU221
 852 0002 054B     		ldr	r3, .L58
 853 0004 9A42     		cmp	r2, r3
 854 0006 00D0     		beq	.L57
 855              	.L55:
 360:Src/stm32f1xx_hal_msp.c ****   {
 361:Src/stm32f1xx_hal_msp.c ****   /* USER CODE BEGIN TIM6_MspDeInit 0 */
 362:Src/stm32f1xx_hal_msp.c **** 
 363:Src/stm32f1xx_hal_msp.c ****   /* USER CODE END TIM6_MspDeInit 0 */
 364:Src/stm32f1xx_hal_msp.c ****     /* Peripheral clock disable */
 365:Src/stm32f1xx_hal_msp.c ****     __HAL_RCC_TIM6_CLK_DISABLE();
 366:Src/stm32f1xx_hal_msp.c ****   /* USER CODE BEGIN TIM6_MspDeInit 1 */
 367:Src/stm32f1xx_hal_msp.c **** 
 368:Src/stm32f1xx_hal_msp.c ****   /* USER CODE END TIM6_MspDeInit 1 */
 369:Src/stm32f1xx_hal_msp.c ****   }
 370:Src/stm32f1xx_hal_msp.c **** 
 371:Src/stm32f1xx_hal_msp.c **** }
 856              		.loc 1 371 1 view .LVU222
 857 0008 7047     		bx	lr
 858              	.L57:
 365:Src/stm32f1xx_hal_msp.c ****   /* USER CODE BEGIN TIM6_MspDeInit 1 */
 859              		.loc 1 365 5 is_stmt 1 view .LVU223
 860 000a 044A     		ldr	r2, .L58+4
 861 000c D369     		ldr	r3, [r2, #28]
 862 000e 23F01003 		bic	r3, r3, #16
 863 0012 D361     		str	r3, [r2, #28]
 864              		.loc 1 371 1 is_stmt 0 view .LVU224
 865 0014 F8E7     		b	.L55
 866              	.L59:
 867 0016 00BF     		.align	2
 868              	.L58:
 869 0018 00100040 		.word	1073745920
 870 001c 00100240 		.word	1073876992
 871              		.cfi_endproc
 872              	.LFE73:
 874              		.section	.text.HAL_UART_MspInit,"ax",%progbits
 875              		.align	1
 876              		.global	HAL_UART_MspInit
 877              		.syntax unified
 878              		.thumb
 879              		.thumb_func
 880              		.fpu softvfp
 882              	HAL_UART_MspInit:
ARM GAS  F:\Temp\cc9krVhD.s 			page 25


 883              	.LVL44:
 884              	.LFB74:
 372:Src/stm32f1xx_hal_msp.c **** 
 373:Src/stm32f1xx_hal_msp.c **** /**
 374:Src/stm32f1xx_hal_msp.c **** * @brief UART MSP Initialization
 375:Src/stm32f1xx_hal_msp.c **** * This function configures the hardware resources used in this example
 376:Src/stm32f1xx_hal_msp.c **** * @param huart: UART handle pointer
 377:Src/stm32f1xx_hal_msp.c **** * @retval None
 378:Src/stm32f1xx_hal_msp.c **** */
 379:Src/stm32f1xx_hal_msp.c **** void HAL_UART_MspInit(UART_HandleTypeDef* huart)
 380:Src/stm32f1xx_hal_msp.c **** {
 885              		.loc 1 380 1 is_stmt 1 view -0
 886              		.cfi_startproc
 887              		@ args = 0, pretend = 0, frame = 24
 888              		@ frame_needed = 0, uses_anonymous_args = 0
 889              		.loc 1 380 1 is_stmt 0 view .LVU226
 890 0000 10B5     		push	{r4, lr}
 891              	.LCFI19:
 892              		.cfi_def_cfa_offset 8
 893              		.cfi_offset 4, -8
 894              		.cfi_offset 14, -4
 895 0002 86B0     		sub	sp, sp, #24
 896              	.LCFI20:
 897              		.cfi_def_cfa_offset 32
 381:Src/stm32f1xx_hal_msp.c ****   GPIO_InitTypeDef GPIO_InitStruct = {0};
 898              		.loc 1 381 3 is_stmt 1 view .LVU227
 899              		.loc 1 381 20 is_stmt 0 view .LVU228
 900 0004 0023     		movs	r3, #0
 901 0006 0293     		str	r3, [sp, #8]
 902 0008 0393     		str	r3, [sp, #12]
 903 000a 0493     		str	r3, [sp, #16]
 904 000c 0593     		str	r3, [sp, #20]
 382:Src/stm32f1xx_hal_msp.c ****   if(huart->Instance==UART4)
 905              		.loc 1 382 3 is_stmt 1 view .LVU229
 906              		.loc 1 382 11 is_stmt 0 view .LVU230
 907 000e 0268     		ldr	r2, [r0]
 908              		.loc 1 382 5 view .LVU231
 909 0010 174B     		ldr	r3, .L64
 910 0012 9A42     		cmp	r2, r3
 911 0014 01D0     		beq	.L63
 912              	.LVL45:
 913              	.L60:
 383:Src/stm32f1xx_hal_msp.c ****   {
 384:Src/stm32f1xx_hal_msp.c ****   /* USER CODE BEGIN UART4_MspInit 0 */
 385:Src/stm32f1xx_hal_msp.c **** 
 386:Src/stm32f1xx_hal_msp.c ****   /* USER CODE END UART4_MspInit 0 */
 387:Src/stm32f1xx_hal_msp.c ****     /* Peripheral clock enable */
 388:Src/stm32f1xx_hal_msp.c ****     __HAL_RCC_UART4_CLK_ENABLE();
 389:Src/stm32f1xx_hal_msp.c ****   
 390:Src/stm32f1xx_hal_msp.c ****     __HAL_RCC_GPIOC_CLK_ENABLE();
 391:Src/stm32f1xx_hal_msp.c ****     /**UART4 GPIO Configuration    
 392:Src/stm32f1xx_hal_msp.c ****     PC10     ------> UART4_TX
 393:Src/stm32f1xx_hal_msp.c ****     PC11     ------> UART4_RX 
 394:Src/stm32f1xx_hal_msp.c ****     */
 395:Src/stm32f1xx_hal_msp.c ****     GPIO_InitStruct.Pin = GPIO_PIN_10;
 396:Src/stm32f1xx_hal_msp.c ****     GPIO_InitStruct.Mode = GPIO_MODE_AF_PP;
 397:Src/stm32f1xx_hal_msp.c ****     GPIO_InitStruct.Speed = GPIO_SPEED_FREQ_HIGH;
ARM GAS  F:\Temp\cc9krVhD.s 			page 26


 398:Src/stm32f1xx_hal_msp.c ****     HAL_GPIO_Init(GPIOC, &GPIO_InitStruct);
 399:Src/stm32f1xx_hal_msp.c **** 
 400:Src/stm32f1xx_hal_msp.c ****     GPIO_InitStruct.Pin = GPIO_PIN_11;
 401:Src/stm32f1xx_hal_msp.c ****     GPIO_InitStruct.Mode = GPIO_MODE_INPUT;
 402:Src/stm32f1xx_hal_msp.c ****     GPIO_InitStruct.Pull = GPIO_NOPULL;
 403:Src/stm32f1xx_hal_msp.c ****     HAL_GPIO_Init(GPIOC, &GPIO_InitStruct);
 404:Src/stm32f1xx_hal_msp.c **** 
 405:Src/stm32f1xx_hal_msp.c ****   /* USER CODE BEGIN UART4_MspInit 1 */
 406:Src/stm32f1xx_hal_msp.c **** 
 407:Src/stm32f1xx_hal_msp.c ****   /* USER CODE END UART4_MspInit 1 */
 408:Src/stm32f1xx_hal_msp.c ****   }
 409:Src/stm32f1xx_hal_msp.c **** 
 410:Src/stm32f1xx_hal_msp.c **** }
 914              		.loc 1 410 1 view .LVU232
 915 0016 06B0     		add	sp, sp, #24
 916              	.LCFI21:
 917              		.cfi_remember_state
 918              		.cfi_def_cfa_offset 8
 919              		@ sp needed
 920 0018 10BD     		pop	{r4, pc}
 921              	.LVL46:
 922              	.L63:
 923              	.LCFI22:
 924              		.cfi_restore_state
 388:Src/stm32f1xx_hal_msp.c ****   
 925              		.loc 1 388 5 is_stmt 1 view .LVU233
 926              	.LBB15:
 388:Src/stm32f1xx_hal_msp.c ****   
 927              		.loc 1 388 5 view .LVU234
 388:Src/stm32f1xx_hal_msp.c ****   
 928              		.loc 1 388 5 view .LVU235
 929 001a 03F5E233 		add	r3, r3, #115712
 930 001e DA69     		ldr	r2, [r3, #28]
 931 0020 42F40022 		orr	r2, r2, #524288
 932 0024 DA61     		str	r2, [r3, #28]
 388:Src/stm32f1xx_hal_msp.c ****   
 933              		.loc 1 388 5 view .LVU236
 934 0026 DA69     		ldr	r2, [r3, #28]
 935 0028 02F40022 		and	r2, r2, #524288
 936 002c 0092     		str	r2, [sp]
 388:Src/stm32f1xx_hal_msp.c ****   
 937              		.loc 1 388 5 view .LVU237
 938 002e 009A     		ldr	r2, [sp]
 939              	.LBE15:
 388:Src/stm32f1xx_hal_msp.c ****   
 940              		.loc 1 388 5 view .LVU238
 390:Src/stm32f1xx_hal_msp.c ****     /**UART4 GPIO Configuration    
 941              		.loc 1 390 5 view .LVU239
 942              	.LBB16:
 390:Src/stm32f1xx_hal_msp.c ****     /**UART4 GPIO Configuration    
 943              		.loc 1 390 5 view .LVU240
 390:Src/stm32f1xx_hal_msp.c ****     /**UART4 GPIO Configuration    
 944              		.loc 1 390 5 view .LVU241
 945 0030 9A69     		ldr	r2, [r3, #24]
 946 0032 42F01002 		orr	r2, r2, #16
 947 0036 9A61     		str	r2, [r3, #24]
 390:Src/stm32f1xx_hal_msp.c ****     /**UART4 GPIO Configuration    
ARM GAS  F:\Temp\cc9krVhD.s 			page 27


 948              		.loc 1 390 5 view .LVU242
 949 0038 9B69     		ldr	r3, [r3, #24]
 950 003a 03F01003 		and	r3, r3, #16
 951 003e 0193     		str	r3, [sp, #4]
 390:Src/stm32f1xx_hal_msp.c ****     /**UART4 GPIO Configuration    
 952              		.loc 1 390 5 view .LVU243
 953 0040 019B     		ldr	r3, [sp, #4]
 954              	.LBE16:
 390:Src/stm32f1xx_hal_msp.c ****     /**UART4 GPIO Configuration    
 955              		.loc 1 390 5 view .LVU244
 395:Src/stm32f1xx_hal_msp.c ****     GPIO_InitStruct.Mode = GPIO_MODE_AF_PP;
 956              		.loc 1 395 5 view .LVU245
 395:Src/stm32f1xx_hal_msp.c ****     GPIO_InitStruct.Mode = GPIO_MODE_AF_PP;
 957              		.loc 1 395 25 is_stmt 0 view .LVU246
 958 0042 4FF48063 		mov	r3, #1024
 959 0046 0293     		str	r3, [sp, #8]
 396:Src/stm32f1xx_hal_msp.c ****     GPIO_InitStruct.Speed = GPIO_SPEED_FREQ_HIGH;
 960              		.loc 1 396 5 is_stmt 1 view .LVU247
 396:Src/stm32f1xx_hal_msp.c ****     GPIO_InitStruct.Speed = GPIO_SPEED_FREQ_HIGH;
 961              		.loc 1 396 26 is_stmt 0 view .LVU248
 962 0048 0223     		movs	r3, #2
 963 004a 0393     		str	r3, [sp, #12]
 397:Src/stm32f1xx_hal_msp.c ****     HAL_GPIO_Init(GPIOC, &GPIO_InitStruct);
 964              		.loc 1 397 5 is_stmt 1 view .LVU249
 397:Src/stm32f1xx_hal_msp.c ****     HAL_GPIO_Init(GPIOC, &GPIO_InitStruct);
 965              		.loc 1 397 27 is_stmt 0 view .LVU250
 966 004c 0323     		movs	r3, #3
 967 004e 0593     		str	r3, [sp, #20]
 398:Src/stm32f1xx_hal_msp.c **** 
 968              		.loc 1 398 5 is_stmt 1 view .LVU251
 969 0050 084C     		ldr	r4, .L64+4
 970 0052 02A9     		add	r1, sp, #8
 971 0054 2046     		mov	r0, r4
 972              	.LVL47:
 398:Src/stm32f1xx_hal_msp.c **** 
 973              		.loc 1 398 5 is_stmt 0 view .LVU252
 974 0056 FFF7FEFF 		bl	HAL_GPIO_Init
 975              	.LVL48:
 400:Src/stm32f1xx_hal_msp.c ****     GPIO_InitStruct.Mode = GPIO_MODE_INPUT;
 976              		.loc 1 400 5 is_stmt 1 view .LVU253
 400:Src/stm32f1xx_hal_msp.c ****     GPIO_InitStruct.Mode = GPIO_MODE_INPUT;
 977              		.loc 1 400 25 is_stmt 0 view .LVU254
 978 005a 4FF40063 		mov	r3, #2048
 979 005e 0293     		str	r3, [sp, #8]
 401:Src/stm32f1xx_hal_msp.c ****     GPIO_InitStruct.Pull = GPIO_NOPULL;
 980              		.loc 1 401 5 is_stmt 1 view .LVU255
 401:Src/stm32f1xx_hal_msp.c ****     GPIO_InitStruct.Pull = GPIO_NOPULL;
 981              		.loc 1 401 26 is_stmt 0 view .LVU256
 982 0060 0023     		movs	r3, #0
 983 0062 0393     		str	r3, [sp, #12]
 402:Src/stm32f1xx_hal_msp.c ****     HAL_GPIO_Init(GPIOC, &GPIO_InitStruct);
 984              		.loc 1 402 5 is_stmt 1 view .LVU257
 402:Src/stm32f1xx_hal_msp.c ****     HAL_GPIO_Init(GPIOC, &GPIO_InitStruct);
 985              		.loc 1 402 26 is_stmt 0 view .LVU258
 986 0064 0493     		str	r3, [sp, #16]
 403:Src/stm32f1xx_hal_msp.c **** 
 987              		.loc 1 403 5 is_stmt 1 view .LVU259
ARM GAS  F:\Temp\cc9krVhD.s 			page 28


 988 0066 02A9     		add	r1, sp, #8
 989 0068 2046     		mov	r0, r4
 990 006a FFF7FEFF 		bl	HAL_GPIO_Init
 991              	.LVL49:
 992              		.loc 1 410 1 is_stmt 0 view .LVU260
 993 006e D2E7     		b	.L60
 994              	.L65:
 995              		.align	2
 996              	.L64:
 997 0070 004C0040 		.word	1073761280
 998 0074 00100140 		.word	1073811456
 999              		.cfi_endproc
 1000              	.LFE74:
 1002              		.section	.text.HAL_UART_MspDeInit,"ax",%progbits
 1003              		.align	1
 1004              		.global	HAL_UART_MspDeInit
 1005              		.syntax unified
 1006              		.thumb
 1007              		.thumb_func
 1008              		.fpu softvfp
 1010              	HAL_UART_MspDeInit:
 1011              	.LVL50:
 1012              	.LFB75:
 411:Src/stm32f1xx_hal_msp.c **** 
 412:Src/stm32f1xx_hal_msp.c **** /**
 413:Src/stm32f1xx_hal_msp.c **** * @brief UART MSP De-Initialization
 414:Src/stm32f1xx_hal_msp.c **** * This function freeze the hardware resources used in this example
 415:Src/stm32f1xx_hal_msp.c **** * @param huart: UART handle pointer
 416:Src/stm32f1xx_hal_msp.c **** * @retval None
 417:Src/stm32f1xx_hal_msp.c **** */
 418:Src/stm32f1xx_hal_msp.c **** void HAL_UART_MspDeInit(UART_HandleTypeDef* huart)
 419:Src/stm32f1xx_hal_msp.c **** {
 1013              		.loc 1 419 1 is_stmt 1 view -0
 1014              		.cfi_startproc
 1015              		@ args = 0, pretend = 0, frame = 0
 1016              		@ frame_needed = 0, uses_anonymous_args = 0
 1017              		.loc 1 419 1 is_stmt 0 view .LVU262
 1018 0000 08B5     		push	{r3, lr}
 1019              	.LCFI23:
 1020              		.cfi_def_cfa_offset 8
 1021              		.cfi_offset 3, -8
 1022              		.cfi_offset 14, -4
 420:Src/stm32f1xx_hal_msp.c ****   if(huart->Instance==UART4)
 1023              		.loc 1 420 3 is_stmt 1 view .LVU263
 1024              		.loc 1 420 11 is_stmt 0 view .LVU264
 1025 0002 0268     		ldr	r2, [r0]
 1026              		.loc 1 420 5 view .LVU265
 1027 0004 074B     		ldr	r3, .L70
 1028 0006 9A42     		cmp	r2, r3
 1029 0008 00D0     		beq	.L69
 1030              	.LVL51:
 1031              	.L66:
 421:Src/stm32f1xx_hal_msp.c ****   {
 422:Src/stm32f1xx_hal_msp.c ****   /* USER CODE BEGIN UART4_MspDeInit 0 */
 423:Src/stm32f1xx_hal_msp.c **** 
 424:Src/stm32f1xx_hal_msp.c ****   /* USER CODE END UART4_MspDeInit 0 */
 425:Src/stm32f1xx_hal_msp.c ****     /* Peripheral clock disable */
ARM GAS  F:\Temp\cc9krVhD.s 			page 29


 426:Src/stm32f1xx_hal_msp.c ****     __HAL_RCC_UART4_CLK_DISABLE();
 427:Src/stm32f1xx_hal_msp.c ****   
 428:Src/stm32f1xx_hal_msp.c ****     /**UART4 GPIO Configuration    
 429:Src/stm32f1xx_hal_msp.c ****     PC10     ------> UART4_TX
 430:Src/stm32f1xx_hal_msp.c ****     PC11     ------> UART4_RX 
 431:Src/stm32f1xx_hal_msp.c ****     */
 432:Src/stm32f1xx_hal_msp.c ****     HAL_GPIO_DeInit(GPIOC, GPIO_PIN_10|GPIO_PIN_11);
 433:Src/stm32f1xx_hal_msp.c **** 
 434:Src/stm32f1xx_hal_msp.c ****   /* USER CODE BEGIN UART4_MspDeInit 1 */
 435:Src/stm32f1xx_hal_msp.c **** 
 436:Src/stm32f1xx_hal_msp.c ****   /* USER CODE END UART4_MspDeInit 1 */
 437:Src/stm32f1xx_hal_msp.c ****   }
 438:Src/stm32f1xx_hal_msp.c **** 
 439:Src/stm32f1xx_hal_msp.c **** }
 1032              		.loc 1 439 1 view .LVU266
 1033 000a 08BD     		pop	{r3, pc}
 1034              	.LVL52:
 1035              	.L69:
 426:Src/stm32f1xx_hal_msp.c ****   
 1036              		.loc 1 426 5 is_stmt 1 view .LVU267
 1037 000c 064A     		ldr	r2, .L70+4
 1038 000e D369     		ldr	r3, [r2, #28]
 1039 0010 23F40023 		bic	r3, r3, #524288
 1040 0014 D361     		str	r3, [r2, #28]
 432:Src/stm32f1xx_hal_msp.c **** 
 1041              		.loc 1 432 5 view .LVU268
 1042 0016 4FF44061 		mov	r1, #3072
 1043 001a 0448     		ldr	r0, .L70+8
 1044              	.LVL53:
 432:Src/stm32f1xx_hal_msp.c **** 
 1045              		.loc 1 432 5 is_stmt 0 view .LVU269
 1046 001c FFF7FEFF 		bl	HAL_GPIO_DeInit
 1047              	.LVL54:
 1048              		.loc 1 439 1 view .LVU270
 1049 0020 F3E7     		b	.L66
 1050              	.L71:
 1051 0022 00BF     		.align	2
 1052              	.L70:
 1053 0024 004C0040 		.word	1073761280
 1054 0028 00100240 		.word	1073876992
 1055 002c 00100140 		.word	1073811456
 1056              		.cfi_endproc
 1057              	.LFE75:
 1059              		.text
 1060              	.Letext0:
 1061              		.file 2 "c:\\program files (x86)\\gnu arm embedded toolchain\\10 2020-q2-preview\\arm-none-eabi\\i
 1062              		.file 3 "c:\\program files (x86)\\gnu arm embedded toolchain\\10 2020-q2-preview\\arm-none-eabi\\i
 1063              		.file 4 "Drivers/CMSIS/Device/ST/STM32F1xx/Include/stm32f103xe.h"
 1064              		.file 5 "Drivers/CMSIS/Device/ST/STM32F1xx/Include/stm32f1xx.h"
 1065              		.file 6 "Drivers/STM32F1xx_HAL_Driver/Inc/stm32f1xx_hal_def.h"
 1066              		.file 7 "Drivers/STM32F1xx_HAL_Driver/Inc/stm32f1xx_hal_gpio.h"
 1067              		.file 8 "Drivers/STM32F1xx_HAL_Driver/Inc/stm32f1xx_hal_dma.h"
 1068              		.file 9 "Drivers/STM32F1xx_HAL_Driver/Inc/stm32f1xx_hal_adc.h"
 1069              		.file 10 "Drivers/STM32F1xx_HAL_Driver/Inc/stm32f1xx_hal_i2s.h"
 1070              		.file 11 "Drivers/STM32F1xx_HAL_Driver/Inc/stm32f1xx_hal_spi.h"
 1071              		.file 12 "Drivers/STM32F1xx_HAL_Driver/Inc/stm32f1xx_hal_tim.h"
 1072              		.file 13 "Drivers/STM32F1xx_HAL_Driver/Inc/stm32f1xx_hal_uart.h"
ARM GAS  F:\Temp\cc9krVhD.s 			page 30


 1073              		.file 14 "Inc/main.h"
ARM GAS  F:\Temp\cc9krVhD.s 			page 31


DEFINED SYMBOLS
                            *ABS*:00000000 stm32f1xx_hal_msp.c
  F:\Temp\cc9krVhD.s:16     .text.HAL_MspInit:00000000 $t
  F:\Temp\cc9krVhD.s:24     .text.HAL_MspInit:00000000 HAL_MspInit
  F:\Temp\cc9krVhD.s:91     .text.HAL_MspInit:0000003c $d
  F:\Temp\cc9krVhD.s:97     .text.HAL_ADC_MspInit:00000000 $t
  F:\Temp\cc9krVhD.s:104    .text.HAL_ADC_MspInit:00000000 HAL_ADC_MspInit
  F:\Temp\cc9krVhD.s:304    .text.HAL_ADC_MspInit:000000c8 $d
  F:\Temp\cc9krVhD.s:314    .text.HAL_ADC_MspDeInit:00000000 $t
  F:\Temp\cc9krVhD.s:321    .text.HAL_ADC_MspDeInit:00000000 HAL_ADC_MspDeInit
  F:\Temp\cc9krVhD.s:377    .text.HAL_ADC_MspDeInit:00000038 $d
  F:\Temp\cc9krVhD.s:386    .text.HAL_I2S_MspInit:00000000 $t
  F:\Temp\cc9krVhD.s:393    .text.HAL_I2S_MspInit:00000000 HAL_I2S_MspInit
  F:\Temp\cc9krVhD.s:520    .text.HAL_I2S_MspInit:0000007c $d
  F:\Temp\cc9krVhD.s:527    .text.HAL_I2S_MspDeInit:00000000 $t
  F:\Temp\cc9krVhD.s:534    .text.HAL_I2S_MspDeInit:00000000 HAL_I2S_MspDeInit
  F:\Temp\cc9krVhD.s:582    .text.HAL_I2S_MspDeInit:0000002c $d
  F:\Temp\cc9krVhD.s:590    .text.HAL_SPI_MspInit:00000000 $t
  F:\Temp\cc9krVhD.s:597    .text.HAL_SPI_MspInit:00000000 HAL_SPI_MspInit
  F:\Temp\cc9krVhD.s:712    .text.HAL_SPI_MspInit:0000006c $d
  F:\Temp\cc9krVhD.s:718    .text.HAL_SPI_MspDeInit:00000000 $t
  F:\Temp\cc9krVhD.s:725    .text.HAL_SPI_MspDeInit:00000000 HAL_SPI_MspDeInit
  F:\Temp\cc9krVhD.s:768    .text.HAL_SPI_MspDeInit:00000020 $d
  F:\Temp\cc9krVhD.s:775    .text.HAL_TIM_Base_MspInit:00000000 $t
  F:\Temp\cc9krVhD.s:782    .text.HAL_TIM_Base_MspInit:00000000 HAL_TIM_Base_MspInit
  F:\Temp\cc9krVhD.s:828    .text.HAL_TIM_Base_MspInit:00000028 $d
  F:\Temp\cc9krVhD.s:833    .text.HAL_TIM_Base_MspDeInit:00000000 $t
  F:\Temp\cc9krVhD.s:840    .text.HAL_TIM_Base_MspDeInit:00000000 HAL_TIM_Base_MspDeInit
  F:\Temp\cc9krVhD.s:869    .text.HAL_TIM_Base_MspDeInit:00000018 $d
  F:\Temp\cc9krVhD.s:875    .text.HAL_UART_MspInit:00000000 $t
  F:\Temp\cc9krVhD.s:882    .text.HAL_UART_MspInit:00000000 HAL_UART_MspInit
  F:\Temp\cc9krVhD.s:997    .text.HAL_UART_MspInit:00000070 $d
  F:\Temp\cc9krVhD.s:1003   .text.HAL_UART_MspDeInit:00000000 $t
  F:\Temp\cc9krVhD.s:1010   .text.HAL_UART_MspDeInit:00000000 HAL_UART_MspDeInit
  F:\Temp\cc9krVhD.s:1053   .text.HAL_UART_MspDeInit:00000024 $d

UNDEFINED SYMBOLS
HAL_GPIO_Init
HAL_DMA_Init
Error_Handler
hdma_adc1
HAL_GPIO_DeInit
HAL_DMA_DeInit
