ARM GAS  F:\Temp\cch1AzGV.s 			page 1


   1              		.cpu cortex-m3
   2              		.eabi_attribute 20, 1
   3              		.eabi_attribute 21, 1
   4              		.eabi_attribute 23, 3
   5              		.eabi_attribute 24, 1
   6              		.eabi_attribute 25, 1
   7              		.eabi_attribute 26, 1
   8              		.eabi_attribute 30, 1
   9              		.eabi_attribute 34, 1
  10              		.eabi_attribute 18, 4
  11              		.file	"stm32f1xx_it.c"
  12              		.text
  13              	.Ltext0:
  14              		.cfi_sections	.debug_frame
  15              		.section	.text.NMI_Handler,"ax",%progbits
  16              		.align	1
  17              		.global	NMI_Handler
  18              		.arch armv7-m
  19              		.syntax unified
  20              		.thumb
  21              		.thumb_func
  22              		.fpu softvfp
  24              	NMI_Handler:
  25              	.LFB65:
  26              		.file 1 "Src/stm32f1xx_it.c"
   1:Src/stm32f1xx_it.c **** /* USER CODE BEGIN Header */
   2:Src/stm32f1xx_it.c **** /**
   3:Src/stm32f1xx_it.c ****   ******************************************************************************
   4:Src/stm32f1xx_it.c ****   * @file    stm32f1xx_it.c
   5:Src/stm32f1xx_it.c ****   * @brief   Interrupt Service Routines.
   6:Src/stm32f1xx_it.c ****   ******************************************************************************
   7:Src/stm32f1xx_it.c ****   * @attention
   8:Src/stm32f1xx_it.c ****   *
   9:Src/stm32f1xx_it.c ****   * <h2><center>&copy; Copyright (c) 2020 STMicroelectronics.
  10:Src/stm32f1xx_it.c ****   * All rights reserved.</center></h2>
  11:Src/stm32f1xx_it.c ****   *
  12:Src/stm32f1xx_it.c ****   * This software component is licensed by ST under BSD 3-Clause license,
  13:Src/stm32f1xx_it.c ****   * the "License"; You may not use this file except in compliance with the
  14:Src/stm32f1xx_it.c ****   * License. You may obtain a copy of the License at:
  15:Src/stm32f1xx_it.c ****   *                        opensource.org/licenses/BSD-3-Clause
  16:Src/stm32f1xx_it.c ****   *
  17:Src/stm32f1xx_it.c ****   ******************************************************************************
  18:Src/stm32f1xx_it.c ****   */
  19:Src/stm32f1xx_it.c **** /* USER CODE END Header */
  20:Src/stm32f1xx_it.c **** 
  21:Src/stm32f1xx_it.c **** /* Includes ------------------------------------------------------------------*/
  22:Src/stm32f1xx_it.c **** #include "main.h"
  23:Src/stm32f1xx_it.c **** #include "stm32f1xx_it.h"
  24:Src/stm32f1xx_it.c **** /* Private includes ----------------------------------------------------------*/
  25:Src/stm32f1xx_it.c **** /* USER CODE BEGIN Includes */
  26:Src/stm32f1xx_it.c **** #include "DSPmain.h"
  27:Src/stm32f1xx_it.c **** /* USER CODE END Includes */
  28:Src/stm32f1xx_it.c **** 
  29:Src/stm32f1xx_it.c **** /* Private typedef -----------------------------------------------------------*/
  30:Src/stm32f1xx_it.c **** /* USER CODE BEGIN TD */
  31:Src/stm32f1xx_it.c **** 
  32:Src/stm32f1xx_it.c **** /* USER CODE END TD */
ARM GAS  F:\Temp\cch1AzGV.s 			page 2


  33:Src/stm32f1xx_it.c **** 
  34:Src/stm32f1xx_it.c **** /* Private define ------------------------------------------------------------*/
  35:Src/stm32f1xx_it.c **** /* USER CODE BEGIN PD */
  36:Src/stm32f1xx_it.c ****  
  37:Src/stm32f1xx_it.c **** /* USER CODE END PD */
  38:Src/stm32f1xx_it.c **** 
  39:Src/stm32f1xx_it.c **** /* Private macro -------------------------------------------------------------*/
  40:Src/stm32f1xx_it.c **** /* USER CODE BEGIN PM */
  41:Src/stm32f1xx_it.c **** 
  42:Src/stm32f1xx_it.c **** /* USER CODE END PM */
  43:Src/stm32f1xx_it.c **** 
  44:Src/stm32f1xx_it.c **** /* Private variables ---------------------------------------------------------*/
  45:Src/stm32f1xx_it.c **** /* USER CODE BEGIN PV */
  46:Src/stm32f1xx_it.c **** 
  47:Src/stm32f1xx_it.c **** /* USER CODE END PV */
  48:Src/stm32f1xx_it.c **** 
  49:Src/stm32f1xx_it.c **** /* Private function prototypes -----------------------------------------------*/
  50:Src/stm32f1xx_it.c **** /* USER CODE BEGIN PFP */
  51:Src/stm32f1xx_it.c **** 
  52:Src/stm32f1xx_it.c **** /* USER CODE END PFP */
  53:Src/stm32f1xx_it.c **** 
  54:Src/stm32f1xx_it.c **** /* Private user code ---------------------------------------------------------*/
  55:Src/stm32f1xx_it.c **** /* USER CODE BEGIN 0 */
  56:Src/stm32f1xx_it.c **** 
  57:Src/stm32f1xx_it.c **** /* USER CODE END 0 */
  58:Src/stm32f1xx_it.c **** 
  59:Src/stm32f1xx_it.c **** /* External variables --------------------------------------------------------*/
  60:Src/stm32f1xx_it.c **** extern DMA_HandleTypeDef hdma_adc1;
  61:Src/stm32f1xx_it.c **** /* USER CODE BEGIN EV */
  62:Src/stm32f1xx_it.c **** 
  63:Src/stm32f1xx_it.c **** /* USER CODE END EV */
  64:Src/stm32f1xx_it.c **** 
  65:Src/stm32f1xx_it.c **** /******************************************************************************/
  66:Src/stm32f1xx_it.c **** /*           Cortex-M3 Processor Interruption and Exception Handlers          */ 
  67:Src/stm32f1xx_it.c **** /******************************************************************************/
  68:Src/stm32f1xx_it.c **** /**
  69:Src/stm32f1xx_it.c ****   * @brief This function handles Non maskable interrupt.
  70:Src/stm32f1xx_it.c ****   */
  71:Src/stm32f1xx_it.c **** void NMI_Handler(void)
  72:Src/stm32f1xx_it.c **** {
  27              		.loc 1 72 1 view -0
  28              		.cfi_startproc
  29              		@ args = 0, pretend = 0, frame = 0
  30              		@ frame_needed = 0, uses_anonymous_args = 0
  31              		@ link register save eliminated.
  73:Src/stm32f1xx_it.c ****   /* USER CODE BEGIN NonMaskableInt_IRQn 0 */
  74:Src/stm32f1xx_it.c **** 
  75:Src/stm32f1xx_it.c ****   /* USER CODE END NonMaskableInt_IRQn 0 */
  76:Src/stm32f1xx_it.c ****   /* USER CODE BEGIN NonMaskableInt_IRQn 1 */
  77:Src/stm32f1xx_it.c **** 
  78:Src/stm32f1xx_it.c ****   /* USER CODE END NonMaskableInt_IRQn 1 */
  79:Src/stm32f1xx_it.c **** }
  32              		.loc 1 79 1 view .LVU1
  33 0000 7047     		bx	lr
  34              		.cfi_endproc
  35              	.LFE65:
  37              		.section	.text.HardFault_Handler,"ax",%progbits
ARM GAS  F:\Temp\cch1AzGV.s 			page 3


  38              		.align	1
  39              		.global	HardFault_Handler
  40              		.syntax unified
  41              		.thumb
  42              		.thumb_func
  43              		.fpu softvfp
  45              	HardFault_Handler:
  46              	.LFB66:
  80:Src/stm32f1xx_it.c **** 
  81:Src/stm32f1xx_it.c **** /**
  82:Src/stm32f1xx_it.c ****   * @brief This function handles Hard fault interrupt.
  83:Src/stm32f1xx_it.c ****   */
  84:Src/stm32f1xx_it.c **** void HardFault_Handler(void)
  85:Src/stm32f1xx_it.c **** {
  47              		.loc 1 85 1 view -0
  48              		.cfi_startproc
  49              		@ Volatile: function does not return.
  50              		@ args = 0, pretend = 0, frame = 0
  51              		@ frame_needed = 0, uses_anonymous_args = 0
  52              		@ link register save eliminated.
  53              	.L3:
  86:Src/stm32f1xx_it.c ****   /* USER CODE BEGIN HardFault_IRQn 0 */
  87:Src/stm32f1xx_it.c **** 
  88:Src/stm32f1xx_it.c ****   /* USER CODE END HardFault_IRQn 0 */
  89:Src/stm32f1xx_it.c ****   while (1)
  54              		.loc 1 89 3 discriminator 1 view .LVU3
  90:Src/stm32f1xx_it.c ****   {
  91:Src/stm32f1xx_it.c ****     /* USER CODE BEGIN W1_HardFault_IRQn 0 */
  92:Src/stm32f1xx_it.c ****     /* USER CODE END W1_HardFault_IRQn 0 */
  93:Src/stm32f1xx_it.c ****   }
  55              		.loc 1 93 3 discriminator 1 view .LVU4
  89:Src/stm32f1xx_it.c ****   {
  56              		.loc 1 89 9 discriminator 1 view .LVU5
  57 0000 FEE7     		b	.L3
  58              		.cfi_endproc
  59              	.LFE66:
  61              		.section	.text.MemManage_Handler,"ax",%progbits
  62              		.align	1
  63              		.global	MemManage_Handler
  64              		.syntax unified
  65              		.thumb
  66              		.thumb_func
  67              		.fpu softvfp
  69              	MemManage_Handler:
  70              	.LFB67:
  94:Src/stm32f1xx_it.c **** }
  95:Src/stm32f1xx_it.c **** 
  96:Src/stm32f1xx_it.c **** /**
  97:Src/stm32f1xx_it.c ****   * @brief This function handles Memory management fault.
  98:Src/stm32f1xx_it.c ****   */
  99:Src/stm32f1xx_it.c **** void MemManage_Handler(void)
 100:Src/stm32f1xx_it.c **** {
  71              		.loc 1 100 1 view -0
  72              		.cfi_startproc
  73              		@ Volatile: function does not return.
  74              		@ args = 0, pretend = 0, frame = 0
  75              		@ frame_needed = 0, uses_anonymous_args = 0
ARM GAS  F:\Temp\cch1AzGV.s 			page 4


  76              		@ link register save eliminated.
  77              	.L5:
 101:Src/stm32f1xx_it.c ****   /* USER CODE BEGIN MemoryManagement_IRQn 0 */
 102:Src/stm32f1xx_it.c **** 
 103:Src/stm32f1xx_it.c ****   /* USER CODE END MemoryManagement_IRQn 0 */
 104:Src/stm32f1xx_it.c ****   while (1)
  78              		.loc 1 104 3 discriminator 1 view .LVU7
 105:Src/stm32f1xx_it.c ****   {
 106:Src/stm32f1xx_it.c ****     /* USER CODE BEGIN W1_MemoryManagement_IRQn 0 */
 107:Src/stm32f1xx_it.c ****     /* USER CODE END W1_MemoryManagement_IRQn 0 */
 108:Src/stm32f1xx_it.c ****   }
  79              		.loc 1 108 3 discriminator 1 view .LVU8
 104:Src/stm32f1xx_it.c ****   {
  80              		.loc 1 104 9 discriminator 1 view .LVU9
  81 0000 FEE7     		b	.L5
  82              		.cfi_endproc
  83              	.LFE67:
  85              		.section	.text.BusFault_Handler,"ax",%progbits
  86              		.align	1
  87              		.global	BusFault_Handler
  88              		.syntax unified
  89              		.thumb
  90              		.thumb_func
  91              		.fpu softvfp
  93              	BusFault_Handler:
  94              	.LFB68:
 109:Src/stm32f1xx_it.c **** }
 110:Src/stm32f1xx_it.c **** 
 111:Src/stm32f1xx_it.c **** /**
 112:Src/stm32f1xx_it.c ****   * @brief This function handles Prefetch fault, memory access fault.
 113:Src/stm32f1xx_it.c ****   */
 114:Src/stm32f1xx_it.c **** void BusFault_Handler(void)
 115:Src/stm32f1xx_it.c **** {
  95              		.loc 1 115 1 view -0
  96              		.cfi_startproc
  97              		@ Volatile: function does not return.
  98              		@ args = 0, pretend = 0, frame = 0
  99              		@ frame_needed = 0, uses_anonymous_args = 0
 100              		@ link register save eliminated.
 101              	.L7:
 116:Src/stm32f1xx_it.c ****   /* USER CODE BEGIN BusFault_IRQn 0 */
 117:Src/stm32f1xx_it.c **** 
 118:Src/stm32f1xx_it.c ****   /* USER CODE END BusFault_IRQn 0 */
 119:Src/stm32f1xx_it.c ****   while (1)
 102              		.loc 1 119 3 discriminator 1 view .LVU11
 120:Src/stm32f1xx_it.c ****   {
 121:Src/stm32f1xx_it.c ****     /* USER CODE BEGIN W1_BusFault_IRQn 0 */
 122:Src/stm32f1xx_it.c ****     /* USER CODE END W1_BusFault_IRQn 0 */
 123:Src/stm32f1xx_it.c ****   }
 103              		.loc 1 123 3 discriminator 1 view .LVU12
 119:Src/stm32f1xx_it.c ****   {
 104              		.loc 1 119 9 discriminator 1 view .LVU13
 105 0000 FEE7     		b	.L7
 106              		.cfi_endproc
 107              	.LFE68:
 109              		.section	.text.UsageFault_Handler,"ax",%progbits
 110              		.align	1
ARM GAS  F:\Temp\cch1AzGV.s 			page 5


 111              		.global	UsageFault_Handler
 112              		.syntax unified
 113              		.thumb
 114              		.thumb_func
 115              		.fpu softvfp
 117              	UsageFault_Handler:
 118              	.LFB69:
 124:Src/stm32f1xx_it.c **** }
 125:Src/stm32f1xx_it.c **** 
 126:Src/stm32f1xx_it.c **** /**
 127:Src/stm32f1xx_it.c ****   * @brief This function handles Undefined instruction or illegal state.
 128:Src/stm32f1xx_it.c ****   */
 129:Src/stm32f1xx_it.c **** void UsageFault_Handler(void)
 130:Src/stm32f1xx_it.c **** {
 119              		.loc 1 130 1 view -0
 120              		.cfi_startproc
 121              		@ Volatile: function does not return.
 122              		@ args = 0, pretend = 0, frame = 0
 123              		@ frame_needed = 0, uses_anonymous_args = 0
 124              		@ link register save eliminated.
 125              	.L9:
 131:Src/stm32f1xx_it.c ****   /* USER CODE BEGIN UsageFault_IRQn 0 */
 132:Src/stm32f1xx_it.c **** 
 133:Src/stm32f1xx_it.c ****   /* USER CODE END UsageFault_IRQn 0 */
 134:Src/stm32f1xx_it.c ****   while (1)
 126              		.loc 1 134 3 discriminator 1 view .LVU15
 135:Src/stm32f1xx_it.c ****   {
 136:Src/stm32f1xx_it.c ****     /* USER CODE BEGIN W1_UsageFault_IRQn 0 */
 137:Src/stm32f1xx_it.c ****     /* USER CODE END W1_UsageFault_IRQn 0 */
 138:Src/stm32f1xx_it.c ****   }
 127              		.loc 1 138 3 discriminator 1 view .LVU16
 134:Src/stm32f1xx_it.c ****   {
 128              		.loc 1 134 9 discriminator 1 view .LVU17
 129 0000 FEE7     		b	.L9
 130              		.cfi_endproc
 131              	.LFE69:
 133              		.section	.text.SVC_Handler,"ax",%progbits
 134              		.align	1
 135              		.global	SVC_Handler
 136              		.syntax unified
 137              		.thumb
 138              		.thumb_func
 139              		.fpu softvfp
 141              	SVC_Handler:
 142              	.LFB70:
 139:Src/stm32f1xx_it.c **** }
 140:Src/stm32f1xx_it.c **** 
 141:Src/stm32f1xx_it.c **** /**
 142:Src/stm32f1xx_it.c ****   * @brief This function handles System service call via SWI instruction.
 143:Src/stm32f1xx_it.c ****   */
 144:Src/stm32f1xx_it.c **** void SVC_Handler(void)
 145:Src/stm32f1xx_it.c **** {
 143              		.loc 1 145 1 view -0
 144              		.cfi_startproc
 145              		@ args = 0, pretend = 0, frame = 0
 146              		@ frame_needed = 0, uses_anonymous_args = 0
 147              		@ link register save eliminated.
ARM GAS  F:\Temp\cch1AzGV.s 			page 6


 146:Src/stm32f1xx_it.c ****   /* USER CODE BEGIN SVCall_IRQn 0 */
 147:Src/stm32f1xx_it.c **** 
 148:Src/stm32f1xx_it.c ****   /* USER CODE END SVCall_IRQn 0 */
 149:Src/stm32f1xx_it.c ****   /* USER CODE BEGIN SVCall_IRQn 1 */
 150:Src/stm32f1xx_it.c **** 
 151:Src/stm32f1xx_it.c ****   /* USER CODE END SVCall_IRQn 1 */
 152:Src/stm32f1xx_it.c **** }
 148              		.loc 1 152 1 view .LVU19
 149 0000 7047     		bx	lr
 150              		.cfi_endproc
 151              	.LFE70:
 153              		.section	.text.DebugMon_Handler,"ax",%progbits
 154              		.align	1
 155              		.global	DebugMon_Handler
 156              		.syntax unified
 157              		.thumb
 158              		.thumb_func
 159              		.fpu softvfp
 161              	DebugMon_Handler:
 162              	.LFB71:
 153:Src/stm32f1xx_it.c **** 
 154:Src/stm32f1xx_it.c **** /**
 155:Src/stm32f1xx_it.c ****   * @brief This function handles Debug monitor.
 156:Src/stm32f1xx_it.c ****   */
 157:Src/stm32f1xx_it.c **** void DebugMon_Handler(void)
 158:Src/stm32f1xx_it.c **** {
 163              		.loc 1 158 1 view -0
 164              		.cfi_startproc
 165              		@ args = 0, pretend = 0, frame = 0
 166              		@ frame_needed = 0, uses_anonymous_args = 0
 167              		@ link register save eliminated.
 159:Src/stm32f1xx_it.c ****   /* USER CODE BEGIN DebugMonitor_IRQn 0 */
 160:Src/stm32f1xx_it.c **** 
 161:Src/stm32f1xx_it.c ****   /* USER CODE END DebugMonitor_IRQn 0 */
 162:Src/stm32f1xx_it.c ****   /* USER CODE BEGIN DebugMonitor_IRQn 1 */
 163:Src/stm32f1xx_it.c **** 
 164:Src/stm32f1xx_it.c ****   /* USER CODE END DebugMonitor_IRQn 1 */
 165:Src/stm32f1xx_it.c **** }
 168              		.loc 1 165 1 view .LVU21
 169 0000 7047     		bx	lr
 170              		.cfi_endproc
 171              	.LFE71:
 173              		.section	.text.PendSV_Handler,"ax",%progbits
 174              		.align	1
 175              		.global	PendSV_Handler
 176              		.syntax unified
 177              		.thumb
 178              		.thumb_func
 179              		.fpu softvfp
 181              	PendSV_Handler:
 182              	.LFB72:
 166:Src/stm32f1xx_it.c **** 
 167:Src/stm32f1xx_it.c **** /**
 168:Src/stm32f1xx_it.c ****   * @brief This function handles Pendable request for system service.
 169:Src/stm32f1xx_it.c ****   */
 170:Src/stm32f1xx_it.c **** void PendSV_Handler(void)
 171:Src/stm32f1xx_it.c **** {
ARM GAS  F:\Temp\cch1AzGV.s 			page 7


 183              		.loc 1 171 1 view -0
 184              		.cfi_startproc
 185              		@ args = 0, pretend = 0, frame = 0
 186              		@ frame_needed = 0, uses_anonymous_args = 0
 187              		@ link register save eliminated.
 172:Src/stm32f1xx_it.c ****   /* USER CODE BEGIN PendSV_IRQn 0 */
 173:Src/stm32f1xx_it.c **** 
 174:Src/stm32f1xx_it.c ****   /* USER CODE END PendSV_IRQn 0 */
 175:Src/stm32f1xx_it.c ****   /* USER CODE BEGIN PendSV_IRQn 1 */
 176:Src/stm32f1xx_it.c **** 
 177:Src/stm32f1xx_it.c ****   /* USER CODE END PendSV_IRQn 1 */
 178:Src/stm32f1xx_it.c **** }
 188              		.loc 1 178 1 view .LVU23
 189 0000 7047     		bx	lr
 190              		.cfi_endproc
 191              	.LFE72:
 193              		.section	.text.SysTick_Handler,"ax",%progbits
 194              		.align	1
 195              		.global	SysTick_Handler
 196              		.syntax unified
 197              		.thumb
 198              		.thumb_func
 199              		.fpu softvfp
 201              	SysTick_Handler:
 202              	.LFB73:
 179:Src/stm32f1xx_it.c **** 
 180:Src/stm32f1xx_it.c **** /**
 181:Src/stm32f1xx_it.c ****   * @brief This function handles System tick timer.
 182:Src/stm32f1xx_it.c ****   */
 183:Src/stm32f1xx_it.c **** void SysTick_Handler(void)
 184:Src/stm32f1xx_it.c **** {
 203              		.loc 1 184 1 view -0
 204              		.cfi_startproc
 205              		@ args = 0, pretend = 0, frame = 0
 206              		@ frame_needed = 0, uses_anonymous_args = 0
 207 0000 08B5     		push	{r3, lr}
 208              	.LCFI0:
 209              		.cfi_def_cfa_offset 8
 210              		.cfi_offset 3, -8
 211              		.cfi_offset 14, -4
 185:Src/stm32f1xx_it.c ****   /* USER CODE BEGIN SysTick_IRQn 0 */
 186:Src/stm32f1xx_it.c **** 
 187:Src/stm32f1xx_it.c ****   /* USER CODE END SysTick_IRQn 0 */
 188:Src/stm32f1xx_it.c ****   HAL_IncTick();
 212              		.loc 1 188 3 view .LVU25
 213 0002 FFF7FEFF 		bl	HAL_IncTick
 214              	.LVL0:
 189:Src/stm32f1xx_it.c ****   /* USER CODE BEGIN SysTick_IRQn 1 */
 190:Src/stm32f1xx_it.c **** 
 191:Src/stm32f1xx_it.c ****   /* USER CODE END SysTick_IRQn 1 */
 192:Src/stm32f1xx_it.c **** }
 215              		.loc 1 192 1 is_stmt 0 view .LVU26
 216 0006 08BD     		pop	{r3, pc}
 217              		.cfi_endproc
 218              	.LFE73:
 220              		.section	.text.DMA1_Channel1_IRQHandler,"ax",%progbits
 221              		.align	1
ARM GAS  F:\Temp\cch1AzGV.s 			page 8


 222              		.global	DMA1_Channel1_IRQHandler
 223              		.syntax unified
 224              		.thumb
 225              		.thumb_func
 226              		.fpu softvfp
 228              	DMA1_Channel1_IRQHandler:
 229              	.LFB74:
 193:Src/stm32f1xx_it.c **** 
 194:Src/stm32f1xx_it.c **** /******************************************************************************/
 195:Src/stm32f1xx_it.c **** /* STM32F1xx Peripheral Interrupt Handlers                                    */
 196:Src/stm32f1xx_it.c **** /* Add here the Interrupt Handlers for the used peripherals.                  */
 197:Src/stm32f1xx_it.c **** /* For the available peripheral interrupt handler names,                      */
 198:Src/stm32f1xx_it.c **** /* please refer to the startup file (startup_stm32f1xx.s).                    */
 199:Src/stm32f1xx_it.c **** /******************************************************************************/
 200:Src/stm32f1xx_it.c **** 
 201:Src/stm32f1xx_it.c **** /**
 202:Src/stm32f1xx_it.c ****   * @brief This function handles DMA1 channel1 global interrupt.
 203:Src/stm32f1xx_it.c ****   */
 204:Src/stm32f1xx_it.c **** void DMA1_Channel1_IRQHandler(void)
 205:Src/stm32f1xx_it.c **** {
 230              		.loc 1 205 1 is_stmt 1 view -0
 231              		.cfi_startproc
 232              		@ args = 0, pretend = 0, frame = 0
 233              		@ frame_needed = 0, uses_anonymous_args = 0
 234 0000 08B5     		push	{r3, lr}
 235              	.LCFI1:
 236              		.cfi_def_cfa_offset 8
 237              		.cfi_offset 3, -8
 238              		.cfi_offset 14, -4
 206:Src/stm32f1xx_it.c ****   /* USER CODE BEGIN DMA1_Channel1_IRQn 0 */
 207:Src/stm32f1xx_it.c **** 
 208:Src/stm32f1xx_it.c ****   /* USER CODE END DMA1_Channel1_IRQn 0 */
 209:Src/stm32f1xx_it.c ****   HAL_DMA_IRQHandler(&hdma_adc1);
 239              		.loc 1 209 3 view .LVU28
 240 0002 0248     		ldr	r0, .L17
 241 0004 FFF7FEFF 		bl	HAL_DMA_IRQHandler
 242              	.LVL1:
 210:Src/stm32f1xx_it.c ****   /* USER CODE BEGIN DMA1_Channel1_IRQn 1 */
 211:Src/stm32f1xx_it.c **** 
 212:Src/stm32f1xx_it.c ****   /* USER CODE END DMA1_Channel1_IRQn 1 */
 213:Src/stm32f1xx_it.c **** }
 243              		.loc 1 213 1 is_stmt 0 view .LVU29
 244 0008 08BD     		pop	{r3, pc}
 245              	.L18:
 246 000a 00BF     		.align	2
 247              	.L17:
 248 000c 00000000 		.word	hdma_adc1
 249              		.cfi_endproc
 250              	.LFE74:
 252              		.text
 253              	.Letext0:
 254              		.file 2 "c:\\program files (x86)\\gnu arm embedded toolchain\\10 2020-q2-preview\\arm-none-eabi\\i
 255              		.file 3 "c:\\program files (x86)\\gnu arm embedded toolchain\\10 2020-q2-preview\\arm-none-eabi\\i
 256              		.file 4 "Drivers/CMSIS/Device/ST/STM32F1xx/Include/stm32f103xe.h"
 257              		.file 5 "Drivers/STM32F1xx_HAL_Driver/Inc/stm32f1xx_hal_def.h"
 258              		.file 6 "Drivers/STM32F1xx_HAL_Driver/Inc/stm32f1xx_hal_dma.h"
 259              		.file 7 "Drivers/STM32F1xx_HAL_Driver/Inc/stm32f1xx_hal.h"
ARM GAS  F:\Temp\cch1AzGV.s 			page 9


ARM GAS  F:\Temp\cch1AzGV.s 			page 10


DEFINED SYMBOLS
                            *ABS*:00000000 stm32f1xx_it.c
  F:\Temp\cch1AzGV.s:16     .text.NMI_Handler:00000000 $t
  F:\Temp\cch1AzGV.s:24     .text.NMI_Handler:00000000 NMI_Handler
  F:\Temp\cch1AzGV.s:38     .text.HardFault_Handler:00000000 $t
  F:\Temp\cch1AzGV.s:45     .text.HardFault_Handler:00000000 HardFault_Handler
  F:\Temp\cch1AzGV.s:62     .text.MemManage_Handler:00000000 $t
  F:\Temp\cch1AzGV.s:69     .text.MemManage_Handler:00000000 MemManage_Handler
  F:\Temp\cch1AzGV.s:86     .text.BusFault_Handler:00000000 $t
  F:\Temp\cch1AzGV.s:93     .text.BusFault_Handler:00000000 BusFault_Handler
  F:\Temp\cch1AzGV.s:110    .text.UsageFault_Handler:00000000 $t
  F:\Temp\cch1AzGV.s:117    .text.UsageFault_Handler:00000000 UsageFault_Handler
  F:\Temp\cch1AzGV.s:134    .text.SVC_Handler:00000000 $t
  F:\Temp\cch1AzGV.s:141    .text.SVC_Handler:00000000 SVC_Handler
  F:\Temp\cch1AzGV.s:154    .text.DebugMon_Handler:00000000 $t
  F:\Temp\cch1AzGV.s:161    .text.DebugMon_Handler:00000000 DebugMon_Handler
  F:\Temp\cch1AzGV.s:174    .text.PendSV_Handler:00000000 $t
  F:\Temp\cch1AzGV.s:181    .text.PendSV_Handler:00000000 PendSV_Handler
  F:\Temp\cch1AzGV.s:194    .text.SysTick_Handler:00000000 $t
  F:\Temp\cch1AzGV.s:201    .text.SysTick_Handler:00000000 SysTick_Handler
  F:\Temp\cch1AzGV.s:221    .text.DMA1_Channel1_IRQHandler:00000000 $t
  F:\Temp\cch1AzGV.s:228    .text.DMA1_Channel1_IRQHandler:00000000 DMA1_Channel1_IRQHandler
  F:\Temp\cch1AzGV.s:248    .text.DMA1_Channel1_IRQHandler:0000000c $d

UNDEFINED SYMBOLS
HAL_IncTick
HAL_DMA_IRQHandler
hdma_adc1
