ARM GAS  F:\Temp\ccs0ygGk.s 			page 1


   1              		.cpu cortex-m3
   2              		.eabi_attribute 20, 1
   3              		.eabi_attribute 21, 1
   4              		.eabi_attribute 23, 3
   5              		.eabi_attribute 24, 1
   6              		.eabi_attribute 25, 1
   7              		.eabi_attribute 26, 1
   8              		.eabi_attribute 30, 1
   9              		.eabi_attribute 34, 1
  10              		.eabi_attribute 18, 4
  11              		.file	"wavetables.c"
  12              		.text
  13              	.Ltext0:
  14              		.cfi_sections	.debug_frame
  15              		.global	SineWave
  16              		.section	.rodata.SineWave,"a"
  17              		.align	2
  20              	SineWave:
  21 0000 00000000 		.word	0
  22 0004 BF2A2403 		.word	52701887
  23 0008 7CD94706 		.word	105372028
  24 000c 49906A09 		.word	157978697
  25 0010 5ED38B0C 		.word	210490206
  26 0014 2B27AB0F 		.word	262874923
  27 0018 6E10C812 		.word	315101294
  28 001c 4414E215 		.word	367137860
  29 0020 3CB8F818 		.word	418953276
  30 0024 6A820B1C 		.word	470516330
  31 0028 7BF9191F 		.word	521795963
  32 002c C5A42322 		.word	572761285
  33 0030 5D0C2825 		.word	623381597
  34 0034 28B92628 		.word	673626408
  35 0038 EB341F2B 		.word	723465451
  36 003c 620A112E 		.word	772868706
  37 0040 4DC5FB30 		.word	821806413
  38 0044 87F2DE33 		.word	870249095
  39 0048 1320BA36 		.word	918167571
  40 004c 32DD8C39 		.word	965532978
  41 0050 70BA563C 		.word	1012316784
  42 0054 B749173F 		.word	1058490807
  43 0058 641ECE41 		.word	1104027236
  44 005c 50CD7A44 		.word	1148898640
  45 0060 E6EC1C47 		.word	1193077990
  46 0064 3315B449 		.word	1236538675
  47 0068 F3DF3F4C 		.word	1279254515
  48 006c A4E8BF4E 		.word	1321199780
  49 0070 94CC3351 		.word	1362349204
  50 0074 EF2A9B53 		.word	1402677999
  51 0078 D2A4F555 		.word	1442161874
  52 007c 54DD4258 		.word	1480777044
  53 0080 9979825A 		.word	1518500249
  54 0084 DF20B45C 		.word	1555308767
  55 0088 897CD75E 		.word	1591180425
  56 008c 2F38EC60 		.word	1626093615
  57 0090 AC01F262 		.word	1660027308
  58 0094 2589E864 		.word	1692961061
  59 0098 1F81CF66 		.word	1724875039
ARM GAS  F:\Temp\ccs0ygGk.s 			page 2


  60 009c 809EA668 		.word	1755750016
  61 00a0 A3986D6A 		.word	1785567395
  62 00a4 5F29246C 		.word	1814309215
  63 00a8 140DCA6D 		.word	1841958164
  64 00ac B1025F6F 		.word	1868497585
  65 00b0 C5CBE270 		.word	1893911493
  66 00b4 842C5572 		.word	1918184580
  67 00b8 D0EBB573 		.word	1941302224
  68 00bc 44D30475 		.word	1963250500
  69 00c0 3CAF4176 		.word	1984016188
  70 00c4 DA4E6C77 		.word	2003586778
  71 00c8 13848478 		.word	2021950483
  72 00cc B0238A79 		.word	2039096240
  73 00d0 5A057D7A 		.word	2055013722
  74 00d4 9D035D7B 		.word	2069693341
  75 00d8 EDFB297C 		.word	2083126253
  76 00dc B1CEE37C 		.word	2095304369
  77 00e0 3F5F8A7D 		.word	2106220351
  78 00e4 E9931D7E 		.word	2115867625
  79 00e8 FB559D7E 		.word	2124240379
  80 00ec C391097F 		.word	2131333571
  81 00f0 8E36627F 		.word	2137142926
  82 00f4 B336A77F 		.word	2141664947
  83 00f8 8D87D87F 		.word	2144896909
  84 00fc 8121F67F 		.word	2146836865
  85 0100 FFFFFF7F 		.word	2147483647
  86 0104 8121F67F 		.word	2146836865
  87 0108 8D87D87F 		.word	2144896909
  88 010c B336A77F 		.word	2141664947
  89 0110 8E36627F 		.word	2137142926
  90 0114 C391097F 		.word	2131333571
  91 0118 FB559D7E 		.word	2124240379
  92 011c E9931D7E 		.word	2115867625
  93 0120 3F5F8A7D 		.word	2106220351
  94 0124 B1CEE37C 		.word	2095304369
  95 0128 EDFB297C 		.word	2083126253
  96 012c 9D035D7B 		.word	2069693341
  97 0130 5A057D7A 		.word	2055013722
  98 0134 B0238A79 		.word	2039096240
  99 0138 13848478 		.word	2021950483
 100 013c DA4E6C77 		.word	2003586778
 101 0140 3CAF4176 		.word	1984016188
 102 0144 44D30475 		.word	1963250500
 103 0148 D0EBB573 		.word	1941302224
 104 014c 842C5572 		.word	1918184580
 105 0150 C5CBE270 		.word	1893911493
 106 0154 B1025F6F 		.word	1868497585
 107 0158 140DCA6D 		.word	1841958164
 108 015c 5F29246C 		.word	1814309215
 109 0160 A3986D6A 		.word	1785567395
 110 0164 809EA668 		.word	1755750016
 111 0168 1F81CF66 		.word	1724875039
 112 016c 2589E864 		.word	1692961061
 113 0170 AC01F262 		.word	1660027308
 114 0174 2F38EC60 		.word	1626093615
 115 0178 897CD75E 		.word	1591180425
 116 017c DF20B45C 		.word	1555308767
ARM GAS  F:\Temp\ccs0ygGk.s 			page 3


 117 0180 9979825A 		.word	1518500249
 118 0184 54DD4258 		.word	1480777044
 119 0188 D2A4F555 		.word	1442161874
 120 018c EF2A9B53 		.word	1402677999
 121 0190 94CC3351 		.word	1362349204
 122 0194 A4E8BF4E 		.word	1321199780
 123 0198 F3DF3F4C 		.word	1279254515
 124 019c 3315B449 		.word	1236538675
 125 01a0 E6EC1C47 		.word	1193077990
 126 01a4 50CD7A44 		.word	1148898640
 127 01a8 641ECE41 		.word	1104027236
 128 01ac B749173F 		.word	1058490807
 129 01b0 70BA563C 		.word	1012316784
 130 01b4 32DD8C39 		.word	965532978
 131 01b8 1320BA36 		.word	918167571
 132 01bc 87F2DE33 		.word	870249095
 133 01c0 4DC5FB30 		.word	821806413
 134 01c4 620A112E 		.word	772868706
 135 01c8 EB341F2B 		.word	723465451
 136 01cc 28B92628 		.word	673626408
 137 01d0 5D0C2825 		.word	623381597
 138 01d4 C5A42322 		.word	572761285
 139 01d8 7BF9191F 		.word	521795963
 140 01dc 6A820B1C 		.word	470516330
 141 01e0 3CB8F818 		.word	418953276
 142 01e4 4414E215 		.word	367137860
 143 01e8 6E10C812 		.word	315101294
 144 01ec 2B27AB0F 		.word	262874923
 145 01f0 5ED38B0C 		.word	210490206
 146 01f4 49906A09 		.word	157978697
 147 01f8 7CD94706 		.word	105372028
 148 01fc BF2A2403 		.word	52701887
 149              		.text
 150              	.Letext0:
 151              		.file 1 "c:\\program files (x86)\\gnu arm embedded toolchain\\10 2020-q2-preview\\arm-none-eabi\\i
 152              		.file 2 "c:\\program files (x86)\\gnu arm embedded toolchain\\10 2020-q2-preview\\arm-none-eabi\\i
 153              		.file 3 "Src/wavetables.c"
ARM GAS  F:\Temp\ccs0ygGk.s 			page 4


DEFINED SYMBOLS
                            *ABS*:00000000 wavetables.c
  F:\Temp\ccs0ygGk.s:20     .rodata.SineWave:00000000 SineWave
  F:\Temp\ccs0ygGk.s:17     .rodata.SineWave:00000000 $d

NO UNDEFINED SYMBOLS
